INFO - 2023-05-22 12:08:40 --> Session: Class initialized using 'CodeIgniter\Session\Handlers\FileHandler' driver.
INFO - 2023-05-22 12:08:46 --> Session: Class initialized using 'CodeIgniter\Session\Handlers\FileHandler' driver.
INFO - 2023-05-22 12:08:58 --> Session: Class initialized using 'CodeIgniter\Session\Handlers\FileHandler' driver.
INFO - 2023-05-22 12:08:58 --> Session: Class initialized using 'CodeIgniter\Session\Handlers\FileHandler' driver.
INFO - 2023-05-22 12:09:02 --> Session: Class initialized using 'CodeIgniter\Session\Handlers\FileHandler' driver.
INFO - 2023-05-22 12:11:31 --> Session: Class initialized using 'CodeIgniter\Session\Handlers\FileHandler' driver.
CRITICAL - 2023-05-22 12:11:31 --> Undefined variable: dataTreatment
in APPPATH\Views\home\Riwayat.php on line 25.
 1 APPPATH\Views\home\Riwayat.php(25): CodeIgniter\Debug\Exceptions->errorHandler(8, 'Undefined variable: dataTreatment', 'APPPATH\\Views\\home\\Riwayat.php', 25, [])
 2 SYSTEMPATH\View\View.php(213): include('APPPATH\\Views\\home\\Riwayat.php')
 3 SYSTEMPATH\View\View.php(216): CodeIgniter\View\View->CodeIgniter\View\{closure}()
 4 SYSTEMPATH\Common.php(1177): CodeIgniter\View\View->render('home/Riwayat', [], true)
 5 APPPATH\Controllers\Home.php(38): view('home/Riwayat')
 6 SYSTEMPATH\CodeIgniter.php(934): App\Controllers\Home->Riwayat()
 7 SYSTEMPATH\CodeIgniter.php(499): CodeIgniter\CodeIgniter->runController(Object(App\Controllers\Home))
 8 SYSTEMPATH\CodeIgniter.php(368): CodeIgniter\CodeIgniter->handleRequest(null, Object(Config\Cache), false)
 9 FCPATH\index.php(67): CodeIgniter\CodeIgniter->run()
10 SYSTEMPATH\Commands\Server\rewrite.php(47): require_once('FCPATH\\index.php')
INFO - 2023-05-22 12:20:58 --> Session: Class initialized using 'CodeIgniter\Session\Handlers\FileHandler' driver.
CRITICAL - 2023-05-22 12:20:58 --> Undefined variable: dataRiwayatReservasi
in APPPATH\Views\home\Riwayat.php on line 27.
 1 APPPATH\Views\home\Riwayat.php(27): CodeIgniter\Debug\Exceptions->errorHandler(8, 'Undefined variable: dataRiwayatReservasi', 'APPPATH\\Views\\home\\Riwayat.php', 27, [])
 2 SYSTEMPATH\View\View.php(213): include('APPPATH\\Views\\home\\Riwayat.php')
 3 SYSTEMPATH\View\View.php(216): CodeIgniter\View\View->CodeIgniter\View\{closure}()
 4 SYSTEMPATH\Common.php(1177): CodeIgniter\View\View->render('home/Riwayat', [], true)
 5 APPPATH\Controllers\Home.php(38): view('home/Riwayat')
 6 SYSTEMPATH\CodeIgniter.php(934): App\Controllers\Home->Riwayat()
 7 SYSTEMPATH\CodeIgniter.php(499): CodeIgniter\CodeIgniter->runController(Object(App\Controllers\Home))
 8 SYSTEMPATH\CodeIgniter.php(368): CodeIgniter\CodeIgniter->handleRequest(null, Object(Config\Cache), false)
 9 FCPATH\index.php(67): CodeIgniter\CodeIgniter->run()
10 SYSTEMPATH\Commands\Server\rewrite.php(47): require_once('FCPATH\\index.php')
INFO - 2023-05-22 12:25:10 --> Session: Class initialized using 'CodeIgniter\Session\Handlers\FileHandler' driver.
CRITICAL - 2023-05-22 12:25:10 --> Undefined variable: dataRiwayatReservasi
in APPPATH\Views\home\Riwayat.php on line 27.
 1 APPPATH\Views\home\Riwayat.php(27): CodeIgniter\Debug\Exceptions->errorHandler(8, 'Undefined variable: dataRiwayatReservasi', 'APPPATH\\Views\\home\\Riwayat.php', 27, [])
 2 SYSTEMPATH\View\View.php(213): include('APPPATH\\Views\\home\\Riwayat.php')
 3 SYSTEMPATH\View\View.php(216): CodeIgniter\View\View->CodeIgniter\View\{closure}()
 4 SYSTEMPATH\Common.php(1177): CodeIgniter\View\View->render('home/Riwayat', [], true)
 5 APPPATH\Controllers\Home.php(38): view('home/Riwayat')
 6 SYSTEMPATH\CodeIgniter.php(934): App\Controllers\Home->Riwayat()
 7 SYSTEMPATH\CodeIgniter.php(499): CodeIgniter\CodeIgniter->runController(Object(App\Controllers\Home))
 8 SYSTEMPATH\CodeIgniter.php(368): CodeIgniter\CodeIgniter->handleRequest(null, Object(Config\Cache), false)
 9 FCPATH\index.php(67): CodeIgniter\CodeIgniter->run()
10 SYSTEMPATH\Commands\Server\rewrite.php(47): require_once('FCPATH\\index.php')
INFO - 2023-05-22 12:28:48 --> Session: Class initialized using 'CodeIgniter\Session\Handlers\FileHandler' driver.
CRITICAL - 2023-05-22 12:28:48 --> Undefined variable: datariwayat
in APPPATH\Views\home\Riwayat.php on line 27.
 1 APPPATH\Views\home\Riwayat.php(27): CodeIgniter\Debug\Exceptions->errorHandler(8, 'Undefined variable: datariwayat', 'APPPATH\\Views\\home\\Riwayat.php', 27, [])
 2 SYSTEMPATH\View\View.php(213): include('APPPATH\\Views\\home\\Riwayat.php')
 3 SYSTEMPATH\View\View.php(216): CodeIgniter\View\View->CodeIgniter\View\{closure}()
 4 SYSTEMPATH\Common.php(1177): CodeIgniter\View\View->render('home/Riwayat', [], true)
 5 APPPATH\Controllers\Home.php(38): view('home/Riwayat')
 6 SYSTEMPATH\CodeIgniter.php(934): App\Controllers\Home->Riwayat()
 7 SYSTEMPATH\CodeIgniter.php(499): CodeIgniter\CodeIgniter->runController(Object(App\Controllers\Home))
 8 SYSTEMPATH\CodeIgniter.php(368): CodeIgniter\CodeIgniter->handleRequest(null, Object(Config\Cache), false)
 9 FCPATH\index.php(67): CodeIgniter\CodeIgniter->run()
10 SYSTEMPATH\Commands\Server\rewrite.php(47): require_once('FCPATH\\index.php')
INFO - 2023-05-22 12:31:54 --> Session: Class initialized using 'CodeIgniter\Session\Handlers\FileHandler' driver.
CRITICAL - 2023-05-22 12:31:54 --> Undefined variable: datareservasi
in APPPATH\Views\home\Riwayat.php on line 27.
 1 APPPATH\Views\home\Riwayat.php(27): CodeIgniter\Debug\Exceptions->errorHandler(8, 'Undefined variable: datareservasi', 'APPPATH\\Views\\home\\Riwayat.php', 27, [])
 2 SYSTEMPATH\View\View.php(213): include('APPPATH\\Views\\home\\Riwayat.php')
 3 SYSTEMPATH\View\View.php(216): CodeIgniter\View\View->CodeIgniter\View\{closure}()
 4 SYSTEMPATH\Common.php(1177): CodeIgniter\View\View->render('home/Riwayat', [], true)
 5 APPPATH\Controllers\Home.php(38): view('home/Riwayat')
 6 SYSTEMPATH\CodeIgniter.php(934): App\Controllers\Home->Riwayat()
 7 SYSTEMPATH\CodeIgniter.php(499): CodeIgniter\CodeIgniter->runController(Object(App\Controllers\Home))
 8 SYSTEMPATH\CodeIgniter.php(368): CodeIgniter\CodeIgniter->handleRequest(null, Object(Config\Cache), false)
 9 FCPATH\index.php(67): CodeIgniter\CodeIgniter->run()
10 SYSTEMPATH\Commands\Server\rewrite.php(47): require_once('FCPATH\\index.php')
