CRITICAL - 2023-02-24 10:22:28 --> Invalid file: "Facial.php"
in SYSTEMPATH\Exceptions\FrameworkException.php on line 33.
 1 SYSTEMPATH\View\View.php(201): CodeIgniter\Exceptions\FrameworkException::forInvalidFile('Facial.php')
 2 SYSTEMPATH\Common.php(1177): CodeIgniter\View\View->render('Facial', [], true)
 3 APPPATH\Controllers\Home.php(38): view('Facial')
 4 SYSTEMPATH\CodeIgniter.php(934): App\Controllers\Home->Facial()
 5 SYSTEMPATH\CodeIgniter.php(499): CodeIgniter\CodeIgniter->runController(Object(App\Controllers\Home))
 6 SYSTEMPATH\CodeIgniter.php(368): CodeIgniter\CodeIgniter->handleRequest(null, Object(Config\Cache), false)
 7 FCPATH\index.php(67): CodeIgniter\CodeIgniter->run()
 8 SYSTEMPATH\Commands\Server\rewrite.php(47): require_once('FCPATH\\index.php')
CRITICAL - 2023-02-24 10:24:05 --> Invalid file: "Reservasi/RFacialBasic.php"
in SYSTEMPATH\Exceptions\FrameworkException.php on line 33.
 1 SYSTEMPATH\View\View.php(201): CodeIgniter\Exceptions\FrameworkException::forInvalidFile('Reservasi/RFacialBasic.php')
 2 SYSTEMPATH\Common.php(1177): CodeIgniter\View\View->render('Reservasi/RFacialBasic', [], true)
 3 APPPATH\Controllers\Home.php(304): view('Reservasi/RFacialBasic')
 4 SYSTEMPATH\CodeIgniter.php(934): App\Controllers\Home->RFacialBasic()
 5 SYSTEMPATH\CodeIgniter.php(499): CodeIgniter\CodeIgniter->runController(Object(App\Controllers\Home))
 6 SYSTEMPATH\CodeIgniter.php(368): CodeIgniter\CodeIgniter->handleRequest(null, Object(Config\Cache), false)
 7 FCPATH\index.php(67): CodeIgniter\CodeIgniter->run()
 8 SYSTEMPATH\Commands\Server\rewrite.php(47): require_once('FCPATH\\index.php')
