CRITICAL - 2023-02-23 05:25:36 --> Call to undefined function form_open()
in APPPATH\Views\layout\register.php on line 11.
 1 SYSTEMPATH\View\View.php(213): include()
 2 SYSTEMPATH\View\View.php(216): CodeIgniter\View\View->CodeIgniter\View\{closure}()
 3 SYSTEMPATH\Common.php(1177): CodeIgniter\View\View->render('layout/register', [], true)
 4 APPPATH\Controllers\Home.php(94): view('layout/register')
 5 SYSTEMPATH\CodeIgniter.php(934): App\Controllers\Home->Register()
 6 SYSTEMPATH\CodeIgniter.php(499): CodeIgniter\CodeIgniter->runController(Object(App\Controllers\Home))
 7 SYSTEMPATH\CodeIgniter.php(368): CodeIgniter\CodeIgniter->handleRequest(null, Object(Config\Cache), false)
 8 FCPATH\index.php(67): CodeIgniter\CodeIgniter->run()
 9 SYSTEMPATH\Commands\Server\rewrite.php(47): require_once('FCPATH\\index.php')
CRITICAL - 2023-02-23 05:41:02 --> Call to undefined function form_open()
in APPPATH\Views\layout\register.php on line 11.
 1 SYSTEMPATH\View\View.php(213): include()
 2 SYSTEMPATH\View\View.php(216): CodeIgniter\View\View->CodeIgniter\View\{closure}()
 3 SYSTEMPATH\Common.php(1177): CodeIgniter\View\View->render('layout/register', [], true)
 4 APPPATH\Controllers\Home.php(94): view('layout/register')
 5 SYSTEMPATH\CodeIgniter.php(934): App\Controllers\Home->Register()
 6 SYSTEMPATH\CodeIgniter.php(499): CodeIgniter\CodeIgniter->runController(Object(App\Controllers\Home))
 7 SYSTEMPATH\CodeIgniter.php(368): CodeIgniter\CodeIgniter->handleRequest(null, Object(Config\Cache), false)
 8 FCPATH\index.php(67): CodeIgniter\CodeIgniter->run()
 9 SYSTEMPATH\Commands\Server\rewrite.php(47): require_once('FCPATH\\index.php')
CRITICAL - 2023-02-23 05:53:19 --> Call to undefined function form_open()
in APPPATH\Views\layout\register.php on line 11.
 1 SYSTEMPATH\View\View.php(213): include()
 2 SYSTEMPATH\View\View.php(216): CodeIgniter\View\View->CodeIgniter\View\{closure}()
 3 SYSTEMPATH\Common.php(1177): CodeIgniter\View\View->render('layout/register', [], true)
 4 APPPATH\Controllers\Home.php(94): view('layout/register')
 5 SYSTEMPATH\CodeIgniter.php(934): App\Controllers\Home->Register()
 6 SYSTEMPATH\CodeIgniter.php(499): CodeIgniter\CodeIgniter->runController(Object(App\Controllers\Home))
 7 SYSTEMPATH\CodeIgniter.php(368): CodeIgniter\CodeIgniter->handleRequest(null, Object(Config\Cache), false)
 8 FCPATH\index.php(67): CodeIgniter\CodeIgniter->run()
 9 SYSTEMPATH\Commands\Server\rewrite.php(47): require_once('FCPATH\\index.php')
CRITICAL - 2023-02-23 12:16:21 --> Invalid file: "Detail/CuciVitRambut.php"
in SYSTEMPATH\Exceptions\FrameworkException.php on line 33.
 1 SYSTEMPATH\View\View.php(201): CodeIgniter\Exceptions\FrameworkException::forInvalidFile('Detail/CuciVitRambut.php')
 2 SYSTEMPATH\Common.php(1177): CodeIgniter\View\View->render('Detail/CuciVitRambut', [], true)
 3 APPPATH\Controllers\Home.php(297): view('Detail/CuciVitRambut')
 4 SYSTEMPATH\CodeIgniter.php(934): App\Controllers\Home->CuciVitRambut()
 5 SYSTEMPATH\CodeIgniter.php(499): CodeIgniter\CodeIgniter->runController(Object(App\Controllers\Home))
 6 SYSTEMPATH\CodeIgniter.php(368): CodeIgniter\CodeIgniter->handleRequest(null, Object(Config\Cache), false)
 7 FCPATH\index.php(67): CodeIgniter\CodeIgniter->run()
 8 SYSTEMPATH\Commands\Server\rewrite.php(47): require_once('FCPATH\\index.php')
CRITICAL - 2023-02-23 12:17:02 --> Invalid file: "Detail/CuciVitRambut.php"
in SYSTEMPATH\Exceptions\FrameworkException.php on line 33.
 1 SYSTEMPATH\View\View.php(201): CodeIgniter\Exceptions\FrameworkException::forInvalidFile('Detail/CuciVitRambut.php')
 2 SYSTEMPATH\Common.php(1177): CodeIgniter\View\View->render('Detail/CuciVitRambut', [], true)
 3 APPPATH\Controllers\Home.php(297): view('Detail/CuciVitRambut')
 4 SYSTEMPATH\CodeIgniter.php(934): App\Controllers\Home->CuciVitRambut()
 5 SYSTEMPATH\CodeIgniter.php(499): CodeIgniter\CodeIgniter->runController(Object(App\Controllers\Home))
 6 SYSTEMPATH\CodeIgniter.php(368): CodeIgniter\CodeIgniter->handleRequest(null, Object(Config\Cache), false)
 7 FCPATH\index.php(67): CodeIgniter\CodeIgniter->run()
 8 SYSTEMPATH\Commands\Server\rewrite.php(47): require_once('FCPATH\\index.php')
CRITICAL - 2023-02-23 12:17:04 --> Invalid file: "Detail/CuciVitRambut.php"
in SYSTEMPATH\Exceptions\FrameworkException.php on line 33.
 1 SYSTEMPATH\View\View.php(201): CodeIgniter\Exceptions\FrameworkException::forInvalidFile('Detail/CuciVitRambut.php')
 2 SYSTEMPATH\Common.php(1177): CodeIgniter\View\View->render('Detail/CuciVitRambut', [], true)
 3 APPPATH\Controllers\Home.php(297): view('Detail/CuciVitRambut')
 4 SYSTEMPATH\CodeIgniter.php(934): App\Controllers\Home->CuciVitRambut()
 5 SYSTEMPATH\CodeIgniter.php(499): CodeIgniter\CodeIgniter->runController(Object(App\Controllers\Home))
 6 SYSTEMPATH\CodeIgniter.php(368): CodeIgniter\CodeIgniter->handleRequest(null, Object(Config\Cache), false)
 7 FCPATH\index.php(67): CodeIgniter\CodeIgniter->run()
 8 SYSTEMPATH\Commands\Server\rewrite.php(47): require_once('FCPATH\\index.php')
CRITICAL - 2023-02-23 12:17:05 --> Invalid file: "Detail/CuciVitRambut.php"
in SYSTEMPATH\Exceptions\FrameworkException.php on line 33.
 1 SYSTEMPATH\View\View.php(201): CodeIgniter\Exceptions\FrameworkException::forInvalidFile('Detail/CuciVitRambut.php')
 2 SYSTEMPATH\Common.php(1177): CodeIgniter\View\View->render('Detail/CuciVitRambut', [], true)
 3 APPPATH\Controllers\Home.php(297): view('Detail/CuciVitRambut')
 4 SYSTEMPATH\CodeIgniter.php(934): App\Controllers\Home->CuciVitRambut()
 5 SYSTEMPATH\CodeIgniter.php(499): CodeIgniter\CodeIgniter->runController(Object(App\Controllers\Home))
 6 SYSTEMPATH\CodeIgniter.php(368): CodeIgniter\CodeIgniter->handleRequest(null, Object(Config\Cache), false)
 7 FCPATH\index.php(67): CodeIgniter\CodeIgniter->run()
 8 SYSTEMPATH\Commands\Server\rewrite.php(47): require_once('FCPATH\\index.php')
CRITICAL - 2023-02-23 12:17:11 --> Invalid file: "Detail/CuciVitRambut.php"
in SYSTEMPATH\Exceptions\FrameworkException.php on line 33.
 1 SYSTEMPATH\View\View.php(201): CodeIgniter\Exceptions\FrameworkException::forInvalidFile('Detail/CuciVitRambut.php')
 2 SYSTEMPATH\Common.php(1177): CodeIgniter\View\View->render('Detail/CuciVitRambut', [], true)
 3 APPPATH\Controllers\Home.php(297): view('Detail/CuciVitRambut')
 4 SYSTEMPATH\CodeIgniter.php(934): App\Controllers\Home->CuciVitRambut()
 5 SYSTEMPATH\CodeIgniter.php(499): CodeIgniter\CodeIgniter->runController(Object(App\Controllers\Home))
 6 SYSTEMPATH\CodeIgniter.php(368): CodeIgniter\CodeIgniter->handleRequest(null, Object(Config\Cache), false)
 7 FCPATH\index.php(67): CodeIgniter\CodeIgniter->run()
 8 SYSTEMPATH\Commands\Server\rewrite.php(47): require_once('FCPATH\\index.php')
CRITICAL - 2023-02-23 12:18:09 --> Invalid file: "Detail/CuciVitRambut.php"
in SYSTEMPATH\Exceptions\FrameworkException.php on line 33.
 1 SYSTEMPATH\View\View.php(201): CodeIgniter\Exceptions\FrameworkException::forInvalidFile('Detail/CuciVitRambut.php')
 2 SYSTEMPATH\Common.php(1177): CodeIgniter\View\View->render('Detail/CuciVitRambut', [], true)
 3 APPPATH\Controllers\Home.php(297): view('Detail/CuciVitRambut')
 4 SYSTEMPATH\CodeIgniter.php(934): App\Controllers\Home->CuciVitRambut()
 5 SYSTEMPATH\CodeIgniter.php(499): CodeIgniter\CodeIgniter->runController(Object(App\Controllers\Home))
 6 SYSTEMPATH\CodeIgniter.php(368): CodeIgniter\CodeIgniter->handleRequest(null, Object(Config\Cache), false)
 7 FCPATH\index.php(67): CodeIgniter\CodeIgniter->run()
 8 SYSTEMPATH\Commands\Server\rewrite.php(47): require_once('FCPATH\\index.php')
CRITICAL - 2023-02-23 12:20:23 --> Invalid file: "Detail/CuciVitRambut.php"
in SYSTEMPATH\Exceptions\FrameworkException.php on line 33.
 1 SYSTEMPATH\View\View.php(201): CodeIgniter\Exceptions\FrameworkException::forInvalidFile('Detail/CuciVitRambut.php')
 2 SYSTEMPATH\Common.php(1177): CodeIgniter\View\View->render('Detail/CuciVitRambut', [], true)
 3 APPPATH\Controllers\Home.php(297): view('Detail/CuciVitRambut')
 4 SYSTEMPATH\CodeIgniter.php(934): App\Controllers\Home->CuciVitRambut()
 5 SYSTEMPATH\CodeIgniter.php(499): CodeIgniter\CodeIgniter->runController(Object(App\Controllers\Home))
 6 SYSTEMPATH\CodeIgniter.php(368): CodeIgniter\CodeIgniter->handleRequest(null, Object(Config\Cache), false)
 7 FCPATH\index.php(67): CodeIgniter\CodeIgniter->run()
 8 SYSTEMPATH\Commands\Server\rewrite.php(47): require_once('FCPATH\\index.php')
CRITICAL - 2023-02-23 12:21:14 --> Invalid file: "Detail/CuciVitRambut.php"
in SYSTEMPATH\Exceptions\FrameworkException.php on line 33.
 1 SYSTEMPATH\View\View.php(201): CodeIgniter\Exceptions\FrameworkException::forInvalidFile('Detail/CuciVitRambut.php')
 2 SYSTEMPATH\Common.php(1177): CodeIgniter\View\View->render('Detail/CuciVitRambut', [], true)
 3 APPPATH\Controllers\Home.php(297): view('Detail/CuciVitRambut')
 4 SYSTEMPATH\CodeIgniter.php(934): App\Controllers\Home->CuciVitRambut()
 5 SYSTEMPATH\CodeIgniter.php(499): CodeIgniter\CodeIgniter->runController(Object(App\Controllers\Home))
 6 SYSTEMPATH\CodeIgniter.php(368): CodeIgniter\CodeIgniter->handleRequest(null, Object(Config\Cache), false)
 7 FCPATH\index.php(67): CodeIgniter\CodeIgniter->run()
 8 SYSTEMPATH\Commands\Server\rewrite.php(47): require_once('FCPATH\\index.php')
CRITICAL - 2023-02-23 12:21:15 --> Invalid file: "Detail/CuciVitRambut.php"
in SYSTEMPATH\Exceptions\FrameworkException.php on line 33.
 1 SYSTEMPATH\View\View.php(201): CodeIgniter\Exceptions\FrameworkException::forInvalidFile('Detail/CuciVitRambut.php')
 2 SYSTEMPATH\Common.php(1177): CodeIgniter\View\View->render('Detail/CuciVitRambut', [], true)
 3 APPPATH\Controllers\Home.php(297): view('Detail/CuciVitRambut')
 4 SYSTEMPATH\CodeIgniter.php(934): App\Controllers\Home->CuciVitRambut()
 5 SYSTEMPATH\CodeIgniter.php(499): CodeIgniter\CodeIgniter->runController(Object(App\Controllers\Home))
 6 SYSTEMPATH\CodeIgniter.php(368): CodeIgniter\CodeIgniter->handleRequest(null, Object(Config\Cache), false)
 7 FCPATH\index.php(67): CodeIgniter\CodeIgniter->run()
 8 SYSTEMPATH\Commands\Server\rewrite.php(47): require_once('FCPATH\\index.php')
