ERROR - 2023-06-10 02:41:42 --> Error connecting to the database: mysqli_sql_exception: No connection could be made because the target machine actively refused it in D:\Coding\Garapan\klinik\system\Database\MySQLi\Connection.php:174
Stack trace:
#0 D:\Coding\Garapan\klinik\system\Database\MySQLi\Connection.php(174): mysqli->real_connect('localhost', 'root', '', 'klinik', 3306, '', 0)
#1 D:\Coding\Garapan\klinik\system\Database\BaseConnection.php(391): CodeIgniter\Database\MySQLi\Connection->connect(false)
#2 D:\Coding\Garapan\klinik\system\Database\BaseConnection.php(573): CodeIgniter\Database\BaseConnection->initialize()
#3 D:\Coding\Garapan\klinik\app\Models\TreatmentModel.php(47): CodeIgniter\Database\BaseConnection->query('SELECT DISTINCT...')
#4 D:\Coding\Garapan\klinik\app\Controllers\Home.php(15): App\Models\TreatmentModel->getJenisTreatment()
#5 D:\Coding\Garapan\klinik\system\CodeIgniter.php(906): App\Controllers\Home->__construct()
#6 D:\Coding\Garapan\klinik\system\CodeIgniter.php(490): CodeIgniter\CodeIgniter->createController()
#7 D:\Coding\Garapan\klinik\system\CodeIgniter.php(368): CodeIgniter\CodeIgniter->handleRequest(NULL, Object(Config\Cache), false)
#8 D:\Coding\Garapan\klinik\public\index.php(67): CodeIgniter\CodeIgniter->run()
#9 D:\Coding\Garapan\klinik\system\Commands\Server\rewrite.php(47): require_once('D:\\Coding\\Garap...')
#10 {main}

Next CodeIgniter\Database\Exceptions\DatabaseException: No connection could be made because the target machine actively refused it in D:\Coding\Garapan\klinik\system\Database\MySQLi\Connection.php:218
Stack trace:
#0 D:\Coding\Garapan\klinik\system\Database\BaseConnection.php(391): CodeIgniter\Database\MySQLi\Connection->connect(false)
#1 D:\Coding\Garapan\klinik\system\Database\BaseConnection.php(573): CodeIgniter\Database\BaseConnection->initialize()
#2 D:\Coding\Garapan\klinik\app\Models\TreatmentModel.php(47): CodeIgniter\Database\BaseConnection->query('SELECT DISTINCT...')
#3 D:\Coding\Garapan\klinik\app\Controllers\Home.php(15): App\Models\TreatmentModel->getJenisTreatment()
#4 D:\Coding\Garapan\klinik\system\CodeIgniter.php(906): App\Controllers\Home->__construct()
#5 D:\Coding\Garapan\klinik\system\CodeIgniter.php(490): CodeIgniter\CodeIgniter->createController()
#6 D:\Coding\Garapan\klinik\system\CodeIgniter.php(368): CodeIgniter\CodeIgniter->handleRequest(NULL, Object(Config\Cache), false)
#7 D:\Coding\Garapan\klinik\public\index.php(67): CodeIgniter\CodeIgniter->run()
#8 D:\Coding\Garapan\klinik\system\Commands\Server\rewrite.php(47): require_once('D:\\Coding\\Garap...')
#9 {main}
CRITICAL - 2023-06-10 02:41:42 --> Unable to connect to the database.
Main connection [MySQLi]: No connection could be made because the target machine actively refused it
in SYSTEMPATH\Database\BaseConnection.php on line 427.
 1 SYSTEMPATH\Database\BaseConnection.php(573): CodeIgniter\Database\BaseConnection->initialize()
 2 APPPATH\Models\TreatmentModel.php(47): CodeIgniter\Database\BaseConnection->query('SELECT DISTINCT jenis_treatment FROM treatment WHERE is_deleted IS NULL ORDER BY jenis_treatment ASC')
 3 APPPATH\Controllers\Home.php(15): App\Models\TreatmentModel->getJenisTreatment()
 4 SYSTEMPATH\CodeIgniter.php(906): App\Controllers\Home->__construct()
 5 SYSTEMPATH\CodeIgniter.php(490): CodeIgniter\CodeIgniter->createController()
 6 SYSTEMPATH\CodeIgniter.php(368): CodeIgniter\CodeIgniter->handleRequest(null, Object(Config\Cache), false)
 7 FCPATH\index.php(67): CodeIgniter\CodeIgniter->run()
 8 SYSTEMPATH\Commands\Server\rewrite.php(47): require_once('FCPATH\\index.php')
CRITICAL - 2023-06-10 02:47:37 --> You must set the database table to be used with your query.
in SYSTEMPATH\Database\BaseConnection.php on line 882.
 1 SYSTEMPATH\Model.php(641): CodeIgniter\Database\BaseConnection->table(null)
 2 SYSTEMPATH\Model.php(802): CodeIgniter\Model->builder()
 3 APPPATH\Models\SendMessageModel.php(19): CodeIgniter\Model->__get('cek')
 4 APPPATH\Controllers\Home.php(105): App\Models\SendMessageModel->getToken()
 5 SYSTEMPATH\CodeIgniter.php(934): App\Controllers\Home->Home()
 6 SYSTEMPATH\CodeIgniter.php(499): CodeIgniter\CodeIgniter->runController(Object(App\Controllers\Home))
 7 SYSTEMPATH\CodeIgniter.php(368): CodeIgniter\CodeIgniter->handleRequest(null, Object(Config\Cache), false)
 8 FCPATH\index.php(67): CodeIgniter\CodeIgniter->run()
 9 SYSTEMPATH\Commands\Server\rewrite.php(47): require_once('FCPATH\\index.php')
CRITICAL - 2023-06-10 02:47:38 --> You must set the database table to be used with your query.
in SYSTEMPATH\Database\BaseConnection.php on line 882.
 1 SYSTEMPATH\Model.php(641): CodeIgniter\Database\BaseConnection->table(null)
 2 SYSTEMPATH\Model.php(802): CodeIgniter\Model->builder()
 3 APPPATH\Models\SendMessageModel.php(19): CodeIgniter\Model->__get('cek')
 4 APPPATH\Controllers\Home.php(105): App\Models\SendMessageModel->getToken()
 5 SYSTEMPATH\CodeIgniter.php(934): App\Controllers\Home->Home()
 6 SYSTEMPATH\CodeIgniter.php(499): CodeIgniter\CodeIgniter->runController(Object(App\Controllers\Home))
 7 SYSTEMPATH\CodeIgniter.php(368): CodeIgniter\CodeIgniter->handleRequest(null, Object(Config\Cache), false)
 8 FCPATH\index.php(67): CodeIgniter\CodeIgniter->run()
 9 SYSTEMPATH\Commands\Server\rewrite.php(47): require_once('FCPATH\\index.php')
CRITICAL - 2023-06-10 02:47:39 --> You must set the database table to be used with your query.
in SYSTEMPATH\Database\BaseConnection.php on line 882.
 1 SYSTEMPATH\Model.php(641): CodeIgniter\Database\BaseConnection->table(null)
 2 SYSTEMPATH\Model.php(802): CodeIgniter\Model->builder()
 3 APPPATH\Models\SendMessageModel.php(19): CodeIgniter\Model->__get('cek')
 4 APPPATH\Controllers\Home.php(105): App\Models\SendMessageModel->getToken()
 5 SYSTEMPATH\CodeIgniter.php(934): App\Controllers\Home->Home()
 6 SYSTEMPATH\CodeIgniter.php(499): CodeIgniter\CodeIgniter->runController(Object(App\Controllers\Home))
 7 SYSTEMPATH\CodeIgniter.php(368): CodeIgniter\CodeIgniter->handleRequest(null, Object(Config\Cache), false)
 8 FCPATH\index.php(67): CodeIgniter\CodeIgniter->run()
 9 SYSTEMPATH\Commands\Server\rewrite.php(47): require_once('FCPATH\\index.php')
CRITICAL - 2023-06-10 02:47:56 --> You must set the database table to be used with your query.
in SYSTEMPATH\Database\BaseConnection.php on line 882.
 1 SYSTEMPATH\Model.php(641): CodeIgniter\Database\BaseConnection->table(null)
 2 SYSTEMPATH\Model.php(802): CodeIgniter\Model->builder()
 3 APPPATH\Models\SendMessageModel.php(19): CodeIgniter\Model->__get('cek')
 4 APPPATH\Controllers\Home.php(105): App\Models\SendMessageModel->getToken()
 5 SYSTEMPATH\CodeIgniter.php(934): App\Controllers\Home->Home()
 6 SYSTEMPATH\CodeIgniter.php(499): CodeIgniter\CodeIgniter->runController(Object(App\Controllers\Home))
 7 SYSTEMPATH\CodeIgniter.php(368): CodeIgniter\CodeIgniter->handleRequest(null, Object(Config\Cache), false)
 8 FCPATH\index.php(67): CodeIgniter\CodeIgniter->run()
 9 SYSTEMPATH\Commands\Server\rewrite.php(47): require_once('FCPATH\\index.php')
CRITICAL - 2023-06-10 02:47:56 --> You must set the database table to be used with your query.
in SYSTEMPATH\Database\BaseConnection.php on line 882.
 1 SYSTEMPATH\Model.php(641): CodeIgniter\Database\BaseConnection->table(null)
 2 SYSTEMPATH\Model.php(802): CodeIgniter\Model->builder()
 3 APPPATH\Models\SendMessageModel.php(19): CodeIgniter\Model->__get('cek')
 4 APPPATH\Controllers\Home.php(105): App\Models\SendMessageModel->getToken()
 5 SYSTEMPATH\CodeIgniter.php(934): App\Controllers\Home->Home()
 6 SYSTEMPATH\CodeIgniter.php(499): CodeIgniter\CodeIgniter->runController(Object(App\Controllers\Home))
 7 SYSTEMPATH\CodeIgniter.php(368): CodeIgniter\CodeIgniter->handleRequest(null, Object(Config\Cache), false)
 8 FCPATH\index.php(67): CodeIgniter\CodeIgniter->run()
 9 SYSTEMPATH\Commands\Server\rewrite.php(47): require_once('FCPATH\\index.php')
CRITICAL - 2023-06-10 02:47:57 --> You must set the database table to be used with your query.
in SYSTEMPATH\Database\BaseConnection.php on line 882.
 1 SYSTEMPATH\Model.php(641): CodeIgniter\Database\BaseConnection->table(null)
 2 SYSTEMPATH\Model.php(802): CodeIgniter\Model->builder()
 3 APPPATH\Models\SendMessageModel.php(19): CodeIgniter\Model->__get('cek')
 4 APPPATH\Controllers\Home.php(105): App\Models\SendMessageModel->getToken()
 5 SYSTEMPATH\CodeIgniter.php(934): App\Controllers\Home->Home()
 6 SYSTEMPATH\CodeIgniter.php(499): CodeIgniter\CodeIgniter->runController(Object(App\Controllers\Home))
 7 SYSTEMPATH\CodeIgniter.php(368): CodeIgniter\CodeIgniter->handleRequest(null, Object(Config\Cache), false)
 8 FCPATH\index.php(67): CodeIgniter\CodeIgniter->run()
 9 SYSTEMPATH\Commands\Server\rewrite.php(47): require_once('FCPATH\\index.php')
CRITICAL - 2023-06-10 02:47:57 --> You must set the database table to be used with your query.
in SYSTEMPATH\Database\BaseConnection.php on line 882.
 1 SYSTEMPATH\Model.php(641): CodeIgniter\Database\BaseConnection->table(null)
 2 SYSTEMPATH\Model.php(802): CodeIgniter\Model->builder()
 3 APPPATH\Models\SendMessageModel.php(19): CodeIgniter\Model->__get('cek')
 4 APPPATH\Controllers\Home.php(105): App\Models\SendMessageModel->getToken()
 5 SYSTEMPATH\CodeIgniter.php(934): App\Controllers\Home->Home()
 6 SYSTEMPATH\CodeIgniter.php(499): CodeIgniter\CodeIgniter->runController(Object(App\Controllers\Home))
 7 SYSTEMPATH\CodeIgniter.php(368): CodeIgniter\CodeIgniter->handleRequest(null, Object(Config\Cache), false)
 8 FCPATH\index.php(67): CodeIgniter\CodeIgniter->run()
 9 SYSTEMPATH\Commands\Server\rewrite.php(47): require_once('FCPATH\\index.php')
CRITICAL - 2023-06-10 02:47:57 --> You must set the database table to be used with your query.
in SYSTEMPATH\Database\BaseConnection.php on line 882.
 1 SYSTEMPATH\Model.php(641): CodeIgniter\Database\BaseConnection->table(null)
 2 SYSTEMPATH\Model.php(802): CodeIgniter\Model->builder()
 3 APPPATH\Models\SendMessageModel.php(19): CodeIgniter\Model->__get('cek')
 4 APPPATH\Controllers\Home.php(105): App\Models\SendMessageModel->getToken()
 5 SYSTEMPATH\CodeIgniter.php(934): App\Controllers\Home->Home()
 6 SYSTEMPATH\CodeIgniter.php(499): CodeIgniter\CodeIgniter->runController(Object(App\Controllers\Home))
 7 SYSTEMPATH\CodeIgniter.php(368): CodeIgniter\CodeIgniter->handleRequest(null, Object(Config\Cache), false)
 8 FCPATH\index.php(67): CodeIgniter\CodeIgniter->run()
 9 SYSTEMPATH\Commands\Server\rewrite.php(47): require_once('FCPATH\\index.php')
CRITICAL - 2023-06-10 02:47:57 --> You must set the database table to be used with your query.
in SYSTEMPATH\Database\BaseConnection.php on line 882.
 1 SYSTEMPATH\Model.php(641): CodeIgniter\Database\BaseConnection->table(null)
 2 SYSTEMPATH\Model.php(802): CodeIgniter\Model->builder()
 3 APPPATH\Models\SendMessageModel.php(19): CodeIgniter\Model->__get('cek')
 4 APPPATH\Controllers\Home.php(105): App\Models\SendMessageModel->getToken()
 5 SYSTEMPATH\CodeIgniter.php(934): App\Controllers\Home->Home()
 6 SYSTEMPATH\CodeIgniter.php(499): CodeIgniter\CodeIgniter->runController(Object(App\Controllers\Home))
 7 SYSTEMPATH\CodeIgniter.php(368): CodeIgniter\CodeIgniter->handleRequest(null, Object(Config\Cache), false)
 8 FCPATH\index.php(67): CodeIgniter\CodeIgniter->run()
 9 SYSTEMPATH\Commands\Server\rewrite.php(47): require_once('FCPATH\\index.php')
CRITICAL - 2023-06-10 02:47:58 --> You must set the database table to be used with your query.
in SYSTEMPATH\Database\BaseConnection.php on line 882.
 1 SYSTEMPATH\Model.php(641): CodeIgniter\Database\BaseConnection->table(null)
 2 SYSTEMPATH\Model.php(802): CodeIgniter\Model->builder()
 3 APPPATH\Models\SendMessageModel.php(19): CodeIgniter\Model->__get('cek')
 4 APPPATH\Controllers\Home.php(105): App\Models\SendMessageModel->getToken()
 5 SYSTEMPATH\CodeIgniter.php(934): App\Controllers\Home->Home()
 6 SYSTEMPATH\CodeIgniter.php(499): CodeIgniter\CodeIgniter->runController(Object(App\Controllers\Home))
 7 SYSTEMPATH\CodeIgniter.php(368): CodeIgniter\CodeIgniter->handleRequest(null, Object(Config\Cache), false)
 8 FCPATH\index.php(67): CodeIgniter\CodeIgniter->run()
 9 SYSTEMPATH\Commands\Server\rewrite.php(47): require_once('FCPATH\\index.php')
CRITICAL - 2023-06-10 02:47:58 --> You must set the database table to be used with your query.
in SYSTEMPATH\Database\BaseConnection.php on line 882.
 1 SYSTEMPATH\Model.php(641): CodeIgniter\Database\BaseConnection->table(null)
 2 SYSTEMPATH\Model.php(802): CodeIgniter\Model->builder()
 3 APPPATH\Models\SendMessageModel.php(19): CodeIgniter\Model->__get('cek')
 4 APPPATH\Controllers\Home.php(105): App\Models\SendMessageModel->getToken()
 5 SYSTEMPATH\CodeIgniter.php(934): App\Controllers\Home->Home()
 6 SYSTEMPATH\CodeIgniter.php(499): CodeIgniter\CodeIgniter->runController(Object(App\Controllers\Home))
 7 SYSTEMPATH\CodeIgniter.php(368): CodeIgniter\CodeIgniter->handleRequest(null, Object(Config\Cache), false)
 8 FCPATH\index.php(67): CodeIgniter\CodeIgniter->run()
 9 SYSTEMPATH\Commands\Server\rewrite.php(47): require_once('FCPATH\\index.php')
CRITICAL - 2023-06-10 02:47:58 --> You must set the database table to be used with your query.
in SYSTEMPATH\Database\BaseConnection.php on line 882.
 1 SYSTEMPATH\Model.php(641): CodeIgniter\Database\BaseConnection->table(null)
 2 SYSTEMPATH\Model.php(802): CodeIgniter\Model->builder()
 3 APPPATH\Models\SendMessageModel.php(19): CodeIgniter\Model->__get('cek')
 4 APPPATH\Controllers\Home.php(105): App\Models\SendMessageModel->getToken()
 5 SYSTEMPATH\CodeIgniter.php(934): App\Controllers\Home->Home()
 6 SYSTEMPATH\CodeIgniter.php(499): CodeIgniter\CodeIgniter->runController(Object(App\Controllers\Home))
 7 SYSTEMPATH\CodeIgniter.php(368): CodeIgniter\CodeIgniter->handleRequest(null, Object(Config\Cache), false)
 8 FCPATH\index.php(67): CodeIgniter\CodeIgniter->run()
 9 SYSTEMPATH\Commands\Server\rewrite.php(47): require_once('FCPATH\\index.php')
CRITICAL - 2023-06-10 02:47:58 --> You must set the database table to be used with your query.
in SYSTEMPATH\Database\BaseConnection.php on line 882.
 1 SYSTEMPATH\Model.php(641): CodeIgniter\Database\BaseConnection->table(null)
 2 SYSTEMPATH\Model.php(802): CodeIgniter\Model->builder()
 3 APPPATH\Models\SendMessageModel.php(19): CodeIgniter\Model->__get('cek')
 4 APPPATH\Controllers\Home.php(105): App\Models\SendMessageModel->getToken()
 5 SYSTEMPATH\CodeIgniter.php(934): App\Controllers\Home->Home()
 6 SYSTEMPATH\CodeIgniter.php(499): CodeIgniter\CodeIgniter->runController(Object(App\Controllers\Home))
 7 SYSTEMPATH\CodeIgniter.php(368): CodeIgniter\CodeIgniter->handleRequest(null, Object(Config\Cache), false)
 8 FCPATH\index.php(67): CodeIgniter\CodeIgniter->run()
 9 SYSTEMPATH\Commands\Server\rewrite.php(47): require_once('FCPATH\\index.php')
CRITICAL - 2023-06-10 02:47:58 --> You must set the database table to be used with your query.
in SYSTEMPATH\Database\BaseConnection.php on line 882.
 1 SYSTEMPATH\Model.php(641): CodeIgniter\Database\BaseConnection->table(null)
 2 SYSTEMPATH\Model.php(802): CodeIgniter\Model->builder()
 3 APPPATH\Models\SendMessageModel.php(19): CodeIgniter\Model->__get('cek')
 4 APPPATH\Controllers\Home.php(105): App\Models\SendMessageModel->getToken()
 5 SYSTEMPATH\CodeIgniter.php(934): App\Controllers\Home->Home()
 6 SYSTEMPATH\CodeIgniter.php(499): CodeIgniter\CodeIgniter->runController(Object(App\Controllers\Home))
 7 SYSTEMPATH\CodeIgniter.php(368): CodeIgniter\CodeIgniter->handleRequest(null, Object(Config\Cache), false)
 8 FCPATH\index.php(67): CodeIgniter\CodeIgniter->run()
 9 SYSTEMPATH\Commands\Server\rewrite.php(47): require_once('FCPATH\\index.php')
CRITICAL - 2023-06-10 02:47:58 --> You must set the database table to be used with your query.
in SYSTEMPATH\Database\BaseConnection.php on line 882.
 1 SYSTEMPATH\Model.php(641): CodeIgniter\Database\BaseConnection->table(null)
 2 SYSTEMPATH\Model.php(802): CodeIgniter\Model->builder()
 3 APPPATH\Models\SendMessageModel.php(19): CodeIgniter\Model->__get('cek')
 4 APPPATH\Controllers\Home.php(105): App\Models\SendMessageModel->getToken()
 5 SYSTEMPATH\CodeIgniter.php(934): App\Controllers\Home->Home()
 6 SYSTEMPATH\CodeIgniter.php(499): CodeIgniter\CodeIgniter->runController(Object(App\Controllers\Home))
 7 SYSTEMPATH\CodeIgniter.php(368): CodeIgniter\CodeIgniter->handleRequest(null, Object(Config\Cache), false)
 8 FCPATH\index.php(67): CodeIgniter\CodeIgniter->run()
 9 SYSTEMPATH\Commands\Server\rewrite.php(47): require_once('FCPATH\\index.php')
CRITICAL - 2023-06-10 02:47:59 --> You must set the database table to be used with your query.
in SYSTEMPATH\Database\BaseConnection.php on line 882.
 1 SYSTEMPATH\Model.php(641): CodeIgniter\Database\BaseConnection->table(null)
 2 SYSTEMPATH\Model.php(802): CodeIgniter\Model->builder()
 3 APPPATH\Models\SendMessageModel.php(19): CodeIgniter\Model->__get('cek')
 4 APPPATH\Controllers\Home.php(105): App\Models\SendMessageModel->getToken()
 5 SYSTEMPATH\CodeIgniter.php(934): App\Controllers\Home->Home()
 6 SYSTEMPATH\CodeIgniter.php(499): CodeIgniter\CodeIgniter->runController(Object(App\Controllers\Home))
 7 SYSTEMPATH\CodeIgniter.php(368): CodeIgniter\CodeIgniter->handleRequest(null, Object(Config\Cache), false)
 8 FCPATH\index.php(67): CodeIgniter\CodeIgniter->run()
 9 SYSTEMPATH\Commands\Server\rewrite.php(47): require_once('FCPATH\\index.php')
CRITICAL - 2023-06-10 02:47:59 --> You must set the database table to be used with your query.
in SYSTEMPATH\Database\BaseConnection.php on line 882.
 1 SYSTEMPATH\Model.php(641): CodeIgniter\Database\BaseConnection->table(null)
 2 SYSTEMPATH\Model.php(802): CodeIgniter\Model->builder()
 3 APPPATH\Models\SendMessageModel.php(19): CodeIgniter\Model->__get('cek')
 4 APPPATH\Controllers\Home.php(105): App\Models\SendMessageModel->getToken()
 5 SYSTEMPATH\CodeIgniter.php(934): App\Controllers\Home->Home()
 6 SYSTEMPATH\CodeIgniter.php(499): CodeIgniter\CodeIgniter->runController(Object(App\Controllers\Home))
 7 SYSTEMPATH\CodeIgniter.php(368): CodeIgniter\CodeIgniter->handleRequest(null, Object(Config\Cache), false)
 8 FCPATH\index.php(67): CodeIgniter\CodeIgniter->run()
 9 SYSTEMPATH\Commands\Server\rewrite.php(47): require_once('FCPATH\\index.php')
CRITICAL - 2023-06-10 02:47:59 --> You must set the database table to be used with your query.
in SYSTEMPATH\Database\BaseConnection.php on line 882.
 1 SYSTEMPATH\Model.php(641): CodeIgniter\Database\BaseConnection->table(null)
 2 SYSTEMPATH\Model.php(802): CodeIgniter\Model->builder()
 3 APPPATH\Models\SendMessageModel.php(19): CodeIgniter\Model->__get('cek')
 4 APPPATH\Controllers\Home.php(105): App\Models\SendMessageModel->getToken()
 5 SYSTEMPATH\CodeIgniter.php(934): App\Controllers\Home->Home()
 6 SYSTEMPATH\CodeIgniter.php(499): CodeIgniter\CodeIgniter->runController(Object(App\Controllers\Home))
 7 SYSTEMPATH\CodeIgniter.php(368): CodeIgniter\CodeIgniter->handleRequest(null, Object(Config\Cache), false)
 8 FCPATH\index.php(67): CodeIgniter\CodeIgniter->run()
 9 SYSTEMPATH\Commands\Server\rewrite.php(47): require_once('FCPATH\\index.php')
CRITICAL - 2023-06-10 02:47:59 --> You must set the database table to be used with your query.
in SYSTEMPATH\Database\BaseConnection.php on line 882.
 1 SYSTEMPATH\Model.php(641): CodeIgniter\Database\BaseConnection->table(null)
 2 SYSTEMPATH\Model.php(802): CodeIgniter\Model->builder()
 3 APPPATH\Models\SendMessageModel.php(19): CodeIgniter\Model->__get('cek')
 4 APPPATH\Controllers\Home.php(105): App\Models\SendMessageModel->getToken()
 5 SYSTEMPATH\CodeIgniter.php(934): App\Controllers\Home->Home()
 6 SYSTEMPATH\CodeIgniter.php(499): CodeIgniter\CodeIgniter->runController(Object(App\Controllers\Home))
 7 SYSTEMPATH\CodeIgniter.php(368): CodeIgniter\CodeIgniter->handleRequest(null, Object(Config\Cache), false)
 8 FCPATH\index.php(67): CodeIgniter\CodeIgniter->run()
 9 SYSTEMPATH\Commands\Server\rewrite.php(47): require_once('FCPATH\\index.php')
CRITICAL - 2023-06-10 02:47:59 --> You must set the database table to be used with your query.
in SYSTEMPATH\Database\BaseConnection.php on line 882.
 1 SYSTEMPATH\Model.php(641): CodeIgniter\Database\BaseConnection->table(null)
 2 SYSTEMPATH\Model.php(802): CodeIgniter\Model->builder()
 3 APPPATH\Models\SendMessageModel.php(19): CodeIgniter\Model->__get('cek')
 4 APPPATH\Controllers\Home.php(105): App\Models\SendMessageModel->getToken()
 5 SYSTEMPATH\CodeIgniter.php(934): App\Controllers\Home->Home()
 6 SYSTEMPATH\CodeIgniter.php(499): CodeIgniter\CodeIgniter->runController(Object(App\Controllers\Home))
 7 SYSTEMPATH\CodeIgniter.php(368): CodeIgniter\CodeIgniter->handleRequest(null, Object(Config\Cache), false)
 8 FCPATH\index.php(67): CodeIgniter\CodeIgniter->run()
 9 SYSTEMPATH\Commands\Server\rewrite.php(47): require_once('FCPATH\\index.php')
CRITICAL - 2023-06-10 03:10:08 --> syntax error, unexpected token "}"
in APPPATH\Controllers\Reservasi.php on line 31.
 1 SYSTEMPATH\Autoloader\Autoloader.php(289): CodeIgniter\Autoloader\Autoloader->includeFile('APPPATH\\Controllers\\Reservasi.php')
 2 SYSTEMPATH\Autoloader\Autoloader.php(267): CodeIgniter\Autoloader\Autoloader->loadInNamespace('App\\Controllers\\Reservasi')
 3 [internal function]: CodeIgniter\Autoloader\Autoloader->loadClass('App\\Controllers\\Reservasi')
 4 SYSTEMPATH\CodeIgniter.php(892): class_exists('\\App\\Controllers\\Reservasi', true)
 5 SYSTEMPATH\CodeIgniter.php(486): CodeIgniter\CodeIgniter->startController()
 6 SYSTEMPATH\CodeIgniter.php(368): CodeIgniter\CodeIgniter->handleRequest(null, Object(Config\Cache), false)
 7 FCPATH\index.php(67): CodeIgniter\CodeIgniter->run()
 8 SYSTEMPATH\Commands\Server\rewrite.php(47): require_once('FCPATH\\index.php')
CRITICAL - 2023-06-10 03:10:09 --> syntax error, unexpected token "}"
in APPPATH\Controllers\Reservasi.php on line 31.
 1 SYSTEMPATH\Autoloader\Autoloader.php(289): CodeIgniter\Autoloader\Autoloader->includeFile('APPPATH\\Controllers\\Reservasi.php')
 2 SYSTEMPATH\Autoloader\Autoloader.php(267): CodeIgniter\Autoloader\Autoloader->loadInNamespace('App\\Controllers\\Reservasi')
 3 [internal function]: CodeIgniter\Autoloader\Autoloader->loadClass('App\\Controllers\\Reservasi')
 4 SYSTEMPATH\CodeIgniter.php(892): class_exists('\\App\\Controllers\\Reservasi', true)
 5 SYSTEMPATH\CodeIgniter.php(486): CodeIgniter\CodeIgniter->startController()
 6 SYSTEMPATH\CodeIgniter.php(368): CodeIgniter\CodeIgniter->handleRequest(null, Object(Config\Cache), false)
 7 FCPATH\index.php(67): CodeIgniter\CodeIgniter->run()
 8 SYSTEMPATH\Commands\Server\rewrite.php(47): require_once('FCPATH\\index.php')
CRITICAL - 2023-06-10 03:14:51 --> You must set the database table to be used with your query.
in SYSTEMPATH\Database\BaseConnection.php on line 882.
 1 SYSTEMPATH\Model.php(641): CodeIgniter\Database\BaseConnection->table(null)
 2 SYSTEMPATH\Model.php(187): CodeIgniter\Model->builder()
 3 SYSTEMPATH\BaseModel.php(557): CodeIgniter\Model->doFind(true, '16')
 4 APPPATH\Controllers\Reservasi.php(32): CodeIgniter\BaseModel->find('16')
 5 SYSTEMPATH\CodeIgniter.php(934): App\Controllers\Reservasi->batal('16')
 6 SYSTEMPATH\CodeIgniter.php(499): CodeIgniter\CodeIgniter->runController(Object(App\Controllers\Reservasi))
 7 SYSTEMPATH\CodeIgniter.php(368): CodeIgniter\CodeIgniter->handleRequest(null, Object(Config\Cache), false)
 8 FCPATH\index.php(67): CodeIgniter\CodeIgniter->run()
 9 SYSTEMPATH\Commands\Server\rewrite.php(47): require_once('FCPATH\\index.php')
CRITICAL - 2023-06-10 03:19:40 --> Call to undefined method App\Models\ReservasiModel::getDataWithUser
in SYSTEMPATH\Model.php on line 841.
 1 APPPATH\Controllers\Reservasi.php(32): CodeIgniter\Model->__call('getDataWithUser', [...])
 2 SYSTEMPATH\CodeIgniter.php(934): App\Controllers\Reservasi->batal('16')
 3 SYSTEMPATH\CodeIgniter.php(499): CodeIgniter\CodeIgniter->runController(Object(App\Controllers\Reservasi))
 4 SYSTEMPATH\CodeIgniter.php(368): CodeIgniter\CodeIgniter->handleRequest(null, Object(Config\Cache), false)
 5 FCPATH\index.php(67): CodeIgniter\CodeIgniter->run()
 6 SYSTEMPATH\Commands\Server\rewrite.php(47): require_once('FCPATH\\index.php')
CRITICAL - 2023-06-10 03:19:42 --> Call to undefined method App\Models\ReservasiModel::getDataWithUser
in SYSTEMPATH\Model.php on line 841.
 1 APPPATH\Controllers\Reservasi.php(32): CodeIgniter\Model->__call('getDataWithUser', [...])
 2 SYSTEMPATH\CodeIgniter.php(934): App\Controllers\Reservasi->batal('16')
 3 SYSTEMPATH\CodeIgniter.php(499): CodeIgniter\CodeIgniter->runController(Object(App\Controllers\Reservasi))
 4 SYSTEMPATH\CodeIgniter.php(368): CodeIgniter\CodeIgniter->handleRequest(null, Object(Config\Cache), false)
 5 FCPATH\index.php(67): CodeIgniter\CodeIgniter->run()
 6 SYSTEMPATH\Commands\Server\rewrite.php(47): require_once('FCPATH\\index.php')
CRITICAL - 2023-06-10 03:19:55 --> Undefined array key "id_user"
in APPPATH\Controllers\Reservasi.php on line 33.
 1 APPPATH\Controllers\Reservasi.php(33): CodeIgniter\Debug\Exceptions->errorHandler(2, 'Undefined array key "id_user"', 'APPPATH\\Controllers\\Reservasi.php', 33)
 2 SYSTEMPATH\CodeIgniter.php(934): App\Controllers\Reservasi->batal('16')
 3 SYSTEMPATH\CodeIgniter.php(499): CodeIgniter\CodeIgniter->runController(Object(App\Controllers\Reservasi))
 4 SYSTEMPATH\CodeIgniter.php(368): CodeIgniter\CodeIgniter->handleRequest(null, Object(Config\Cache), false)
 5 FCPATH\index.php(67): CodeIgniter\CodeIgniter->run()
 6 SYSTEMPATH\Commands\Server\rewrite.php(47): require_once('FCPATH\\index.php')
CRITICAL - 2023-06-10 03:19:56 --> Undefined array key "id_user"
in APPPATH\Controllers\Reservasi.php on line 33.
 1 APPPATH\Controllers\Reservasi.php(33): CodeIgniter\Debug\Exceptions->errorHandler(2, 'Undefined array key "id_user"', 'APPPATH\\Controllers\\Reservasi.php', 33)
 2 SYSTEMPATH\CodeIgniter.php(934): App\Controllers\Reservasi->batal('16')
 3 SYSTEMPATH\CodeIgniter.php(499): CodeIgniter\CodeIgniter->runController(Object(App\Controllers\Reservasi))
 4 SYSTEMPATH\CodeIgniter.php(368): CodeIgniter\CodeIgniter->handleRequest(null, Object(Config\Cache), false)
 5 FCPATH\index.php(67): CodeIgniter\CodeIgniter->run()
 6 SYSTEMPATH\Commands\Server\rewrite.php(47): require_once('FCPATH\\index.php')
CRITICAL - 2023-06-10 03:28:57 --> Array to string conversion
in APPPATH\Models\SendMessageModel.php on line 44.
 1 APPPATH\Models\SendMessageModel.php(44): CodeIgniter\Debug\Exceptions->errorHandler(2, 'Array to string conversion', 'APPPATH\\Models\\SendMessageModel.php', 44)
 2 APPPATH\Controllers\Reservasi.php(35): App\Models\SendMessageModel->kirimPesan('082245874096', 'Halo c,%0aMaaf reservasi anda *Facial Terbaru* telah dibatalkan oleh Admin%0aMohon maaf atas ketidaknyamanannya.%0aTerima kasih.')
 3 SYSTEMPATH\CodeIgniter.php(934): App\Controllers\Reservasi->batal('22')
 4 SYSTEMPATH\CodeIgniter.php(499): CodeIgniter\CodeIgniter->runController(Object(App\Controllers\Reservasi))
 5 SYSTEMPATH\CodeIgniter.php(368): CodeIgniter\CodeIgniter->handleRequest(null, Object(Config\Cache), false)
 6 FCPATH\index.php(67): CodeIgniter\CodeIgniter->run()
 7 SYSTEMPATH\Commands\Server\rewrite.php(47): require_once('FCPATH\\index.php')
CRITICAL - 2023-06-10 03:29:13 --> Array to string conversion
in APPPATH\Models\SendMessageModel.php on line 44.
 1 APPPATH\Models\SendMessageModel.php(44): CodeIgniter\Debug\Exceptions->errorHandler(2, 'Array to string conversion', 'APPPATH\\Models\\SendMessageModel.php', 44)
 2 APPPATH\Controllers\Reservasi.php(35): App\Models\SendMessageModel->kirimPesan('082245874096', 'Halo c,%0aMaaf reservasi anda *Facial Terbaru* telah dibatalkan oleh Admin%0aMohon maaf atas ketidaknyamanannya.%0aTerima kasih.')
 3 SYSTEMPATH\CodeIgniter.php(934): App\Controllers\Reservasi->batal('22')
 4 SYSTEMPATH\CodeIgniter.php(499): CodeIgniter\CodeIgniter->runController(Object(App\Controllers\Reservasi))
 5 SYSTEMPATH\CodeIgniter.php(368): CodeIgniter\CodeIgniter->handleRequest(null, Object(Config\Cache), false)
 6 FCPATH\index.php(67): CodeIgniter\CodeIgniter->run()
 7 SYSTEMPATH\Commands\Server\rewrite.php(47): require_once('FCPATH\\index.php')
CRITICAL - 2023-06-10 03:29:14 --> Array to string conversion
in APPPATH\Models\SendMessageModel.php on line 44.
 1 APPPATH\Models\SendMessageModel.php(44): CodeIgniter\Debug\Exceptions->errorHandler(2, 'Array to string conversion', 'APPPATH\\Models\\SendMessageModel.php', 44)
 2 APPPATH\Controllers\Reservasi.php(35): App\Models\SendMessageModel->kirimPesan('082245874096', 'Halo c,%0aMaaf reservasi anda *Facial Terbaru* telah dibatalkan oleh Admin%0aMohon maaf atas ketidaknyamanannya.%0aTerima kasih.')
 3 SYSTEMPATH\CodeIgniter.php(934): App\Controllers\Reservasi->batal('22')
 4 SYSTEMPATH\CodeIgniter.php(499): CodeIgniter\CodeIgniter->runController(Object(App\Controllers\Reservasi))
 5 SYSTEMPATH\CodeIgniter.php(368): CodeIgniter\CodeIgniter->handleRequest(null, Object(Config\Cache), false)
 6 FCPATH\index.php(67): CodeIgniter\CodeIgniter->run()
 7 SYSTEMPATH\Commands\Server\rewrite.php(47): require_once('FCPATH\\index.php')
CRITICAL - 2023-06-10 03:29:14 --> Array to string conversion
in APPPATH\Models\SendMessageModel.php on line 44.
 1 APPPATH\Models\SendMessageModel.php(44): CodeIgniter\Debug\Exceptions->errorHandler(2, 'Array to string conversion', 'APPPATH\\Models\\SendMessageModel.php', 44)
 2 APPPATH\Controllers\Reservasi.php(35): App\Models\SendMessageModel->kirimPesan('082245874096', 'Halo c,%0aMaaf reservasi anda *Facial Terbaru* telah dibatalkan oleh Admin%0aMohon maaf atas ketidaknyamanannya.%0aTerima kasih.')
 3 SYSTEMPATH\CodeIgniter.php(934): App\Controllers\Reservasi->batal('22')
 4 SYSTEMPATH\CodeIgniter.php(499): CodeIgniter\CodeIgniter->runController(Object(App\Controllers\Reservasi))
 5 SYSTEMPATH\CodeIgniter.php(368): CodeIgniter\CodeIgniter->handleRequest(null, Object(Config\Cache), false)
 6 FCPATH\index.php(67): CodeIgniter\CodeIgniter->run()
 7 SYSTEMPATH\Commands\Server\rewrite.php(47): require_once('FCPATH\\index.php')
CRITICAL - 2023-06-10 03:29:15 --> Array to string conversion
in APPPATH\Models\SendMessageModel.php on line 44.
 1 APPPATH\Models\SendMessageModel.php(44): CodeIgniter\Debug\Exceptions->errorHandler(2, 'Array to string conversion', 'APPPATH\\Models\\SendMessageModel.php', 44)
 2 APPPATH\Controllers\Reservasi.php(35): App\Models\SendMessageModel->kirimPesan('082245874096', 'Halo c,%0aMaaf reservasi anda *Facial Terbaru* telah dibatalkan oleh Admin%0aMohon maaf atas ketidaknyamanannya.%0aTerima kasih.')
 3 SYSTEMPATH\CodeIgniter.php(934): App\Controllers\Reservasi->batal('22')
 4 SYSTEMPATH\CodeIgniter.php(499): CodeIgniter\CodeIgniter->runController(Object(App\Controllers\Reservasi))
 5 SYSTEMPATH\CodeIgniter.php(368): CodeIgniter\CodeIgniter->handleRequest(null, Object(Config\Cache), false)
 6 FCPATH\index.php(67): CodeIgniter\CodeIgniter->run()
 7 SYSTEMPATH\Commands\Server\rewrite.php(47): require_once('FCPATH\\index.php')
CRITICAL - 2023-06-10 03:38:26 --> Cannot access offset of type string on string
in APPPATH\Controllers\Reservasi.php on line 36.
 1 SYSTEMPATH\CodeIgniter.php(934): App\Controllers\Reservasi->batal('22')
 2 SYSTEMPATH\CodeIgniter.php(499): CodeIgniter\CodeIgniter->runController(Object(App\Controllers\Reservasi))
 3 SYSTEMPATH\CodeIgniter.php(368): CodeIgniter\CodeIgniter->handleRequest(null, Object(Config\Cache), false)
 4 FCPATH\index.php(67): CodeIgniter\CodeIgniter->run()
 5 SYSTEMPATH\Commands\Server\rewrite.php(47): require_once('FCPATH\\index.php')
CRITICAL - 2023-06-10 03:46:35 --> Undefined property: stdClass::$success
in APPPATH\Controllers\Reservasi.php on line 38.
 1 APPPATH\Controllers\Reservasi.php(38): CodeIgniter\Debug\Exceptions->errorHandler(2, 'Undefined property: stdClass::$success', 'APPPATH\\Controllers\\Reservasi.php', 38)
 2 SYSTEMPATH\CodeIgniter.php(934): App\Controllers\Reservasi->batal('22')
 3 SYSTEMPATH\CodeIgniter.php(499): CodeIgniter\CodeIgniter->runController(Object(App\Controllers\Reservasi))
 4 SYSTEMPATH\CodeIgniter.php(368): CodeIgniter\CodeIgniter->handleRequest(null, Object(Config\Cache), false)
 5 FCPATH\index.php(67): CodeIgniter\CodeIgniter->run()
 6 SYSTEMPATH\Commands\Server\rewrite.php(47): require_once('FCPATH\\index.php')
CRITICAL - 2023-06-10 03:46:58 --> Call to undefined method App\Models\ReservasiModel::updateReservasi
in SYSTEMPATH\Model.php on line 841.
 1 APPPATH\Controllers\Reservasi.php(46): CodeIgniter\Model->__call('updateReservasi', [...])
 2 SYSTEMPATH\CodeIgniter.php(934): App\Controllers\Reservasi->batal('22')
 3 SYSTEMPATH\CodeIgniter.php(499): CodeIgniter\CodeIgniter->runController(Object(App\Controllers\Reservasi))
 4 SYSTEMPATH\CodeIgniter.php(368): CodeIgniter\CodeIgniter->handleRequest(null, Object(Config\Cache), false)
 5 FCPATH\index.php(67): CodeIgniter\CodeIgniter->run()
 6 SYSTEMPATH\Commands\Server\rewrite.php(47): require_once('FCPATH\\index.php')
CRITICAL - 2023-06-10 03:50:16 --> Undefined property: App\Controllers\Reservasi::$reservasiModel
in APPPATH\Controllers\Reservasi.php on line 32.
 1 APPPATH\Controllers\Reservasi.php(32): CodeIgniter\Debug\Exceptions->errorHandler(2, 'Undefined property: App\\Controllers\\Reservasi::$reservasiModel', 'APPPATH\\Controllers\\Reservasi.php', 32)
 2 SYSTEMPATH\CodeIgniter.php(934): App\Controllers\Reservasi->edit('21')
 3 SYSTEMPATH\CodeIgniter.php(499): CodeIgniter\CodeIgniter->runController(Object(App\Controllers\Reservasi))
 4 SYSTEMPATH\CodeIgniter.php(368): CodeIgniter\CodeIgniter->handleRequest(null, Object(Config\Cache), false)
 5 FCPATH\index.php(67): CodeIgniter\CodeIgniter->run()
 6 SYSTEMPATH\Commands\Server\rewrite.php(47): require_once('FCPATH\\index.php')
CRITICAL - 2023-06-10 04:18:22 --> Undefined variable $namaGambarTreatment
in APPPATH\Controllers\Treatment.php on line 97.
 1 APPPATH\Controllers\Treatment.php(97): CodeIgniter\Debug\Exceptions->errorHandler(2, 'Undefined variable $namaGambarTreatment', 'APPPATH\\Controllers\\Treatment.php', 97)
 2 SYSTEMPATH\CodeIgniter.php(934): App\Controllers\Treatment->update('2')
 3 SYSTEMPATH\CodeIgniter.php(499): CodeIgniter\CodeIgniter->runController(Object(App\Controllers\Treatment))
 4 SYSTEMPATH\CodeIgniter.php(368): CodeIgniter\CodeIgniter->handleRequest(null, Object(Config\Cache), false)
 5 FCPATH\index.php(67): CodeIgniter\CodeIgniter->run()
 6 SYSTEMPATH\Commands\Server\rewrite.php(47): require_once('FCPATH\\index.php')
CRITICAL - 2023-06-10 04:24:36 --> Attempt to read property "nama_treatment" on null
in APPPATH\Views\home\Detail.php on line 29.
 1 APPPATH\Views\home\Detail.php(29): CodeIgniter\Debug\Exceptions->errorHandler(2, 'Attempt to read property "nama_treatment" on null', 'APPPATH\\Views\\home\\Detail.php', 29)
 2 SYSTEMPATH\View\View.php(213): include('APPPATH\\Views\\home\\Detail.php')
 3 SYSTEMPATH\View\View.php(216): CodeIgniter\View\View->CodeIgniter\View\{closure}()
 4 SYSTEMPATH\Common.php(1177): CodeIgniter\View\View->render('home/Detail', [], true)
 5 APPPATH\Controllers\Home.php(65): view('home/Detail', [...])
 6 SYSTEMPATH\CodeIgniter.php(934): App\Controllers\Home->Detail('css', 'bootstrap.min.css')
 7 SYSTEMPATH\CodeIgniter.php(499): CodeIgniter\CodeIgniter->runController(Object(App\Controllers\Home))
 8 SYSTEMPATH\CodeIgniter.php(368): CodeIgniter\CodeIgniter->handleRequest(null, Object(Config\Cache), false)
 9 FCPATH\index.php(67): CodeIgniter\CodeIgniter->run()
10 SYSTEMPATH\Commands\Server\rewrite.php(47): require_once('FCPATH\\index.php')
CRITICAL - 2023-06-10 04:24:36 --> Attempt to read property "nama_treatment" on null
in APPPATH\Views\home\Detail.php on line 29.
 1 APPPATH\Views\home\Detail.php(29): CodeIgniter\Debug\Exceptions->errorHandler(2, 'Attempt to read property "nama_treatment" on null', 'APPPATH\\Views\\home\\Detail.php', 29)
 2 SYSTEMPATH\View\View.php(213): include('APPPATH\\Views\\home\\Detail.php')
 3 SYSTEMPATH\View\View.php(216): CodeIgniter\View\View->CodeIgniter\View\{closure}()
 4 SYSTEMPATH\Common.php(1177): CodeIgniter\View\View->render('home/Detail', [], true)
 5 APPPATH\Controllers\Home.php(65): view('home/Detail', [...])
 6 SYSTEMPATH\CodeIgniter.php(934): App\Controllers\Home->Detail('css', 'style.css')
 7 SYSTEMPATH\CodeIgniter.php(499): CodeIgniter\CodeIgniter->runController(Object(App\Controllers\Home))
 8 SYSTEMPATH\CodeIgniter.php(368): CodeIgniter\CodeIgniter->handleRequest(null, Object(Config\Cache), false)
 9 FCPATH\index.php(67): CodeIgniter\CodeIgniter->run()
10 SYSTEMPATH\Commands\Server\rewrite.php(47): require_once('FCPATH\\index.php')
CRITICAL - 2023-06-10 04:25:26 --> Undefined variable $treatment
in APPPATH\Views\home\Detail.php on line 25.
 1 APPPATH\Views\home\Detail.php(25): CodeIgniter\Debug\Exceptions->errorHandler(2, 'Undefined variable $treatment', 'APPPATH\\Views\\home\\Detail.php', 25)
 2 SYSTEMPATH\View\View.php(213): include('APPPATH\\Views\\home\\Detail.php')
 3 SYSTEMPATH\View\View.php(216): CodeIgniter\View\View->CodeIgniter\View\{closure}()
 4 SYSTEMPATH\Common.php(1177): CodeIgniter\View\View->render('home/Detail', [], true)
 5 APPPATH\Controllers\Home.php(65): view('home/Detail', [...])
 6 SYSTEMPATH\CodeIgniter.php(934): App\Controllers\Home->Detail('Facial-Anti-Acne')
 7 SYSTEMPATH\CodeIgniter.php(499): CodeIgniter\CodeIgniter->runController(Object(App\Controllers\Home))
 8 SYSTEMPATH\CodeIgniter.php(368): CodeIgniter\CodeIgniter->handleRequest(null, Object(Config\Cache), false)
 9 FCPATH\index.php(67): CodeIgniter\CodeIgniter->run()
10 SYSTEMPATH\Commands\Server\rewrite.php(47): require_once('FCPATH\\index.php')
CRITICAL - 2023-06-10 04:25:27 --> Undefined variable $treatment
in APPPATH\Views\home\Detail.php on line 25.
 1 APPPATH\Views\home\Detail.php(25): CodeIgniter\Debug\Exceptions->errorHandler(2, 'Undefined variable $treatment', 'APPPATH\\Views\\home\\Detail.php', 25)
 2 SYSTEMPATH\View\View.php(213): include('APPPATH\\Views\\home\\Detail.php')
 3 SYSTEMPATH\View\View.php(216): CodeIgniter\View\View->CodeIgniter\View\{closure}()
 4 SYSTEMPATH\Common.php(1177): CodeIgniter\View\View->render('home/Detail', [], true)
 5 APPPATH\Controllers\Home.php(65): view('home/Detail', [...])
 6 SYSTEMPATH\CodeIgniter.php(934): App\Controllers\Home->Detail('Facial-Anti-Acne')
 7 SYSTEMPATH\CodeIgniter.php(499): CodeIgniter\CodeIgniter->runController(Object(App\Controllers\Home))
 8 SYSTEMPATH\CodeIgniter.php(368): CodeIgniter\CodeIgniter->handleRequest(null, Object(Config\Cache), false)
 9 FCPATH\index.php(67): CodeIgniter\CodeIgniter->run()
10 SYSTEMPATH\Commands\Server\rewrite.php(47): require_once('FCPATH\\index.php')
CRITICAL - 2023-06-10 04:25:28 --> Undefined variable $treatment
in APPPATH\Views\home\Detail.php on line 25.
 1 APPPATH\Views\home\Detail.php(25): CodeIgniter\Debug\Exceptions->errorHandler(2, 'Undefined variable $treatment', 'APPPATH\\Views\\home\\Detail.php', 25)
 2 SYSTEMPATH\View\View.php(213): include('APPPATH\\Views\\home\\Detail.php')
 3 SYSTEMPATH\View\View.php(216): CodeIgniter\View\View->CodeIgniter\View\{closure}()
 4 SYSTEMPATH\Common.php(1177): CodeIgniter\View\View->render('home/Detail', [], true)
 5 APPPATH\Controllers\Home.php(65): view('home/Detail', [...])
 6 SYSTEMPATH\CodeIgniter.php(934): App\Controllers\Home->Detail('Facial-Anti-Acne')
 7 SYSTEMPATH\CodeIgniter.php(499): CodeIgniter\CodeIgniter->runController(Object(App\Controllers\Home))
 8 SYSTEMPATH\CodeIgniter.php(368): CodeIgniter\CodeIgniter->handleRequest(null, Object(Config\Cache), false)
 9 FCPATH\index.php(67): CodeIgniter\CodeIgniter->run()
10 SYSTEMPATH\Commands\Server\rewrite.php(47): require_once('FCPATH\\index.php')
CRITICAL - 2023-06-10 04:25:46 --> Attempt to read property "gambar_treatment" on null
in APPPATH\Views\home\Detail.php on line 25.
 1 APPPATH\Views\home\Detail.php(25): CodeIgniter\Debug\Exceptions->errorHandler(2, 'Attempt to read property "gambar_treatment" on null', 'APPPATH\\Views\\home\\Detail.php', 25)
 2 SYSTEMPATH\View\View.php(213): include('APPPATH\\Views\\home\\Detail.php')
 3 SYSTEMPATH\View\View.php(216): CodeIgniter\View\View->CodeIgniter\View\{closure}()
 4 SYSTEMPATH\Common.php(1177): CodeIgniter\View\View->render('home/Detail', [], true)
 5 APPPATH\Controllers\Home.php(65): view('home/Detail', [...])
 6 SYSTEMPATH\CodeIgniter.php(934): App\Controllers\Home->Detail('css', 'bootstrap.min.css')
 7 SYSTEMPATH\CodeIgniter.php(499): CodeIgniter\CodeIgniter->runController(Object(App\Controllers\Home))
 8 SYSTEMPATH\CodeIgniter.php(368): CodeIgniter\CodeIgniter->handleRequest(null, Object(Config\Cache), false)
 9 FCPATH\index.php(67): CodeIgniter\CodeIgniter->run()
10 SYSTEMPATH\Commands\Server\rewrite.php(47): require_once('FCPATH\\index.php')
CRITICAL - 2023-06-10 04:25:46 --> Attempt to read property "gambar_treatment" on null
in APPPATH\Views\home\Detail.php on line 25.
 1 APPPATH\Views\home\Detail.php(25): CodeIgniter\Debug\Exceptions->errorHandler(2, 'Attempt to read property "gambar_treatment" on null', 'APPPATH\\Views\\home\\Detail.php', 25)
 2 SYSTEMPATH\View\View.php(213): include('APPPATH\\Views\\home\\Detail.php')
 3 SYSTEMPATH\View\View.php(216): CodeIgniter\View\View->CodeIgniter\View\{closure}()
 4 SYSTEMPATH\Common.php(1177): CodeIgniter\View\View->render('home/Detail', [], true)
 5 APPPATH\Controllers\Home.php(65): view('home/Detail', [...])
 6 SYSTEMPATH\CodeIgniter.php(934): App\Controllers\Home->Detail('css', 'style.css')
 7 SYSTEMPATH\CodeIgniter.php(499): CodeIgniter\CodeIgniter->runController(Object(App\Controllers\Home))
 8 SYSTEMPATH\CodeIgniter.php(368): CodeIgniter\CodeIgniter->handleRequest(null, Object(Config\Cache), false)
 9 FCPATH\index.php(67): CodeIgniter\CodeIgniter->run()
10 SYSTEMPATH\Commands\Server\rewrite.php(47): require_once('FCPATH\\index.php')
CRITICAL - 2023-06-10 04:26:13 --> Attempt to read property "gambar_treatment" on null
in APPPATH\Views\home\Detail.php on line 25.
 1 APPPATH\Views\home\Detail.php(25): CodeIgniter\Debug\Exceptions->errorHandler(2, 'Attempt to read property "gambar_treatment" on null', 'APPPATH\\Views\\home\\Detail.php', 25)
 2 SYSTEMPATH\View\View.php(213): include('APPPATH\\Views\\home\\Detail.php')
 3 SYSTEMPATH\View\View.php(216): CodeIgniter\View\View->CodeIgniter\View\{closure}()
 4 SYSTEMPATH\Common.php(1177): CodeIgniter\View\View->render('home/Detail', [], true)
 5 APPPATH\Controllers\Home.php(65): view('home/Detail', [...])
 6 SYSTEMPATH\CodeIgniter.php(934): App\Controllers\Home->Detail('css', 'bootstrap.min.css')
 7 SYSTEMPATH\CodeIgniter.php(499): CodeIgniter\CodeIgniter->runController(Object(App\Controllers\Home))
 8 SYSTEMPATH\CodeIgniter.php(368): CodeIgniter\CodeIgniter->handleRequest(null, Object(Config\Cache), false)
 9 FCPATH\index.php(67): CodeIgniter\CodeIgniter->run()
10 SYSTEMPATH\Commands\Server\rewrite.php(47): require_once('FCPATH\\index.php')
CRITICAL - 2023-06-10 04:26:13 --> Attempt to read property "gambar_treatment" on null
in APPPATH\Views\home\Detail.php on line 25.
 1 APPPATH\Views\home\Detail.php(25): CodeIgniter\Debug\Exceptions->errorHandler(2, 'Attempt to read property "gambar_treatment" on null', 'APPPATH\\Views\\home\\Detail.php', 25)
 2 SYSTEMPATH\View\View.php(213): include('APPPATH\\Views\\home\\Detail.php')
 3 SYSTEMPATH\View\View.php(216): CodeIgniter\View\View->CodeIgniter\View\{closure}()
 4 SYSTEMPATH\Common.php(1177): CodeIgniter\View\View->render('home/Detail', [], true)
 5 APPPATH\Controllers\Home.php(65): view('home/Detail', [...])
 6 SYSTEMPATH\CodeIgniter.php(934): App\Controllers\Home->Detail('css', 'style.css')
 7 SYSTEMPATH\CodeIgniter.php(499): CodeIgniter\CodeIgniter->runController(Object(App\Controllers\Home))
 8 SYSTEMPATH\CodeIgniter.php(368): CodeIgniter\CodeIgniter->handleRequest(null, Object(Config\Cache), false)
 9 FCPATH\index.php(67): CodeIgniter\CodeIgniter->run()
10 SYSTEMPATH\Commands\Server\rewrite.php(47): require_once('FCPATH\\index.php')
CRITICAL - 2023-06-10 04:47:30 --> Undefined variable $dataTreatment
in APPPATH\Views\adminTreatment\export.php on line 10.
 1 APPPATH\Views\adminTreatment\export.php(10): CodeIgniter\Debug\Exceptions->errorHandler(2, 'Undefined variable $dataTreatment', 'APPPATH\\Views\\adminTreatment\\export.php', 10)
 2 SYSTEMPATH\View\View.php(213): include('APPPATH\\Views\\adminTreatment\\export.php')
 3 SYSTEMPATH\View\View.php(216): CodeIgniter\View\View->CodeIgniter\View\{closure}()
 4 SYSTEMPATH\Common.php(1177): CodeIgniter\View\View->render('adminTreatment/export', [], true)
 5 APPPATH\Controllers\Treatment.php(137): view('adminTreatment/export')
 6 SYSTEMPATH\CodeIgniter.php(934): App\Controllers\Treatment->export()
 7 SYSTEMPATH\CodeIgniter.php(499): CodeIgniter\CodeIgniter->runController(Object(App\Controllers\Treatment))
 8 SYSTEMPATH\CodeIgniter.php(368): CodeIgniter\CodeIgniter->handleRequest(null, Object(Config\Cache), false)
 9 FCPATH\index.php(67): CodeIgniter\CodeIgniter->run()
10 SYSTEMPATH\Commands\Server\rewrite.php(47): require_once('FCPATH\\index.php')
CRITICAL - 2023-06-10 04:56:03 --> Class "App\Controllers\Dompdf" not found
in APPPATH\Controllers\Reservasi.php on line 108.
 1 SYSTEMPATH\CodeIgniter.php(934): App\Controllers\Reservasi->export()
 2 SYSTEMPATH\CodeIgniter.php(499): CodeIgniter\CodeIgniter->runController(Object(App\Controllers\Reservasi))
 3 SYSTEMPATH\CodeIgniter.php(368): CodeIgniter\CodeIgniter->handleRequest(null, Object(Config\Cache), false)
 4 FCPATH\index.php(67): CodeIgniter\CodeIgniter->run()
 5 SYSTEMPATH\Commands\Server\rewrite.php(47): require_once('FCPATH\\index.php')
CRITICAL - 2023-06-10 05:41:32 --> Invalid file: "Dashboard/laporan_pdf.php"
in SYSTEMPATH\Exceptions\FrameworkException.php on line 33.
 1 SYSTEMPATH\View\View.php(201): CodeIgniter\Exceptions\FrameworkException::forInvalidFile('Dashboard/laporan_pdf.php')
 2 SYSTEMPATH\Common.php(1177): CodeIgniter\View\View->render('Dashboard/laporan_pdf', [], true)
 3 APPPATH\Controllers\Home.php(165): view('Dashboard/laporan_pdf', [...])
 4 SYSTEMPATH\CodeIgniter.php(934): App\Controllers\Home->harian('2023-06-12')
 5 SYSTEMPATH\CodeIgniter.php(499): CodeIgniter\CodeIgniter->runController(Object(App\Controllers\Home))
 6 SYSTEMPATH\CodeIgniter.php(368): CodeIgniter\CodeIgniter->handleRequest(null, Object(Config\Cache), false)
 7 FCPATH\index.php(67): CodeIgniter\CodeIgniter->run()
 8 SYSTEMPATH\Commands\Server\rewrite.php(47): require_once('FCPATH\\index.php')
CRITICAL - 2023-06-10 05:54:57 --> Too few arguments to function App\Models\TreatmentModel::getTreatment(), 0 passed in D:\Coding\Garapan\klinik\app\Controllers\Home.php on line 114 and exactly 1 expected
in APPPATH\Models\TreatmentModel.php on line 23.
 1 APPPATH\Controllers\Home.php(114): App\Models\TreatmentModel->getTreatment()
 2 SYSTEMPATH\CodeIgniter.php(934): App\Controllers\Home->Laporan()
 3 SYSTEMPATH\CodeIgniter.php(499): CodeIgniter\CodeIgniter->runController(Object(App\Controllers\Home))
 4 SYSTEMPATH\CodeIgniter.php(368): CodeIgniter\CodeIgniter->handleRequest(null, Object(Config\Cache), false)
 5 FCPATH\index.php(67): CodeIgniter\CodeIgniter->run()
 6 SYSTEMPATH\Commands\Server\rewrite.php(47): require_once('FCPATH\\index.php')
CRITICAL - 2023-06-10 05:54:58 --> Too few arguments to function App\Models\TreatmentModel::getTreatment(), 0 passed in D:\Coding\Garapan\klinik\app\Controllers\Home.php on line 114 and exactly 1 expected
in APPPATH\Models\TreatmentModel.php on line 23.
 1 APPPATH\Controllers\Home.php(114): App\Models\TreatmentModel->getTreatment()
 2 SYSTEMPATH\CodeIgniter.php(934): App\Controllers\Home->Laporan()
 3 SYSTEMPATH\CodeIgniter.php(499): CodeIgniter\CodeIgniter->runController(Object(App\Controllers\Home))
 4 SYSTEMPATH\CodeIgniter.php(368): CodeIgniter\CodeIgniter->handleRequest(null, Object(Config\Cache), false)
 5 FCPATH\index.php(67): CodeIgniter\CodeIgniter->run()
 6 SYSTEMPATH\Commands\Server\rewrite.php(47): require_once('FCPATH\\index.php')
CRITICAL - 2023-06-10 05:55:28 --> Cannot use object of type stdClass as array
in APPPATH\Views\Admin\Laporan.php on line 162.
 1 SYSTEMPATH\View\View.php(213): include()
 2 SYSTEMPATH\View\View.php(216): CodeIgniter\View\View->CodeIgniter\View\{closure}()
 3 SYSTEMPATH\Common.php(1177): CodeIgniter\View\View->render('Admin/Laporan', [], true)
 4 APPPATH\Controllers\Home.php(115): view('Admin/Laporan', [...])
 5 SYSTEMPATH\CodeIgniter.php(934): App\Controllers\Home->Laporan()
 6 SYSTEMPATH\CodeIgniter.php(499): CodeIgniter\CodeIgniter->runController(Object(App\Controllers\Home))
 7 SYSTEMPATH\CodeIgniter.php(368): CodeIgniter\CodeIgniter->handleRequest(null, Object(Config\Cache), false)
 8 FCPATH\index.php(67): CodeIgniter\CodeIgniter->run()
 9 SYSTEMPATH\Commands\Server\rewrite.php(47): require_once('FCPATH\\index.php')
CRITICAL - 2023-06-10 05:55:29 --> Cannot use object of type stdClass as array
in APPPATH\Views\Admin\Laporan.php on line 162.
 1 SYSTEMPATH\View\View.php(213): include()
 2 SYSTEMPATH\View\View.php(216): CodeIgniter\View\View->CodeIgniter\View\{closure}()
 3 SYSTEMPATH\Common.php(1177): CodeIgniter\View\View->render('Admin/Laporan', [], true)
 4 APPPATH\Controllers\Home.php(115): view('Admin/Laporan', [...])
 5 SYSTEMPATH\CodeIgniter.php(934): App\Controllers\Home->Laporan()
 6 SYSTEMPATH\CodeIgniter.php(499): CodeIgniter\CodeIgniter->runController(Object(App\Controllers\Home))
 7 SYSTEMPATH\CodeIgniter.php(368): CodeIgniter\CodeIgniter->handleRequest(null, Object(Config\Cache), false)
 8 FCPATH\index.php(67): CodeIgniter\CodeIgniter->run()
 9 SYSTEMPATH\Commands\Server\rewrite.php(47): require_once('FCPATH\\index.php')
CRITICAL - 2023-06-10 06:01:25 --> Too few arguments to function App\Models\TreatmentModel::getTreatment(), 0 passed in D:\Coding\Garapan\klinik\app\Controllers\Home.php on line 114 and exactly 1 expected
in APPPATH\Models\TreatmentModel.php on line 23.
 1 APPPATH\Controllers\Home.php(114): App\Models\TreatmentModel->getTreatment()
 2 SYSTEMPATH\CodeIgniter.php(934): App\Controllers\Home->Laporan()
 3 SYSTEMPATH\CodeIgniter.php(499): CodeIgniter\CodeIgniter->runController(Object(App\Controllers\Home))
 4 SYSTEMPATH\CodeIgniter.php(368): CodeIgniter\CodeIgniter->handleRequest(null, Object(Config\Cache), false)
 5 FCPATH\index.php(67): CodeIgniter\CodeIgniter->run()
 6 SYSTEMPATH\Commands\Server\rewrite.php(47): require_once('FCPATH\\index.php')
CRITICAL - 2023-06-10 06:06:23 --> Undefined property: stdClass::$tgl_reservasi
in APPPATH\Views\adminReservasi\export.php on line 39.
 1 APPPATH\Views\adminReservasi\export.php(39): CodeIgniter\Debug\Exceptions->errorHandler(2, 'Undefined property: stdClass::$tgl_reservasi', 'APPPATH\\Views\\adminReservasi\\export.php', 39)
 2 SYSTEMPATH\View\View.php(213): include('APPPATH\\Views\\adminReservasi\\export.php')
 3 SYSTEMPATH\View\View.php(216): CodeIgniter\View\View->CodeIgniter\View\{closure}()
 4 SYSTEMPATH\Common.php(1177): CodeIgniter\View\View->render('adminReservasi/export', [], true)
 5 APPPATH\Controllers\Home.php(236): view('adminReservasi/export', [...])
 6 SYSTEMPATH\CodeIgniter.php(934): App\Controllers\Home->laporanTreatment('Facial-Anti Acne')
 7 SYSTEMPATH\CodeIgniter.php(499): CodeIgniter\CodeIgniter->runController(Object(App\Controllers\Home))
 8 SYSTEMPATH\CodeIgniter.php(368): CodeIgniter\CodeIgniter->handleRequest(null, Object(Config\Cache), false)
 9 FCPATH\index.php(67): CodeIgniter\CodeIgniter->run()
10 SYSTEMPATH\Commands\Server\rewrite.php(47): require_once('FCPATH\\index.php')
CRITICAL - 2023-06-10 06:06:45 --> Undefined property: stdClass::$tgl_reservasi
in APPPATH\Views\adminReservasi\export.php on line 39.
 1 APPPATH\Views\adminReservasi\export.php(39): CodeIgniter\Debug\Exceptions->errorHandler(2, 'Undefined property: stdClass::$tgl_reservasi', 'APPPATH\\Views\\adminReservasi\\export.php', 39)
 2 SYSTEMPATH\View\View.php(213): include('APPPATH\\Views\\adminReservasi\\export.php')
 3 SYSTEMPATH\View\View.php(216): CodeIgniter\View\View->CodeIgniter\View\{closure}()
 4 SYSTEMPATH\Common.php(1177): CodeIgniter\View\View->render('adminReservasi/export', [], true)
 5 APPPATH\Controllers\Home.php(236): view('adminReservasi/export', [...])
 6 SYSTEMPATH\CodeIgniter.php(934): App\Controllers\Home->laporanTreatment('Facial-Anti Acne')
 7 SYSTEMPATH\CodeIgniter.php(499): CodeIgniter\CodeIgniter->runController(Object(App\Controllers\Home))
 8 SYSTEMPATH\CodeIgniter.php(368): CodeIgniter\CodeIgniter->handleRequest(null, Object(Config\Cache), false)
 9 FCPATH\index.php(67): CodeIgniter\CodeIgniter->run()
10 SYSTEMPATH\Commands\Server\rewrite.php(47): require_once('FCPATH\\index.php')
CRITICAL - 2023-06-10 06:06:45 --> Undefined property: stdClass::$tgl_reservasi
in APPPATH\Views\adminReservasi\export.php on line 39.
 1 APPPATH\Views\adminReservasi\export.php(39): CodeIgniter\Debug\Exceptions->errorHandler(2, 'Undefined property: stdClass::$tgl_reservasi', 'APPPATH\\Views\\adminReservasi\\export.php', 39)
 2 SYSTEMPATH\View\View.php(213): include('APPPATH\\Views\\adminReservasi\\export.php')
 3 SYSTEMPATH\View\View.php(216): CodeIgniter\View\View->CodeIgniter\View\{closure}()
 4 SYSTEMPATH\Common.php(1177): CodeIgniter\View\View->render('adminReservasi/export', [], true)
 5 APPPATH\Controllers\Home.php(236): view('adminReservasi/export', [...])
 6 SYSTEMPATH\CodeIgniter.php(934): App\Controllers\Home->laporanTreatment('Facial-Anti Acne')
 7 SYSTEMPATH\CodeIgniter.php(499): CodeIgniter\CodeIgniter->runController(Object(App\Controllers\Home))
 8 SYSTEMPATH\CodeIgniter.php(368): CodeIgniter\CodeIgniter->handleRequest(null, Object(Config\Cache), false)
 9 FCPATH\index.php(67): CodeIgniter\CodeIgniter->run()
10 SYSTEMPATH\Commands\Server\rewrite.php(47): require_once('FCPATH\\index.php')
CRITICAL - 2023-06-10 06:06:46 --> Undefined property: stdClass::$tgl_reservasi
in APPPATH\Views\adminReservasi\export.php on line 39.
 1 APPPATH\Views\adminReservasi\export.php(39): CodeIgniter\Debug\Exceptions->errorHandler(2, 'Undefined property: stdClass::$tgl_reservasi', 'APPPATH\\Views\\adminReservasi\\export.php', 39)
 2 SYSTEMPATH\View\View.php(213): include('APPPATH\\Views\\adminReservasi\\export.php')
 3 SYSTEMPATH\View\View.php(216): CodeIgniter\View\View->CodeIgniter\View\{closure}()
 4 SYSTEMPATH\Common.php(1177): CodeIgniter\View\View->render('adminReservasi/export', [], true)
 5 APPPATH\Controllers\Home.php(236): view('adminReservasi/export', [...])
 6 SYSTEMPATH\CodeIgniter.php(934): App\Controllers\Home->laporanTreatment('Facial-Anti Acne')
 7 SYSTEMPATH\CodeIgniter.php(499): CodeIgniter\CodeIgniter->runController(Object(App\Controllers\Home))
 8 SYSTEMPATH\CodeIgniter.php(368): CodeIgniter\CodeIgniter->handleRequest(null, Object(Config\Cache), false)
 9 FCPATH\index.php(67): CodeIgniter\CodeIgniter->run()
10 SYSTEMPATH\Commands\Server\rewrite.php(47): require_once('FCPATH\\index.php')
CRITICAL - 2023-06-10 06:06:46 --> Undefined property: stdClass::$tgl_reservasi
in APPPATH\Views\adminReservasi\export.php on line 39.
 1 APPPATH\Views\adminReservasi\export.php(39): CodeIgniter\Debug\Exceptions->errorHandler(2, 'Undefined property: stdClass::$tgl_reservasi', 'APPPATH\\Views\\adminReservasi\\export.php', 39)
 2 SYSTEMPATH\View\View.php(213): include('APPPATH\\Views\\adminReservasi\\export.php')
 3 SYSTEMPATH\View\View.php(216): CodeIgniter\View\View->CodeIgniter\View\{closure}()
 4 SYSTEMPATH\Common.php(1177): CodeIgniter\View\View->render('adminReservasi/export', [], true)
 5 APPPATH\Controllers\Home.php(236): view('adminReservasi/export', [...])
 6 SYSTEMPATH\CodeIgniter.php(934): App\Controllers\Home->laporanTreatment('Facial-Anti Acne')
 7 SYSTEMPATH\CodeIgniter.php(499): CodeIgniter\CodeIgniter->runController(Object(App\Controllers\Home))
 8 SYSTEMPATH\CodeIgniter.php(368): CodeIgniter\CodeIgniter->handleRequest(null, Object(Config\Cache), false)
 9 FCPATH\index.php(67): CodeIgniter\CodeIgniter->run()
10 SYSTEMPATH\Commands\Server\rewrite.php(47): require_once('FCPATH\\index.php')
CRITICAL - 2023-06-10 06:06:46 --> Undefined property: stdClass::$tgl_reservasi
in APPPATH\Views\adminReservasi\export.php on line 39.
 1 APPPATH\Views\adminReservasi\export.php(39): CodeIgniter\Debug\Exceptions->errorHandler(2, 'Undefined property: stdClass::$tgl_reservasi', 'APPPATH\\Views\\adminReservasi\\export.php', 39)
 2 SYSTEMPATH\View\View.php(213): include('APPPATH\\Views\\adminReservasi\\export.php')
 3 SYSTEMPATH\View\View.php(216): CodeIgniter\View\View->CodeIgniter\View\{closure}()
 4 SYSTEMPATH\Common.php(1177): CodeIgniter\View\View->render('adminReservasi/export', [], true)
 5 APPPATH\Controllers\Home.php(236): view('adminReservasi/export', [...])
 6 SYSTEMPATH\CodeIgniter.php(934): App\Controllers\Home->laporanTreatment('Facial-Anti Acne')
 7 SYSTEMPATH\CodeIgniter.php(499): CodeIgniter\CodeIgniter->runController(Object(App\Controllers\Home))
 8 SYSTEMPATH\CodeIgniter.php(368): CodeIgniter\CodeIgniter->handleRequest(null, Object(Config\Cache), false)
 9 FCPATH\index.php(67): CodeIgniter\CodeIgniter->run()
10 SYSTEMPATH\Commands\Server\rewrite.php(47): require_once('FCPATH\\index.php')
CRITICAL - 2023-06-10 06:06:46 --> Undefined property: stdClass::$tgl_reservasi
in APPPATH\Views\adminReservasi\export.php on line 39.
 1 APPPATH\Views\adminReservasi\export.php(39): CodeIgniter\Debug\Exceptions->errorHandler(2, 'Undefined property: stdClass::$tgl_reservasi', 'APPPATH\\Views\\adminReservasi\\export.php', 39)
 2 SYSTEMPATH\View\View.php(213): include('APPPATH\\Views\\adminReservasi\\export.php')
 3 SYSTEMPATH\View\View.php(216): CodeIgniter\View\View->CodeIgniter\View\{closure}()
 4 SYSTEMPATH\Common.php(1177): CodeIgniter\View\View->render('adminReservasi/export', [], true)
 5 APPPATH\Controllers\Home.php(236): view('adminReservasi/export', [...])
 6 SYSTEMPATH\CodeIgniter.php(934): App\Controllers\Home->laporanTreatment('Facial-Anti Acne')
 7 SYSTEMPATH\CodeIgniter.php(499): CodeIgniter\CodeIgniter->runController(Object(App\Controllers\Home))
 8 SYSTEMPATH\CodeIgniter.php(368): CodeIgniter\CodeIgniter->handleRequest(null, Object(Config\Cache), false)
 9 FCPATH\index.php(67): CodeIgniter\CodeIgniter->run()
10 SYSTEMPATH\Commands\Server\rewrite.php(47): require_once('FCPATH\\index.php')
CRITICAL - 2023-06-10 06:06:47 --> Undefined property: stdClass::$tgl_reservasi
in APPPATH\Views\adminReservasi\export.php on line 39.
 1 APPPATH\Views\adminReservasi\export.php(39): CodeIgniter\Debug\Exceptions->errorHandler(2, 'Undefined property: stdClass::$tgl_reservasi', 'APPPATH\\Views\\adminReservasi\\export.php', 39)
 2 SYSTEMPATH\View\View.php(213): include('APPPATH\\Views\\adminReservasi\\export.php')
 3 SYSTEMPATH\View\View.php(216): CodeIgniter\View\View->CodeIgniter\View\{closure}()
 4 SYSTEMPATH\Common.php(1177): CodeIgniter\View\View->render('adminReservasi/export', [], true)
 5 APPPATH\Controllers\Home.php(236): view('adminReservasi/export', [...])
 6 SYSTEMPATH\CodeIgniter.php(934): App\Controllers\Home->laporanTreatment('Facial-Anti Acne')
 7 SYSTEMPATH\CodeIgniter.php(499): CodeIgniter\CodeIgniter->runController(Object(App\Controllers\Home))
 8 SYSTEMPATH\CodeIgniter.php(368): CodeIgniter\CodeIgniter->handleRequest(null, Object(Config\Cache), false)
 9 FCPATH\index.php(67): CodeIgniter\CodeIgniter->run()
10 SYSTEMPATH\Commands\Server\rewrite.php(47): require_once('FCPATH\\index.php')
CRITICAL - 2023-06-10 06:06:47 --> Undefined property: stdClass::$tgl_reservasi
in APPPATH\Views\adminReservasi\export.php on line 39.
 1 APPPATH\Views\adminReservasi\export.php(39): CodeIgniter\Debug\Exceptions->errorHandler(2, 'Undefined property: stdClass::$tgl_reservasi', 'APPPATH\\Views\\adminReservasi\\export.php', 39)
 2 SYSTEMPATH\View\View.php(213): include('APPPATH\\Views\\adminReservasi\\export.php')
 3 SYSTEMPATH\View\View.php(216): CodeIgniter\View\View->CodeIgniter\View\{closure}()
 4 SYSTEMPATH\Common.php(1177): CodeIgniter\View\View->render('adminReservasi/export', [], true)
 5 APPPATH\Controllers\Home.php(236): view('adminReservasi/export', [...])
 6 SYSTEMPATH\CodeIgniter.php(934): App\Controllers\Home->laporanTreatment('Facial-Anti Acne')
 7 SYSTEMPATH\CodeIgniter.php(499): CodeIgniter\CodeIgniter->runController(Object(App\Controllers\Home))
 8 SYSTEMPATH\CodeIgniter.php(368): CodeIgniter\CodeIgniter->handleRequest(null, Object(Config\Cache), false)
 9 FCPATH\index.php(67): CodeIgniter\CodeIgniter->run()
10 SYSTEMPATH\Commands\Server\rewrite.php(47): require_once('FCPATH\\index.php')
CRITICAL - 2023-06-10 06:06:47 --> Undefined property: stdClass::$tgl_reservasi
in APPPATH\Views\adminReservasi\export.php on line 39.
 1 APPPATH\Views\adminReservasi\export.php(39): CodeIgniter\Debug\Exceptions->errorHandler(2, 'Undefined property: stdClass::$tgl_reservasi', 'APPPATH\\Views\\adminReservasi\\export.php', 39)
 2 SYSTEMPATH\View\View.php(213): include('APPPATH\\Views\\adminReservasi\\export.php')
 3 SYSTEMPATH\View\View.php(216): CodeIgniter\View\View->CodeIgniter\View\{closure}()
 4 SYSTEMPATH\Common.php(1177): CodeIgniter\View\View->render('adminReservasi/export', [], true)
 5 APPPATH\Controllers\Home.php(236): view('adminReservasi/export', [...])
 6 SYSTEMPATH\CodeIgniter.php(934): App\Controllers\Home->laporanTreatment('Facial-Anti Acne')
 7 SYSTEMPATH\CodeIgniter.php(499): CodeIgniter\CodeIgniter->runController(Object(App\Controllers\Home))
 8 SYSTEMPATH\CodeIgniter.php(368): CodeIgniter\CodeIgniter->handleRequest(null, Object(Config\Cache), false)
 9 FCPATH\index.php(67): CodeIgniter\CodeIgniter->run()
10 SYSTEMPATH\Commands\Server\rewrite.php(47): require_once('FCPATH\\index.php')
CRITICAL - 2023-06-10 06:07:40 --> Undefined property: stdClass::$tgl_reservasi
in APPPATH\Views\adminReservasi\export.php on line 39.
 1 APPPATH\Views\adminReservasi\export.php(39): CodeIgniter\Debug\Exceptions->errorHandler(2, 'Undefined property: stdClass::$tgl_reservasi', 'APPPATH\\Views\\adminReservasi\\export.php', 39)
 2 SYSTEMPATH\View\View.php(213): include('APPPATH\\Views\\adminReservasi\\export.php')
 3 SYSTEMPATH\View\View.php(216): CodeIgniter\View\View->CodeIgniter\View\{closure}()
 4 SYSTEMPATH\Common.php(1177): CodeIgniter\View\View->render('adminReservasi/export', [], true)
 5 APPPATH\Controllers\Home.php(236): view('adminReservasi/export', [...])
 6 SYSTEMPATH\CodeIgniter.php(934): App\Controllers\Home->laporanTreatment('Facial-Anti-Acne')
 7 SYSTEMPATH\CodeIgniter.php(499): CodeIgniter\CodeIgniter->runController(Object(App\Controllers\Home))
 8 SYSTEMPATH\CodeIgniter.php(368): CodeIgniter\CodeIgniter->handleRequest(null, Object(Config\Cache), false)
 9 FCPATH\index.php(67): CodeIgniter\CodeIgniter->run()
10 SYSTEMPATH\Commands\Server\rewrite.php(47): require_once('FCPATH\\index.php')
CRITICAL - 2023-06-10 06:07:46 --> Undefined property: stdClass::$tgl_reservasi
in APPPATH\Views\adminReservasi\export.php on line 39.
 1 APPPATH\Views\adminReservasi\export.php(39): CodeIgniter\Debug\Exceptions->errorHandler(2, 'Undefined property: stdClass::$tgl_reservasi', 'APPPATH\\Views\\adminReservasi\\export.php', 39)
 2 SYSTEMPATH\View\View.php(213): include('APPPATH\\Views\\adminReservasi\\export.php')
 3 SYSTEMPATH\View\View.php(216): CodeIgniter\View\View->CodeIgniter\View\{closure}()
 4 SYSTEMPATH\Common.php(1177): CodeIgniter\View\View->render('adminReservasi/export', [], true)
 5 APPPATH\Controllers\Home.php(236): view('adminReservasi/export', [...])
 6 SYSTEMPATH\CodeIgniter.php(934): App\Controllers\Home->laporanTreatment('Facial-Anti-Acne')
 7 SYSTEMPATH\CodeIgniter.php(499): CodeIgniter\CodeIgniter->runController(Object(App\Controllers\Home))
 8 SYSTEMPATH\CodeIgniter.php(368): CodeIgniter\CodeIgniter->handleRequest(null, Object(Config\Cache), false)
 9 FCPATH\index.php(67): CodeIgniter\CodeIgniter->run()
10 SYSTEMPATH\Commands\Server\rewrite.php(47): require_once('FCPATH\\index.php')
CRITICAL - 2023-06-10 06:07:47 --> Undefined property: stdClass::$tgl_reservasi
in APPPATH\Views\adminReservasi\export.php on line 39.
 1 APPPATH\Views\adminReservasi\export.php(39): CodeIgniter\Debug\Exceptions->errorHandler(2, 'Undefined property: stdClass::$tgl_reservasi', 'APPPATH\\Views\\adminReservasi\\export.php', 39)
 2 SYSTEMPATH\View\View.php(213): include('APPPATH\\Views\\adminReservasi\\export.php')
 3 SYSTEMPATH\View\View.php(216): CodeIgniter\View\View->CodeIgniter\View\{closure}()
 4 SYSTEMPATH\Common.php(1177): CodeIgniter\View\View->render('adminReservasi/export', [], true)
 5 APPPATH\Controllers\Home.php(236): view('adminReservasi/export', [...])
 6 SYSTEMPATH\CodeIgniter.php(934): App\Controllers\Home->laporanTreatment('Facial-Anti-Acne')
 7 SYSTEMPATH\CodeIgniter.php(499): CodeIgniter\CodeIgniter->runController(Object(App\Controllers\Home))
 8 SYSTEMPATH\CodeIgniter.php(368): CodeIgniter\CodeIgniter->handleRequest(null, Object(Config\Cache), false)
 9 FCPATH\index.php(67): CodeIgniter\CodeIgniter->run()
10 SYSTEMPATH\Commands\Server\rewrite.php(47): require_once('FCPATH\\index.php')
CRITICAL - 2023-06-10 06:07:47 --> Undefined property: stdClass::$tgl_reservasi
in APPPATH\Views\adminReservasi\export.php on line 39.
 1 APPPATH\Views\adminReservasi\export.php(39): CodeIgniter\Debug\Exceptions->errorHandler(2, 'Undefined property: stdClass::$tgl_reservasi', 'APPPATH\\Views\\adminReservasi\\export.php', 39)
 2 SYSTEMPATH\View\View.php(213): include('APPPATH\\Views\\adminReservasi\\export.php')
 3 SYSTEMPATH\View\View.php(216): CodeIgniter\View\View->CodeIgniter\View\{closure}()
 4 SYSTEMPATH\Common.php(1177): CodeIgniter\View\View->render('adminReservasi/export', [], true)
 5 APPPATH\Controllers\Home.php(236): view('adminReservasi/export', [...])
 6 SYSTEMPATH\CodeIgniter.php(934): App\Controllers\Home->laporanTreatment('Facial-Anti-Acne')
 7 SYSTEMPATH\CodeIgniter.php(499): CodeIgniter\CodeIgniter->runController(Object(App\Controllers\Home))
 8 SYSTEMPATH\CodeIgniter.php(368): CodeIgniter\CodeIgniter->handleRequest(null, Object(Config\Cache), false)
 9 FCPATH\index.php(67): CodeIgniter\CodeIgniter->run()
10 SYSTEMPATH\Commands\Server\rewrite.php(47): require_once('FCPATH\\index.php')
CRITICAL - 2023-06-10 06:07:47 --> Undefined property: stdClass::$tgl_reservasi
in APPPATH\Views\adminReservasi\export.php on line 39.
 1 APPPATH\Views\adminReservasi\export.php(39): CodeIgniter\Debug\Exceptions->errorHandler(2, 'Undefined property: stdClass::$tgl_reservasi', 'APPPATH\\Views\\adminReservasi\\export.php', 39)
 2 SYSTEMPATH\View\View.php(213): include('APPPATH\\Views\\adminReservasi\\export.php')
 3 SYSTEMPATH\View\View.php(216): CodeIgniter\View\View->CodeIgniter\View\{closure}()
 4 SYSTEMPATH\Common.php(1177): CodeIgniter\View\View->render('adminReservasi/export', [], true)
 5 APPPATH\Controllers\Home.php(236): view('adminReservasi/export', [...])
 6 SYSTEMPATH\CodeIgniter.php(934): App\Controllers\Home->laporanTreatment('Facial-Anti-Acne')
 7 SYSTEMPATH\CodeIgniter.php(499): CodeIgniter\CodeIgniter->runController(Object(App\Controllers\Home))
 8 SYSTEMPATH\CodeIgniter.php(368): CodeIgniter\CodeIgniter->handleRequest(null, Object(Config\Cache), false)
 9 FCPATH\index.php(67): CodeIgniter\CodeIgniter->run()
10 SYSTEMPATH\Commands\Server\rewrite.php(47): require_once('FCPATH\\index.php')
CRITICAL - 2023-06-10 06:09:35 --> Undefined property: stdClass::$tgl_reservasi
in APPPATH\Views\Admin\laporan_pdf.php on line 39.
 1 APPPATH\Views\Admin\laporan_pdf.php(39): CodeIgniter\Debug\Exceptions->errorHandler(2, 'Undefined property: stdClass::$tgl_reservasi', 'APPPATH\\Views\\Admin\\laporan_pdf.php', 39)
 2 SYSTEMPATH\View\View.php(213): include('APPPATH\\Views\\Admin\\laporan_pdf.php')
 3 SYSTEMPATH\View\View.php(216): CodeIgniter\View\View->CodeIgniter\View\{closure}()
 4 SYSTEMPATH\Common.php(1177): CodeIgniter\View\View->render('Admin/laporan_pdf', [], true)
 5 APPPATH\Controllers\Home.php(236): view('Admin/laporan_pdf', [...])
 6 SYSTEMPATH\CodeIgniter.php(934): App\Controllers\Home->laporanTreatment('Facial-Anti-Acne')
 7 SYSTEMPATH\CodeIgniter.php(499): CodeIgniter\CodeIgniter->runController(Object(App\Controllers\Home))
 8 SYSTEMPATH\CodeIgniter.php(368): CodeIgniter\CodeIgniter->handleRequest(null, Object(Config\Cache), false)
 9 FCPATH\index.php(67): CodeIgniter\CodeIgniter->run()
10 SYSTEMPATH\Commands\Server\rewrite.php(47): require_once('FCPATH\\index.php')
CRITICAL - 2023-06-10 06:09:36 --> Undefined property: stdClass::$tgl_reservasi
in APPPATH\Views\Admin\laporan_pdf.php on line 39.
 1 APPPATH\Views\Admin\laporan_pdf.php(39): CodeIgniter\Debug\Exceptions->errorHandler(2, 'Undefined property: stdClass::$tgl_reservasi', 'APPPATH\\Views\\Admin\\laporan_pdf.php', 39)
 2 SYSTEMPATH\View\View.php(213): include('APPPATH\\Views\\Admin\\laporan_pdf.php')
 3 SYSTEMPATH\View\View.php(216): CodeIgniter\View\View->CodeIgniter\View\{closure}()
 4 SYSTEMPATH\Common.php(1177): CodeIgniter\View\View->render('Admin/laporan_pdf', [], true)
 5 APPPATH\Controllers\Home.php(236): view('Admin/laporan_pdf', [...])
 6 SYSTEMPATH\CodeIgniter.php(934): App\Controllers\Home->laporanTreatment('Facial-Anti-Acne')
 7 SYSTEMPATH\CodeIgniter.php(499): CodeIgniter\CodeIgniter->runController(Object(App\Controllers\Home))
 8 SYSTEMPATH\CodeIgniter.php(368): CodeIgniter\CodeIgniter->handleRequest(null, Object(Config\Cache), false)
 9 FCPATH\index.php(67): CodeIgniter\CodeIgniter->run()
10 SYSTEMPATH\Commands\Server\rewrite.php(47): require_once('FCPATH\\index.php')
