INFO - 2023-06-08 05:14:58 --> Session: Class initialized using 'CodeIgniter\Session\Handlers\FileHandler' driver.
ERROR - 2023-06-08 06:49:23 --> Error connecting to the database: mysqli_sql_exception: Unknown database 'klinik' in E:\Rendy\Garapan\tugas_akhir\system\Database\MySQLi\Connection.php:174
Stack trace:
#0 E:\Rendy\Garapan\tugas_akhir\system\Database\MySQLi\Connection.php(174): mysqli->real_connect('localhost', 'root', '', 'klinik', 3306, '', 0)
#1 E:\Rendy\Garapan\tugas_akhir\system\Database\BaseConnection.php(391): CodeIgniter\Database\MySQLi\Connection->connect(false)
#2 E:\Rendy\Garapan\tugas_akhir\system\Database\BaseConnection.php(573): CodeIgniter\Database\BaseConnection->initialize()
#3 E:\Rendy\Garapan\tugas_akhir\system\Database\BaseConnection.php(1408): CodeIgniter\Database\BaseConnection->query('SHOW TABLES FRO...')
#4 E:\Rendy\Garapan\tugas_akhir\system\Database\BaseConnection.php(1427): CodeIgniter\Database\BaseConnection->listTables()
#5 E:\Rendy\Garapan\tugas_akhir\system\Database\MigrationRunner.php(768): CodeIgniter\Database\BaseConnection->tableExists('migrations')
#6 E:\Rendy\Garapan\tugas_akhir\system\Database\MigrationRunner.php(168): CodeIgniter\Database\MigrationRunner->ensureTable()
#7 E:\Rendy\Garapan\tugas_akhir\system\Commands\Database\Migrate.php(84): CodeIgniter\Database\MigrationRunner->latest(NULL)
#8 E:\Rendy\Garapan\tugas_akhir\system\CLI\Commands.php(65): CodeIgniter\Commands\Database\Migrate->run(Array)
#9 E:\Rendy\Garapan\tugas_akhir\system\CLI\Console.php(37): CodeIgniter\CLI\Commands->run('migrate', Array)
#10 E:\Rendy\Garapan\tugas_akhir\spark(97): CodeIgniter\CLI\Console->run()
#11 {main}

Next CodeIgniter\Database\Exceptions\DatabaseException: Unknown database 'klinik' in E:\Rendy\Garapan\tugas_akhir\system\Database\MySQLi\Connection.php:218
Stack trace:
#0 E:\Rendy\Garapan\tugas_akhir\system\Database\BaseConnection.php(391): CodeIgniter\Database\MySQLi\Connection->connect(false)
#1 E:\Rendy\Garapan\tugas_akhir\system\Database\BaseConnection.php(573): CodeIgniter\Database\BaseConnection->initialize()
#2 E:\Rendy\Garapan\tugas_akhir\system\Database\BaseConnection.php(1408): CodeIgniter\Database\BaseConnection->query('SHOW TABLES FRO...')
#3 E:\Rendy\Garapan\tugas_akhir\system\Database\BaseConnection.php(1427): CodeIgniter\Database\BaseConnection->listTables()
#4 E:\Rendy\Garapan\tugas_akhir\system\Database\MigrationRunner.php(768): CodeIgniter\Database\BaseConnection->tableExists('migrations')
#5 E:\Rendy\Garapan\tugas_akhir\system\Database\MigrationRunner.php(168): CodeIgniter\Database\MigrationRunner->ensureTable()
#6 E:\Rendy\Garapan\tugas_akhir\system\Commands\Database\Migrate.php(84): CodeIgniter\Database\MigrationRunner->latest(NULL)
#7 E:\Rendy\Garapan\tugas_akhir\system\CLI\Commands.php(65): CodeIgniter\Commands\Database\Migrate->run(Array)
#8 E:\Rendy\Garapan\tugas_akhir\system\CLI\Console.php(37): CodeIgniter\CLI\Commands->run('migrate', Array)
#9 E:\Rendy\Garapan\tugas_akhir\spark(97): CodeIgniter\CLI\Console->run()
#10 {main}
CRITICAL - 2023-06-08 06:49:49 --> Cannot declare class App\Database\Migrations\CreateUsers, because the name is already in use
in APPPATH\Database\Migrations\2023-05-06-041155_Users.php on line 7.
 1 [internal function]: CodeIgniter\Debug\Exceptions->shutdownHandler()
CRITICAL - 2023-06-08 07:40:28 --> Undefined property: App\Controllers\Home::$reservasiModel
in APPPATH\Controllers\Home.php on line 463.
 1 APPPATH\Controllers\Home.php(463): CodeIgniter\Debug\Exceptions->errorHandler(2, 'Undefined property: App\\Controllers\\Home::$reservasiModel', 'APPPATH\\Controllers\\Home.php', 463)
 2 SYSTEMPATH\CodeIgniter.php(934): App\Controllers\Home->simpan()
 3 SYSTEMPATH\CodeIgniter.php(499): CodeIgniter\CodeIgniter->runController(Object(App\Controllers\Home))
 4 SYSTEMPATH\CodeIgniter.php(368): CodeIgniter\CodeIgniter->handleRequest(null, Object(Config\Cache), false)
 5 FCPATH\index.php(67): CodeIgniter\CodeIgniter->run()
 6 SYSTEMPATH\Commands\Server\rewrite.php(47): require_once('FCPATH\\index.php')
CRITICAL - 2023-06-08 07:41:09 --> Undefined property: App\Controllers\Home::$reservasiModel
in APPPATH\Controllers\Home.php on line 463.
 1 APPPATH\Controllers\Home.php(463): CodeIgniter\Debug\Exceptions->errorHandler(2, 'Undefined property: App\\Controllers\\Home::$reservasiModel', 'APPPATH\\Controllers\\Home.php', 463)
 2 SYSTEMPATH\CodeIgniter.php(934): App\Controllers\Home->simpan()
 3 SYSTEMPATH\CodeIgniter.php(499): CodeIgniter\CodeIgniter->runController(Object(App\Controllers\Home))
 4 SYSTEMPATH\CodeIgniter.php(368): CodeIgniter\CodeIgniter->handleRequest(null, Object(Config\Cache), false)
 5 FCPATH\index.php(67): CodeIgniter\CodeIgniter->run()
 6 SYSTEMPATH\Commands\Server\rewrite.php(47): require_once('FCPATH\\index.php')
CRITICAL - 2023-06-08 07:44:09 --> Call to undefined function getPath()
in APPPATH\Views\Reservasi\RFacialBasic.php on line 127.
 1 SYSTEMPATH\View\View.php(213): include()
 2 SYSTEMPATH\View\View.php(216): CodeIgniter\View\View->CodeIgniter\View\{closure}()
 3 SYSTEMPATH\Common.php(1177): CodeIgniter\View\View->render('Reservasi/RFacialBasic', [], true)
 4 APPPATH\Controllers\Home.php(325): view('Reservasi/RFacialBasic')
 5 SYSTEMPATH\CodeIgniter.php(934): App\Controllers\Home->RFacialBasic()
 6 SYSTEMPATH\CodeIgniter.php(499): CodeIgniter\CodeIgniter->runController(Object(App\Controllers\Home))
 7 SYSTEMPATH\CodeIgniter.php(368): CodeIgniter\CodeIgniter->handleRequest(null, Object(Config\Cache), false)
 8 FCPATH\index.php(67): CodeIgniter\CodeIgniter->run()
 9 SYSTEMPATH\Commands\Server\rewrite.php(47): require_once('FCPATH\\index.php')
CRITICAL - 2023-06-08 07:44:10 --> Call to undefined function getPath()
in APPPATH\Views\Reservasi\RFacialBasic.php on line 127.
 1 SYSTEMPATH\View\View.php(213): include()
 2 SYSTEMPATH\View\View.php(216): CodeIgniter\View\View->CodeIgniter\View\{closure}()
 3 SYSTEMPATH\Common.php(1177): CodeIgniter\View\View->render('Reservasi/RFacialBasic', [], true)
 4 APPPATH\Controllers\Home.php(325): view('Reservasi/RFacialBasic')
 5 SYSTEMPATH\CodeIgniter.php(934): App\Controllers\Home->RFacialBasic()
 6 SYSTEMPATH\CodeIgniter.php(499): CodeIgniter\CodeIgniter->runController(Object(App\Controllers\Home))
 7 SYSTEMPATH\CodeIgniter.php(368): CodeIgniter\CodeIgniter->handleRequest(null, Object(Config\Cache), false)
 8 FCPATH\index.php(67): CodeIgniter\CodeIgniter->run()
 9 SYSTEMPATH\Commands\Server\rewrite.php(47): require_once('FCPATH\\index.php')
CRITICAL - 2023-06-08 07:44:11 --> Call to undefined function getPath()
in APPPATH\Views\Reservasi\RFacialBasic.php on line 127.
 1 SYSTEMPATH\View\View.php(213): include()
 2 SYSTEMPATH\View\View.php(216): CodeIgniter\View\View->CodeIgniter\View\{closure}()
 3 SYSTEMPATH\Common.php(1177): CodeIgniter\View\View->render('Reservasi/RFacialBasic', [], true)
 4 APPPATH\Controllers\Home.php(325): view('Reservasi/RFacialBasic')
 5 SYSTEMPATH\CodeIgniter.php(934): App\Controllers\Home->RFacialBasic()
 6 SYSTEMPATH\CodeIgniter.php(499): CodeIgniter\CodeIgniter->runController(Object(App\Controllers\Home))
 7 SYSTEMPATH\CodeIgniter.php(368): CodeIgniter\CodeIgniter->handleRequest(null, Object(Config\Cache), false)
 8 FCPATH\index.php(67): CodeIgniter\CodeIgniter->run()
 9 SYSTEMPATH\Commands\Server\rewrite.php(47): require_once('FCPATH\\index.php')
CRITICAL - 2023-06-08 07:44:16 --> Call to undefined function getPath()
in APPPATH\Views\Reservasi\RFacialBasic.php on line 127.
 1 SYSTEMPATH\View\View.php(213): include()
 2 SYSTEMPATH\View\View.php(216): CodeIgniter\View\View->CodeIgniter\View\{closure}()
 3 SYSTEMPATH\Common.php(1177): CodeIgniter\View\View->render('Reservasi/RFacialBasic', [], true)
 4 APPPATH\Controllers\Home.php(325): view('Reservasi/RFacialBasic')
 5 SYSTEMPATH\CodeIgniter.php(934): App\Controllers\Home->RFacialBasic()
 6 SYSTEMPATH\CodeIgniter.php(499): CodeIgniter\CodeIgniter->runController(Object(App\Controllers\Home))
 7 SYSTEMPATH\CodeIgniter.php(368): CodeIgniter\CodeIgniter->handleRequest(null, Object(Config\Cache), false)
 8 FCPATH\index.php(67): CodeIgniter\CodeIgniter->run()
 9 SYSTEMPATH\Commands\Server\rewrite.php(47): require_once('FCPATH\\index.php')
CRITICAL - 2023-06-08 07:44:17 --> Call to undefined function getPath()
in APPPATH\Views\Reservasi\RFacialBasic.php on line 127.
 1 SYSTEMPATH\View\View.php(213): include()
 2 SYSTEMPATH\View\View.php(216): CodeIgniter\View\View->CodeIgniter\View\{closure}()
 3 SYSTEMPATH\Common.php(1177): CodeIgniter\View\View->render('Reservasi/RFacialBasic', [], true)
 4 APPPATH\Controllers\Home.php(325): view('Reservasi/RFacialBasic')
 5 SYSTEMPATH\CodeIgniter.php(934): App\Controllers\Home->RFacialBasic()
 6 SYSTEMPATH\CodeIgniter.php(499): CodeIgniter\CodeIgniter->runController(Object(App\Controllers\Home))
 7 SYSTEMPATH\CodeIgniter.php(368): CodeIgniter\CodeIgniter->handleRequest(null, Object(Config\Cache), false)
 8 FCPATH\index.php(67): CodeIgniter\CodeIgniter->run()
 9 SYSTEMPATH\Commands\Server\rewrite.php(47): require_once('FCPATH\\index.php')
CRITICAL - 2023-06-08 07:44:17 --> Call to undefined function getPath()
in APPPATH\Views\Reservasi\RFacialBasic.php on line 127.
 1 SYSTEMPATH\View\View.php(213): include()
 2 SYSTEMPATH\View\View.php(216): CodeIgniter\View\View->CodeIgniter\View\{closure}()
 3 SYSTEMPATH\Common.php(1177): CodeIgniter\View\View->render('Reservasi/RFacialBasic', [], true)
 4 APPPATH\Controllers\Home.php(325): view('Reservasi/RFacialBasic')
 5 SYSTEMPATH\CodeIgniter.php(934): App\Controllers\Home->RFacialBasic()
 6 SYSTEMPATH\CodeIgniter.php(499): CodeIgniter\CodeIgniter->runController(Object(App\Controllers\Home))
 7 SYSTEMPATH\CodeIgniter.php(368): CodeIgniter\CodeIgniter->handleRequest(null, Object(Config\Cache), false)
 8 FCPATH\index.php(67): CodeIgniter\CodeIgniter->run()
 9 SYSTEMPATH\Commands\Server\rewrite.php(47): require_once('FCPATH\\index.php')
CRITICAL - 2023-06-08 07:44:18 --> Call to undefined function getPath()
in APPPATH\Views\Reservasi\RFacialBasic.php on line 127.
 1 SYSTEMPATH\View\View.php(213): include()
 2 SYSTEMPATH\View\View.php(216): CodeIgniter\View\View->CodeIgniter\View\{closure}()
 3 SYSTEMPATH\Common.php(1177): CodeIgniter\View\View->render('Reservasi/RFacialBasic', [], true)
 4 APPPATH\Controllers\Home.php(325): view('Reservasi/RFacialBasic')
 5 SYSTEMPATH\CodeIgniter.php(934): App\Controllers\Home->RFacialBasic()
 6 SYSTEMPATH\CodeIgniter.php(499): CodeIgniter\CodeIgniter->runController(Object(App\Controllers\Home))
 7 SYSTEMPATH\CodeIgniter.php(368): CodeIgniter\CodeIgniter->handleRequest(null, Object(Config\Cache), false)
 8 FCPATH\index.php(67): CodeIgniter\CodeIgniter->run()
 9 SYSTEMPATH\Commands\Server\rewrite.php(47): require_once('FCPATH\\index.php')
CRITICAL - 2023-06-08 07:44:44 --> Call to undefined function getPath()
in APPPATH\Views\Reservasi\RFacialBasic.php on line 127.
 1 SYSTEMPATH\View\View.php(213): include()
 2 SYSTEMPATH\View\View.php(216): CodeIgniter\View\View->CodeIgniter\View\{closure}()
 3 SYSTEMPATH\Common.php(1177): CodeIgniter\View\View->render('Reservasi/RFacialBasic', [], true)
 4 APPPATH\Controllers\Home.php(325): view('Reservasi/RFacialBasic')
 5 SYSTEMPATH\CodeIgniter.php(934): App\Controllers\Home->RFacialBasic()
 6 SYSTEMPATH\CodeIgniter.php(499): CodeIgniter\CodeIgniter->runController(Object(App\Controllers\Home))
 7 SYSTEMPATH\CodeIgniter.php(368): CodeIgniter\CodeIgniter->handleRequest(null, Object(Config\Cache), false)
 8 FCPATH\index.php(67): CodeIgniter\CodeIgniter->run()
 9 SYSTEMPATH\Commands\Server\rewrite.php(47): require_once('FCPATH\\index.php')
CRITICAL - 2023-06-08 07:48:26 --> Undefined property: App\Controllers\Home::$reservasiModel
in APPPATH\Controllers\Home.php on line 460.
 1 APPPATH\Controllers\Home.php(460): CodeIgniter\Debug\Exceptions->errorHandler(2, 'Undefined property: App\\Controllers\\Home::$reservasiModel', 'APPPATH\\Controllers\\Home.php', 460)
 2 SYSTEMPATH\CodeIgniter.php(934): App\Controllers\Home->simpan()
 3 SYSTEMPATH\CodeIgniter.php(499): CodeIgniter\CodeIgniter->runController(Object(App\Controllers\Home))
 4 SYSTEMPATH\CodeIgniter.php(368): CodeIgniter\CodeIgniter->handleRequest(null, Object(Config\Cache), false)
 5 FCPATH\index.php(67): CodeIgniter\CodeIgniter->run()
 6 SYSTEMPATH\Commands\Server\rewrite.php(47): require_once('FCPATH\\index.php')
CRITICAL - 2023-06-08 07:48:32 --> Undefined property: App\Controllers\Home::$reservasiModel
in APPPATH\Controllers\Home.php on line 460.
 1 APPPATH\Controllers\Home.php(460): CodeIgniter\Debug\Exceptions->errorHandler(2, 'Undefined property: App\\Controllers\\Home::$reservasiModel', 'APPPATH\\Controllers\\Home.php', 460)
 2 SYSTEMPATH\CodeIgniter.php(934): App\Controllers\Home->simpan()
 3 SYSTEMPATH\CodeIgniter.php(499): CodeIgniter\CodeIgniter->runController(Object(App\Controllers\Home))
 4 SYSTEMPATH\CodeIgniter.php(368): CodeIgniter\CodeIgniter->handleRequest(null, Object(Config\Cache), false)
 5 FCPATH\index.php(67): CodeIgniter\CodeIgniter->run()
 6 SYSTEMPATH\Commands\Server\rewrite.php(47): require_once('FCPATH\\index.php')
CRITICAL - 2023-06-08 07:48:48 --> Undefined property: App\Controllers\Home::$reservasiModel
in APPPATH\Controllers\Home.php on line 460.
 1 APPPATH\Controllers\Home.php(460): CodeIgniter\Debug\Exceptions->errorHandler(2, 'Undefined property: App\\Controllers\\Home::$reservasiModel', 'APPPATH\\Controllers\\Home.php', 460)
 2 SYSTEMPATH\CodeIgniter.php(934): App\Controllers\Home->simpan()
 3 SYSTEMPATH\CodeIgniter.php(499): CodeIgniter\CodeIgniter->runController(Object(App\Controllers\Home))
 4 SYSTEMPATH\CodeIgniter.php(368): CodeIgniter\CodeIgniter->handleRequest(null, Object(Config\Cache), false)
 5 FCPATH\index.php(67): CodeIgniter\CodeIgniter->run()
 6 SYSTEMPATH\Commands\Server\rewrite.php(47): require_once('FCPATH\\index.php')
CRITICAL - 2023-06-08 07:48:48 --> Undefined property: App\Controllers\Home::$reservasiModel
in APPPATH\Controllers\Home.php on line 460.
 1 APPPATH\Controllers\Home.php(460): CodeIgniter\Debug\Exceptions->errorHandler(2, 'Undefined property: App\\Controllers\\Home::$reservasiModel', 'APPPATH\\Controllers\\Home.php', 460)
 2 SYSTEMPATH\CodeIgniter.php(934): App\Controllers\Home->simpan()
 3 SYSTEMPATH\CodeIgniter.php(499): CodeIgniter\CodeIgniter->runController(Object(App\Controllers\Home))
 4 SYSTEMPATH\CodeIgniter.php(368): CodeIgniter\CodeIgniter->handleRequest(null, Object(Config\Cache), false)
 5 FCPATH\index.php(67): CodeIgniter\CodeIgniter->run()
 6 SYSTEMPATH\Commands\Server\rewrite.php(47): require_once('FCPATH\\index.php')
CRITICAL - 2023-06-08 07:48:49 --> Undefined property: App\Controllers\Home::$reservasiModel
in APPPATH\Controllers\Home.php on line 460.
 1 APPPATH\Controllers\Home.php(460): CodeIgniter\Debug\Exceptions->errorHandler(2, 'Undefined property: App\\Controllers\\Home::$reservasiModel', 'APPPATH\\Controllers\\Home.php', 460)
 2 SYSTEMPATH\CodeIgniter.php(934): App\Controllers\Home->simpan()
 3 SYSTEMPATH\CodeIgniter.php(499): CodeIgniter\CodeIgniter->runController(Object(App\Controllers\Home))
 4 SYSTEMPATH\CodeIgniter.php(368): CodeIgniter\CodeIgniter->handleRequest(null, Object(Config\Cache), false)
 5 FCPATH\index.php(67): CodeIgniter\CodeIgniter->run()
 6 SYSTEMPATH\Commands\Server\rewrite.php(47): require_once('FCPATH\\index.php')
CRITICAL - 2023-06-08 07:48:52 --> Undefined property: App\Controllers\Home::$reservasiModel
in APPPATH\Controllers\Home.php on line 460.
 1 APPPATH\Controllers\Home.php(460): CodeIgniter\Debug\Exceptions->errorHandler(2, 'Undefined property: App\\Controllers\\Home::$reservasiModel', 'APPPATH\\Controllers\\Home.php', 460)
 2 SYSTEMPATH\CodeIgniter.php(934): App\Controllers\Home->simpan()
 3 SYSTEMPATH\CodeIgniter.php(499): CodeIgniter\CodeIgniter->runController(Object(App\Controllers\Home))
 4 SYSTEMPATH\CodeIgniter.php(368): CodeIgniter\CodeIgniter->handleRequest(null, Object(Config\Cache), false)
 5 FCPATH\index.php(67): CodeIgniter\CodeIgniter->run()
 6 SYSTEMPATH\Commands\Server\rewrite.php(47): require_once('FCPATH\\index.php')
CRITICAL - 2023-06-08 07:48:53 --> Undefined property: App\Controllers\Home::$reservasiModel
in APPPATH\Controllers\Home.php on line 460.
 1 APPPATH\Controllers\Home.php(460): CodeIgniter\Debug\Exceptions->errorHandler(2, 'Undefined property: App\\Controllers\\Home::$reservasiModel', 'APPPATH\\Controllers\\Home.php', 460)
 2 SYSTEMPATH\CodeIgniter.php(934): App\Controllers\Home->simpan()
 3 SYSTEMPATH\CodeIgniter.php(499): CodeIgniter\CodeIgniter->runController(Object(App\Controllers\Home))
 4 SYSTEMPATH\CodeIgniter.php(368): CodeIgniter\CodeIgniter->handleRequest(null, Object(Config\Cache), false)
 5 FCPATH\index.php(67): CodeIgniter\CodeIgniter->run()
 6 SYSTEMPATH\Commands\Server\rewrite.php(47): require_once('FCPATH\\index.php')
CRITICAL - 2023-06-08 07:48:59 --> Undefined property: App\Controllers\Home::$reservasiModel
in APPPATH\Controllers\Home.php on line 460.
 1 APPPATH\Controllers\Home.php(460): CodeIgniter\Debug\Exceptions->errorHandler(2, 'Undefined property: App\\Controllers\\Home::$reservasiModel', 'APPPATH\\Controllers\\Home.php', 460)
 2 SYSTEMPATH\CodeIgniter.php(934): App\Controllers\Home->simpan()
 3 SYSTEMPATH\CodeIgniter.php(499): CodeIgniter\CodeIgniter->runController(Object(App\Controllers\Home))
 4 SYSTEMPATH\CodeIgniter.php(368): CodeIgniter\CodeIgniter->handleRequest(null, Object(Config\Cache), false)
 5 FCPATH\index.php(67): CodeIgniter\CodeIgniter->run()
 6 SYSTEMPATH\Commands\Server\rewrite.php(47): require_once('FCPATH\\index.php')
CRITICAL - 2023-06-08 07:49:18 --> Undefined property: App\Controllers\Home::$reservasiModel
in APPPATH\Controllers\Home.php on line 460.
 1 APPPATH\Controllers\Home.php(460): CodeIgniter\Debug\Exceptions->errorHandler(2, 'Undefined property: App\\Controllers\\Home::$reservasiModel', 'APPPATH\\Controllers\\Home.php', 460)
 2 SYSTEMPATH\CodeIgniter.php(934): App\Controllers\Home->simpan()
 3 SYSTEMPATH\CodeIgniter.php(499): CodeIgniter\CodeIgniter->runController(Object(App\Controllers\Home))
 4 SYSTEMPATH\CodeIgniter.php(368): CodeIgniter\CodeIgniter->handleRequest(null, Object(Config\Cache), false)
 5 FCPATH\index.php(67): CodeIgniter\CodeIgniter->run()
 6 SYSTEMPATH\Commands\Server\rewrite.php(47): require_once('FCPATH\\index.php')
CRITICAL - 2023-06-08 07:49:19 --> Undefined property: App\Controllers\Home::$reservasiModel
in APPPATH\Controllers\Home.php on line 460.
 1 APPPATH\Controllers\Home.php(460): CodeIgniter\Debug\Exceptions->errorHandler(2, 'Undefined property: App\\Controllers\\Home::$reservasiModel', 'APPPATH\\Controllers\\Home.php', 460)
 2 SYSTEMPATH\CodeIgniter.php(934): App\Controllers\Home->simpan()
 3 SYSTEMPATH\CodeIgniter.php(499): CodeIgniter\CodeIgniter->runController(Object(App\Controllers\Home))
 4 SYSTEMPATH\CodeIgniter.php(368): CodeIgniter\CodeIgniter->handleRequest(null, Object(Config\Cache), false)
 5 FCPATH\index.php(67): CodeIgniter\CodeIgniter->run()
 6 SYSTEMPATH\Commands\Server\rewrite.php(47): require_once('FCPATH\\index.php')
CRITICAL - 2023-06-08 07:49:19 --> Undefined property: App\Controllers\Home::$reservasiModel
in APPPATH\Controllers\Home.php on line 460.
 1 APPPATH\Controllers\Home.php(460): CodeIgniter\Debug\Exceptions->errorHandler(2, 'Undefined property: App\\Controllers\\Home::$reservasiModel', 'APPPATH\\Controllers\\Home.php', 460)
 2 SYSTEMPATH\CodeIgniter.php(934): App\Controllers\Home->simpan()
 3 SYSTEMPATH\CodeIgniter.php(499): CodeIgniter\CodeIgniter->runController(Object(App\Controllers\Home))
 4 SYSTEMPATH\CodeIgniter.php(368): CodeIgniter\CodeIgniter->handleRequest(null, Object(Config\Cache), false)
 5 FCPATH\index.php(67): CodeIgniter\CodeIgniter->run()
 6 SYSTEMPATH\Commands\Server\rewrite.php(47): require_once('FCPATH\\index.php')
CRITICAL - 2023-06-08 07:49:19 --> Undefined property: App\Controllers\Home::$reservasiModel
in APPPATH\Controllers\Home.php on line 460.
 1 APPPATH\Controllers\Home.php(460): CodeIgniter\Debug\Exceptions->errorHandler(2, 'Undefined property: App\\Controllers\\Home::$reservasiModel', 'APPPATH\\Controllers\\Home.php', 460)
 2 SYSTEMPATH\CodeIgniter.php(934): App\Controllers\Home->simpan()
 3 SYSTEMPATH\CodeIgniter.php(499): CodeIgniter\CodeIgniter->runController(Object(App\Controllers\Home))
 4 SYSTEMPATH\CodeIgniter.php(368): CodeIgniter\CodeIgniter->handleRequest(null, Object(Config\Cache), false)
 5 FCPATH\index.php(67): CodeIgniter\CodeIgniter->run()
 6 SYSTEMPATH\Commands\Server\rewrite.php(47): require_once('FCPATH\\index.php')
CRITICAL - 2023-06-08 07:49:29 --> Undefined property: App\Controllers\Home::$reservasiModel
in APPPATH\Controllers\Home.php on line 460.
 1 APPPATH\Controllers\Home.php(460): CodeIgniter\Debug\Exceptions->errorHandler(2, 'Undefined property: App\\Controllers\\Home::$reservasiModel', 'APPPATH\\Controllers\\Home.php', 460)
 2 SYSTEMPATH\CodeIgniter.php(934): App\Controllers\Home->simpan()
 3 SYSTEMPATH\CodeIgniter.php(499): CodeIgniter\CodeIgniter->runController(Object(App\Controllers\Home))
 4 SYSTEMPATH\CodeIgniter.php(368): CodeIgniter\CodeIgniter->handleRequest(null, Object(Config\Cache), false)
 5 FCPATH\index.php(67): CodeIgniter\CodeIgniter->run()
 6 SYSTEMPATH\Commands\Server\rewrite.php(47): require_once('FCPATH\\index.php')
CRITICAL - 2023-06-08 07:50:11 --> Undefined property: App\Controllers\Home::$reservasiModel
in APPPATH\Controllers\Home.php on line 460.
 1 APPPATH\Controllers\Home.php(460): CodeIgniter\Debug\Exceptions->errorHandler(2, 'Undefined property: App\\Controllers\\Home::$reservasiModel', 'APPPATH\\Controllers\\Home.php', 460)
 2 SYSTEMPATH\CodeIgniter.php(934): App\Controllers\Home->simpan()
 3 SYSTEMPATH\CodeIgniter.php(499): CodeIgniter\CodeIgniter->runController(Object(App\Controllers\Home))
 4 SYSTEMPATH\CodeIgniter.php(368): CodeIgniter\CodeIgniter->handleRequest(null, Object(Config\Cache), false)
 5 FCPATH\index.php(67): CodeIgniter\CodeIgniter->run()
 6 SYSTEMPATH\Commands\Server\rewrite.php(47): require_once('FCPATH\\index.php')
CRITICAL - 2023-06-08 07:50:12 --> Undefined property: App\Controllers\Home::$reservasiModel
in APPPATH\Controllers\Home.php on line 460.
 1 APPPATH\Controllers\Home.php(460): CodeIgniter\Debug\Exceptions->errorHandler(2, 'Undefined property: App\\Controllers\\Home::$reservasiModel', 'APPPATH\\Controllers\\Home.php', 460)
 2 SYSTEMPATH\CodeIgniter.php(934): App\Controllers\Home->simpan()
 3 SYSTEMPATH\CodeIgniter.php(499): CodeIgniter\CodeIgniter->runController(Object(App\Controllers\Home))
 4 SYSTEMPATH\CodeIgniter.php(368): CodeIgniter\CodeIgniter->handleRequest(null, Object(Config\Cache), false)
 5 FCPATH\index.php(67): CodeIgniter\CodeIgniter->run()
 6 SYSTEMPATH\Commands\Server\rewrite.php(47): require_once('FCPATH\\index.php')
CRITICAL - 2023-06-08 07:50:12 --> Undefined property: App\Controllers\Home::$reservasiModel
in APPPATH\Controllers\Home.php on line 460.
 1 APPPATH\Controllers\Home.php(460): CodeIgniter\Debug\Exceptions->errorHandler(2, 'Undefined property: App\\Controllers\\Home::$reservasiModel', 'APPPATH\\Controllers\\Home.php', 460)
 2 SYSTEMPATH\CodeIgniter.php(934): App\Controllers\Home->simpan()
 3 SYSTEMPATH\CodeIgniter.php(499): CodeIgniter\CodeIgniter->runController(Object(App\Controllers\Home))
 4 SYSTEMPATH\CodeIgniter.php(368): CodeIgniter\CodeIgniter->handleRequest(null, Object(Config\Cache), false)
 5 FCPATH\index.php(67): CodeIgniter\CodeIgniter->run()
 6 SYSTEMPATH\Commands\Server\rewrite.php(47): require_once('FCPATH\\index.php')
CRITICAL - 2023-06-08 07:50:13 --> Undefined property: App\Controllers\Home::$reservasiModel
in APPPATH\Controllers\Home.php on line 460.
 1 APPPATH\Controllers\Home.php(460): CodeIgniter\Debug\Exceptions->errorHandler(2, 'Undefined property: App\\Controllers\\Home::$reservasiModel', 'APPPATH\\Controllers\\Home.php', 460)
 2 SYSTEMPATH\CodeIgniter.php(934): App\Controllers\Home->simpan()
 3 SYSTEMPATH\CodeIgniter.php(499): CodeIgniter\CodeIgniter->runController(Object(App\Controllers\Home))
 4 SYSTEMPATH\CodeIgniter.php(368): CodeIgniter\CodeIgniter->handleRequest(null, Object(Config\Cache), false)
 5 FCPATH\index.php(67): CodeIgniter\CodeIgniter->run()
 6 SYSTEMPATH\Commands\Server\rewrite.php(47): require_once('FCPATH\\index.php')
CRITICAL - 2023-06-08 07:50:23 --> Undefined property: App\Controllers\Home::$reservasiModel
in APPPATH\Controllers\Home.php on line 460.
 1 APPPATH\Controllers\Home.php(460): CodeIgniter\Debug\Exceptions->errorHandler(2, 'Undefined property: App\\Controllers\\Home::$reservasiModel', 'APPPATH\\Controllers\\Home.php', 460)
 2 SYSTEMPATH\CodeIgniter.php(934): App\Controllers\Home->simpan()
 3 SYSTEMPATH\CodeIgniter.php(499): CodeIgniter\CodeIgniter->runController(Object(App\Controllers\Home))
 4 SYSTEMPATH\CodeIgniter.php(368): CodeIgniter\CodeIgniter->handleRequest(null, Object(Config\Cache), false)
 5 FCPATH\index.php(67): CodeIgniter\CodeIgniter->run()
 6 SYSTEMPATH\Commands\Server\rewrite.php(47): require_once('FCPATH\\index.php')
CRITICAL - 2023-06-08 07:50:39 --> Undefined property: App\Controllers\Home::$reservasiModel
in APPPATH\Controllers\Home.php on line 460.
 1 APPPATH\Controllers\Home.php(460): CodeIgniter\Debug\Exceptions->errorHandler(2, 'Undefined property: App\\Controllers\\Home::$reservasiModel', 'APPPATH\\Controllers\\Home.php', 460)
 2 SYSTEMPATH\CodeIgniter.php(934): App\Controllers\Home->simpan()
 3 SYSTEMPATH\CodeIgniter.php(499): CodeIgniter\CodeIgniter->runController(Object(App\Controllers\Home))
 4 SYSTEMPATH\CodeIgniter.php(368): CodeIgniter\CodeIgniter->handleRequest(null, Object(Config\Cache), false)
 5 FCPATH\index.php(67): CodeIgniter\CodeIgniter->run()
 6 SYSTEMPATH\Commands\Server\rewrite.php(47): require_once('FCPATH\\index.php')
CRITICAL - 2023-06-08 07:50:39 --> Undefined property: App\Controllers\Home::$reservasiModel
in APPPATH\Controllers\Home.php on line 460.
 1 APPPATH\Controllers\Home.php(460): CodeIgniter\Debug\Exceptions->errorHandler(2, 'Undefined property: App\\Controllers\\Home::$reservasiModel', 'APPPATH\\Controllers\\Home.php', 460)
 2 SYSTEMPATH\CodeIgniter.php(934): App\Controllers\Home->simpan()
 3 SYSTEMPATH\CodeIgniter.php(499): CodeIgniter\CodeIgniter->runController(Object(App\Controllers\Home))
 4 SYSTEMPATH\CodeIgniter.php(368): CodeIgniter\CodeIgniter->handleRequest(null, Object(Config\Cache), false)
 5 FCPATH\index.php(67): CodeIgniter\CodeIgniter->run()
 6 SYSTEMPATH\Commands\Server\rewrite.php(47): require_once('FCPATH\\index.php')
CRITICAL - 2023-06-08 07:50:40 --> Undefined property: App\Controllers\Home::$reservasiModel
in APPPATH\Controllers\Home.php on line 460.
 1 APPPATH\Controllers\Home.php(460): CodeIgniter\Debug\Exceptions->errorHandler(2, 'Undefined property: App\\Controllers\\Home::$reservasiModel', 'APPPATH\\Controllers\\Home.php', 460)
 2 SYSTEMPATH\CodeIgniter.php(934): App\Controllers\Home->simpan()
 3 SYSTEMPATH\CodeIgniter.php(499): CodeIgniter\CodeIgniter->runController(Object(App\Controllers\Home))
 4 SYSTEMPATH\CodeIgniter.php(368): CodeIgniter\CodeIgniter->handleRequest(null, Object(Config\Cache), false)
 5 FCPATH\index.php(67): CodeIgniter\CodeIgniter->run()
 6 SYSTEMPATH\Commands\Server\rewrite.php(47): require_once('FCPATH\\index.php')
CRITICAL - 2023-06-08 07:50:40 --> Undefined property: App\Controllers\Home::$reservasiModel
in APPPATH\Controllers\Home.php on line 460.
 1 APPPATH\Controllers\Home.php(460): CodeIgniter\Debug\Exceptions->errorHandler(2, 'Undefined property: App\\Controllers\\Home::$reservasiModel', 'APPPATH\\Controllers\\Home.php', 460)
 2 SYSTEMPATH\CodeIgniter.php(934): App\Controllers\Home->simpan()
 3 SYSTEMPATH\CodeIgniter.php(499): CodeIgniter\CodeIgniter->runController(Object(App\Controllers\Home))
 4 SYSTEMPATH\CodeIgniter.php(368): CodeIgniter\CodeIgniter->handleRequest(null, Object(Config\Cache), false)
 5 FCPATH\index.php(67): CodeIgniter\CodeIgniter->run()
 6 SYSTEMPATH\Commands\Server\rewrite.php(47): require_once('FCPATH\\index.php')
CRITICAL - 2023-06-08 07:50:40 --> Undefined property: App\Controllers\Home::$reservasiModel
in APPPATH\Controllers\Home.php on line 460.
 1 APPPATH\Controllers\Home.php(460): CodeIgniter\Debug\Exceptions->errorHandler(2, 'Undefined property: App\\Controllers\\Home::$reservasiModel', 'APPPATH\\Controllers\\Home.php', 460)
 2 SYSTEMPATH\CodeIgniter.php(934): App\Controllers\Home->simpan()
 3 SYSTEMPATH\CodeIgniter.php(499): CodeIgniter\CodeIgniter->runController(Object(App\Controllers\Home))
 4 SYSTEMPATH\CodeIgniter.php(368): CodeIgniter\CodeIgniter->handleRequest(null, Object(Config\Cache), false)
 5 FCPATH\index.php(67): CodeIgniter\CodeIgniter->run()
 6 SYSTEMPATH\Commands\Server\rewrite.php(47): require_once('FCPATH\\index.php')
CRITICAL - 2023-06-08 07:50:52 --> Undefined property: App\Controllers\Home::$reservasiModel
in APPPATH\Controllers\Home.php on line 460.
 1 APPPATH\Controllers\Home.php(460): CodeIgniter\Debug\Exceptions->errorHandler(2, 'Undefined property: App\\Controllers\\Home::$reservasiModel', 'APPPATH\\Controllers\\Home.php', 460)
 2 SYSTEMPATH\CodeIgniter.php(934): App\Controllers\Home->simpan()
 3 SYSTEMPATH\CodeIgniter.php(499): CodeIgniter\CodeIgniter->runController(Object(App\Controllers\Home))
 4 SYSTEMPATH\CodeIgniter.php(368): CodeIgniter\CodeIgniter->handleRequest(null, Object(Config\Cache), false)
 5 FCPATH\index.php(67): CodeIgniter\CodeIgniter->run()
 6 SYSTEMPATH\Commands\Server\rewrite.php(47): require_once('FCPATH\\index.php')
CRITICAL - 2023-06-08 07:51:50 --> Undefined property: App\Controllers\Home::$reservasiModel
in APPPATH\Controllers\Home.php on line 460.
 1 APPPATH\Controllers\Home.php(460): CodeIgniter\Debug\Exceptions->errorHandler(2, 'Undefined property: App\\Controllers\\Home::$reservasiModel', 'APPPATH\\Controllers\\Home.php', 460)
 2 SYSTEMPATH\CodeIgniter.php(934): App\Controllers\Home->simpan()
 3 SYSTEMPATH\CodeIgniter.php(499): CodeIgniter\CodeIgniter->runController(Object(App\Controllers\Home))
 4 SYSTEMPATH\CodeIgniter.php(368): CodeIgniter\CodeIgniter->handleRequest(null, Object(Config\Cache), false)
 5 FCPATH\index.php(67): CodeIgniter\CodeIgniter->run()
 6 SYSTEMPATH\Commands\Server\rewrite.php(47): require_once('FCPATH\\index.php')
CRITICAL - 2023-06-08 07:53:40 --> Undefined property: App\Controllers\Home::$reservasiModel
in APPPATH\Controllers\Home.php on line 462.
 1 APPPATH\Controllers\Home.php(462): CodeIgniter\Debug\Exceptions->errorHandler(2, 'Undefined property: App\\Controllers\\Home::$reservasiModel', 'APPPATH\\Controllers\\Home.php', 462)
 2 SYSTEMPATH\CodeIgniter.php(934): App\Controllers\Home->simpan()
 3 SYSTEMPATH\CodeIgniter.php(499): CodeIgniter\CodeIgniter->runController(Object(App\Controllers\Home))
 4 SYSTEMPATH\CodeIgniter.php(368): CodeIgniter\CodeIgniter->handleRequest(null, Object(Config\Cache), false)
 5 FCPATH\index.php(67): CodeIgniter\CodeIgniter->run()
 6 SYSTEMPATH\Commands\Server\rewrite.php(47): require_once('FCPATH\\index.php')
CRITICAL - 2023-06-08 07:53:41 --> Undefined property: App\Controllers\Home::$reservasiModel
in APPPATH\Controllers\Home.php on line 462.
 1 APPPATH\Controllers\Home.php(462): CodeIgniter\Debug\Exceptions->errorHandler(2, 'Undefined property: App\\Controllers\\Home::$reservasiModel', 'APPPATH\\Controllers\\Home.php', 462)
 2 SYSTEMPATH\CodeIgniter.php(934): App\Controllers\Home->simpan()
 3 SYSTEMPATH\CodeIgniter.php(499): CodeIgniter\CodeIgniter->runController(Object(App\Controllers\Home))
 4 SYSTEMPATH\CodeIgniter.php(368): CodeIgniter\CodeIgniter->handleRequest(null, Object(Config\Cache), false)
 5 FCPATH\index.php(67): CodeIgniter\CodeIgniter->run()
 6 SYSTEMPATH\Commands\Server\rewrite.php(47): require_once('FCPATH\\index.php')
CRITICAL - 2023-06-08 07:53:41 --> Undefined property: App\Controllers\Home::$reservasiModel
in APPPATH\Controllers\Home.php on line 462.
 1 APPPATH\Controllers\Home.php(462): CodeIgniter\Debug\Exceptions->errorHandler(2, 'Undefined property: App\\Controllers\\Home::$reservasiModel', 'APPPATH\\Controllers\\Home.php', 462)
 2 SYSTEMPATH\CodeIgniter.php(934): App\Controllers\Home->simpan()
 3 SYSTEMPATH\CodeIgniter.php(499): CodeIgniter\CodeIgniter->runController(Object(App\Controllers\Home))
 4 SYSTEMPATH\CodeIgniter.php(368): CodeIgniter\CodeIgniter->handleRequest(null, Object(Config\Cache), false)
 5 FCPATH\index.php(67): CodeIgniter\CodeIgniter->run()
 6 SYSTEMPATH\Commands\Server\rewrite.php(47): require_once('FCPATH\\index.php')
CRITICAL - 2023-06-08 07:53:42 --> Undefined property: App\Controllers\Home::$reservasiModel
in APPPATH\Controllers\Home.php on line 462.
 1 APPPATH\Controllers\Home.php(462): CodeIgniter\Debug\Exceptions->errorHandler(2, 'Undefined property: App\\Controllers\\Home::$reservasiModel', 'APPPATH\\Controllers\\Home.php', 462)
 2 SYSTEMPATH\CodeIgniter.php(934): App\Controllers\Home->simpan()
 3 SYSTEMPATH\CodeIgniter.php(499): CodeIgniter\CodeIgniter->runController(Object(App\Controllers\Home))
 4 SYSTEMPATH\CodeIgniter.php(368): CodeIgniter\CodeIgniter->handleRequest(null, Object(Config\Cache), false)
 5 FCPATH\index.php(67): CodeIgniter\CodeIgniter->run()
 6 SYSTEMPATH\Commands\Server\rewrite.php(47): require_once('FCPATH\\index.php')
CRITICAL - 2023-06-08 07:53:42 --> Undefined property: App\Controllers\Home::$reservasiModel
in APPPATH\Controllers\Home.php on line 462.
 1 APPPATH\Controllers\Home.php(462): CodeIgniter\Debug\Exceptions->errorHandler(2, 'Undefined property: App\\Controllers\\Home::$reservasiModel', 'APPPATH\\Controllers\\Home.php', 462)
 2 SYSTEMPATH\CodeIgniter.php(934): App\Controllers\Home->simpan()
 3 SYSTEMPATH\CodeIgniter.php(499): CodeIgniter\CodeIgniter->runController(Object(App\Controllers\Home))
 4 SYSTEMPATH\CodeIgniter.php(368): CodeIgniter\CodeIgniter->handleRequest(null, Object(Config\Cache), false)
 5 FCPATH\index.php(67): CodeIgniter\CodeIgniter->run()
 6 SYSTEMPATH\Commands\Server\rewrite.php(47): require_once('FCPATH\\index.php')
CRITICAL - 2023-06-08 07:53:42 --> Undefined property: App\Controllers\Home::$reservasiModel
in APPPATH\Controllers\Home.php on line 462.
 1 APPPATH\Controllers\Home.php(462): CodeIgniter\Debug\Exceptions->errorHandler(2, 'Undefined property: App\\Controllers\\Home::$reservasiModel', 'APPPATH\\Controllers\\Home.php', 462)
 2 SYSTEMPATH\CodeIgniter.php(934): App\Controllers\Home->simpan()
 3 SYSTEMPATH\CodeIgniter.php(499): CodeIgniter\CodeIgniter->runController(Object(App\Controllers\Home))
 4 SYSTEMPATH\CodeIgniter.php(368): CodeIgniter\CodeIgniter->handleRequest(null, Object(Config\Cache), false)
 5 FCPATH\index.php(67): CodeIgniter\CodeIgniter->run()
 6 SYSTEMPATH\Commands\Server\rewrite.php(47): require_once('FCPATH\\index.php')
CRITICAL - 2023-06-08 07:53:43 --> Undefined property: App\Controllers\Home::$reservasiModel
in APPPATH\Controllers\Home.php on line 462.
 1 APPPATH\Controllers\Home.php(462): CodeIgniter\Debug\Exceptions->errorHandler(2, 'Undefined property: App\\Controllers\\Home::$reservasiModel', 'APPPATH\\Controllers\\Home.php', 462)
 2 SYSTEMPATH\CodeIgniter.php(934): App\Controllers\Home->simpan()
 3 SYSTEMPATH\CodeIgniter.php(499): CodeIgniter\CodeIgniter->runController(Object(App\Controllers\Home))
 4 SYSTEMPATH\CodeIgniter.php(368): CodeIgniter\CodeIgniter->handleRequest(null, Object(Config\Cache), false)
 5 FCPATH\index.php(67): CodeIgniter\CodeIgniter->run()
 6 SYSTEMPATH\Commands\Server\rewrite.php(47): require_once('FCPATH\\index.php')
CRITICAL - 2023-06-08 07:53:44 --> Undefined property: App\Controllers\Home::$reservasiModel
in APPPATH\Controllers\Home.php on line 462.
 1 APPPATH\Controllers\Home.php(462): CodeIgniter\Debug\Exceptions->errorHandler(2, 'Undefined property: App\\Controllers\\Home::$reservasiModel', 'APPPATH\\Controllers\\Home.php', 462)
 2 SYSTEMPATH\CodeIgniter.php(934): App\Controllers\Home->simpan()
 3 SYSTEMPATH\CodeIgniter.php(499): CodeIgniter\CodeIgniter->runController(Object(App\Controllers\Home))
 4 SYSTEMPATH\CodeIgniter.php(368): CodeIgniter\CodeIgniter->handleRequest(null, Object(Config\Cache), false)
 5 FCPATH\index.php(67): CodeIgniter\CodeIgniter->run()
 6 SYSTEMPATH\Commands\Server\rewrite.php(47): require_once('FCPATH\\index.php')
CRITICAL - 2023-06-08 07:56:20 --> Undefined property: stdClass::$treatment
in APPPATH\Views\Admin\Reservasi.php on line 42.
 1 APPPATH\Views\Admin\Reservasi.php(42): CodeIgniter\Debug\Exceptions->errorHandler(2, 'Undefined property: stdClass::$treatment', 'APPPATH\\Views\\Admin\\Reservasi.php', 42)
 2 SYSTEMPATH\View\View.php(213): include('APPPATH\\Views\\Admin\\Reservasi.php')
 3 SYSTEMPATH\View\View.php(216): CodeIgniter\View\View->CodeIgniter\View\{closure}()
 4 SYSTEMPATH\Common.php(1177): CodeIgniter\View\View->render('Admin/Reservasi', [], true)
 5 APPPATH\Controllers\Reservasi.php(23): view('Admin/Reservasi', [...])
 6 SYSTEMPATH\CodeIgniter.php(934): App\Controllers\Reservasi->index()
 7 SYSTEMPATH\CodeIgniter.php(499): CodeIgniter\CodeIgniter->runController(Object(App\Controllers\Reservasi))
 8 SYSTEMPATH\CodeIgniter.php(368): CodeIgniter\CodeIgniter->handleRequest(null, Object(Config\Cache), false)
 9 FCPATH\index.php(67): CodeIgniter\CodeIgniter->run()
10 SYSTEMPATH\Commands\Server\rewrite.php(47): require_once('FCPATH\\index.php')
ERROR - 2023-06-08 08:34:31 --> mysqli_sql_exception: Unknown column 'tgl_reservasi' in 'where clause' in E:\Rendy\Garapan\tugas_akhir\system\Database\MySQLi\Connection.php:295
Stack trace:
#0 E:\Rendy\Garapan\tugas_akhir\system\Database\MySQLi\Connection.php(295): mysqli->query('SELECT * FROM t...', 0)
#1 E:\Rendy\Garapan\tugas_akhir\system\Database\BaseConnection.php(691): CodeIgniter\Database\MySQLi\Connection->execute('SELECT * FROM t...')
#2 E:\Rendy\Garapan\tugas_akhir\system\Database\BaseConnection.php(605): CodeIgniter\Database\BaseConnection->simpleQuery('SELECT * FROM t...')
#3 E:\Rendy\Garapan\tugas_akhir\app\Models\TreatmentModel.php(23): CodeIgniter\Database\BaseConnection->query('SELECT * FROM t...')
#4 E:\Rendy\Garapan\tugas_akhir\app\Controllers\Home.php(481): App\Models\TreatmentModel->cekSesi('Facial Basic', '2023-06-09')
#5 E:\Rendy\Garapan\tugas_akhir\system\CodeIgniter.php(934): App\Controllers\Home->cekSesi()
#6 E:\Rendy\Garapan\tugas_akhir\system\CodeIgniter.php(499): CodeIgniter\CodeIgniter->runController(Object(App\Controllers\Home))
#7 E:\Rendy\Garapan\tugas_akhir\system\CodeIgniter.php(368): CodeIgniter\CodeIgniter->handleRequest(NULL, Object(Config\Cache), false)
#8 E:\Rendy\Garapan\tugas_akhir\public\index.php(67): CodeIgniter\CodeIgniter->run()
#9 E:\Rendy\Garapan\tugas_akhir\system\Commands\Server\rewrite.php(47): require_once('E:\\Rendy\\Garapa...')
#10 {main}
CRITICAL - 2023-06-08 08:34:31 --> Unknown column 'tgl_reservasi' in 'where clause'
in SYSTEMPATH\Database\BaseConnection.php on line 645.
 1 APPPATH\Models\TreatmentModel.php(23): CodeIgniter\Database\BaseConnection->query('SELECT * FROM treatment WHERE nama_treatment = \'Facial Basic\' AND tgl_reservasi = \'2023-06-09\'')
 2 APPPATH\Controllers\Home.php(481): App\Models\TreatmentModel->cekSesi('Facial Basic', '2023-06-09')
 3 SYSTEMPATH\CodeIgniter.php(934): App\Controllers\Home->cekSesi()
 4 SYSTEMPATH\CodeIgniter.php(499): CodeIgniter\CodeIgniter->runController(Object(App\Controllers\Home))
 5 SYSTEMPATH\CodeIgniter.php(368): CodeIgniter\CodeIgniter->handleRequest(null, Object(Config\Cache), false)
 6 FCPATH\index.php(67): CodeIgniter\CodeIgniter->run()
 7 SYSTEMPATH\Commands\Server\rewrite.php(47): require_once('FCPATH\\index.php')
ERROR - 2023-06-08 08:36:42 --> mysqli_sql_exception: Unknown column 'tgl_reservasi' in 'where clause' in E:\Rendy\Garapan\tugas_akhir\system\Database\MySQLi\Connection.php:295
Stack trace:
#0 E:\Rendy\Garapan\tugas_akhir\system\Database\MySQLi\Connection.php(295): mysqli->query('SELECT * FROM t...', 0)
#1 E:\Rendy\Garapan\tugas_akhir\system\Database\BaseConnection.php(691): CodeIgniter\Database\MySQLi\Connection->execute('SELECT * FROM t...')
#2 E:\Rendy\Garapan\tugas_akhir\system\Database\BaseConnection.php(605): CodeIgniter\Database\BaseConnection->simpleQuery('SELECT * FROM t...')
#3 E:\Rendy\Garapan\tugas_akhir\app\Models\TreatmentModel.php(23): CodeIgniter\Database\BaseConnection->query('SELECT * FROM t...')
#4 E:\Rendy\Garapan\tugas_akhir\app\Controllers\Home.php(481): App\Models\TreatmentModel->cekSesi('Facial Basic', '2023-06-10')
#5 E:\Rendy\Garapan\tugas_akhir\system\CodeIgniter.php(934): App\Controllers\Home->cekSesi()
#6 E:\Rendy\Garapan\tugas_akhir\system\CodeIgniter.php(499): CodeIgniter\CodeIgniter->runController(Object(App\Controllers\Home))
#7 E:\Rendy\Garapan\tugas_akhir\system\CodeIgniter.php(368): CodeIgniter\CodeIgniter->handleRequest(NULL, Object(Config\Cache), false)
#8 E:\Rendy\Garapan\tugas_akhir\public\index.php(67): CodeIgniter\CodeIgniter->run()
#9 E:\Rendy\Garapan\tugas_akhir\system\Commands\Server\rewrite.php(47): require_once('E:\\Rendy\\Garapa...')
#10 {main}
CRITICAL - 2023-06-08 08:36:42 --> Unknown column 'tgl_reservasi' in 'where clause'
in SYSTEMPATH\Database\BaseConnection.php on line 645.
 1 APPPATH\Models\TreatmentModel.php(23): CodeIgniter\Database\BaseConnection->query('SELECT * FROM treatment WHERE nama_treatment = \'Facial Basic\' AND tgl_reservasi = \'2023-06-10\'')
 2 APPPATH\Controllers\Home.php(481): App\Models\TreatmentModel->cekSesi('Facial Basic', '2023-06-10')
 3 SYSTEMPATH\CodeIgniter.php(934): App\Controllers\Home->cekSesi()
 4 SYSTEMPATH\CodeIgniter.php(499): CodeIgniter\CodeIgniter->runController(Object(App\Controllers\Home))
 5 SYSTEMPATH\CodeIgniter.php(368): CodeIgniter\CodeIgniter->handleRequest(null, Object(Config\Cache), false)
 6 FCPATH\index.php(67): CodeIgniter\CodeIgniter->run()
 7 SYSTEMPATH\Commands\Server\rewrite.php(47): require_once('FCPATH\\index.php')
CRITICAL - 2023-06-08 09:09:08 --> Updates are not allowed unless they contain a "where" or "like" clause.
in SYSTEMPATH\Model.php on line 390.
 1 SYSTEMPATH\BaseModel.php(943): CodeIgniter\Model->doUpdate(null, [...])
 2 SYSTEMPATH\Model.php(755): CodeIgniter\BaseModel->update(null, [...])
 3 APPPATH\Controllers\UserController.php(55): CodeIgniter\Model->update(null, [...])
 4 SYSTEMPATH\CodeIgniter.php(934): App\Controllers\UserController->update('54')
 5 SYSTEMPATH\CodeIgniter.php(499): CodeIgniter\CodeIgniter->runController(Object(App\Controllers\UserController))
 6 SYSTEMPATH\CodeIgniter.php(368): CodeIgniter\CodeIgniter->handleRequest(null, Object(Config\Cache), false)
 7 FCPATH\index.php(67): CodeIgniter\CodeIgniter->run()
 8 SYSTEMPATH\Commands\Server\rewrite.php(47): require_once('FCPATH\\index.php')
CRITICAL - 2023-06-08 09:11:18 --> Updates are not allowed unless they contain a "where" or "like" clause.
in SYSTEMPATH\Model.php on line 390.
 1 SYSTEMPATH\BaseModel.php(943): CodeIgniter\Model->doUpdate(null, [...])
 2 SYSTEMPATH\Model.php(755): CodeIgniter\BaseModel->update(null, [...])
 3 APPPATH\Controllers\UserController.php(55): CodeIgniter\Model->update(null, [...])
 4 SYSTEMPATH\CodeIgniter.php(934): App\Controllers\UserController->update('54')
 5 SYSTEMPATH\CodeIgniter.php(499): CodeIgniter\CodeIgniter->runController(Object(App\Controllers\UserController))
 6 SYSTEMPATH\CodeIgniter.php(368): CodeIgniter\CodeIgniter->handleRequest(null, Object(Config\Cache), false)
 7 FCPATH\index.php(67): CodeIgniter\CodeIgniter->run()
 8 SYSTEMPATH\Commands\Server\rewrite.php(47): require_once('FCPATH\\index.php')
CRITICAL - 2023-06-08 09:11:48 --> You must use the "set" method to update an entry.
in SYSTEMPATH\Database\BaseBuilder.php on line 2507.
 1 SYSTEMPATH\Database\BaseBuilder.php(2441): CodeIgniter\Database\BaseBuilder->validateUpdate()
 2 APPPATH\Models\UserModel.php(20): CodeIgniter\Database\BaseBuilder->update(null, [...])
 3 APPPATH\Controllers\UserController.php(55): App\Models\UserModel->updateUser(null, [...])
 4 SYSTEMPATH\CodeIgniter.php(934): App\Controllers\UserController->update('54')
 5 SYSTEMPATH\CodeIgniter.php(499): CodeIgniter\CodeIgniter->runController(Object(App\Controllers\UserController))
 6 SYSTEMPATH\CodeIgniter.php(368): CodeIgniter\CodeIgniter->handleRequest(null, Object(Config\Cache), false)
 7 FCPATH\index.php(67): CodeIgniter\CodeIgniter->run()
 8 SYSTEMPATH\Commands\Server\rewrite.php(47): require_once('FCPATH\\index.php')
CRITICAL - 2023-06-08 09:13:40 --> Call to undefined method CodeIgniter\Database\MySQLi\Connection::set()
in APPPATH\Models\UserModel.php on line 20.
 1 APPPATH\Controllers\UserController.php(55): App\Models\UserModel->updateUser(null, [...])
 2 SYSTEMPATH\CodeIgniter.php(934): App\Controllers\UserController->update('54')
 3 SYSTEMPATH\CodeIgniter.php(499): CodeIgniter\CodeIgniter->runController(Object(App\Controllers\UserController))
 4 SYSTEMPATH\CodeIgniter.php(368): CodeIgniter\CodeIgniter->handleRequest(null, Object(Config\Cache), false)
 5 FCPATH\index.php(67): CodeIgniter\CodeIgniter->run()
 6 SYSTEMPATH\Commands\Server\rewrite.php(47): require_once('FCPATH\\index.php')
CRITICAL - 2023-06-08 09:18:10 --> Attempt to assign property "nama_lengkap" on array
in APPPATH\Controllers\UserController.php on line 50.
 1 SYSTEMPATH\CodeIgniter.php(934): App\Controllers\UserController->update('54')
 2 SYSTEMPATH\CodeIgniter.php(499): CodeIgniter\CodeIgniter->runController(Object(App\Controllers\UserController))
 3 SYSTEMPATH\CodeIgniter.php(368): CodeIgniter\CodeIgniter->handleRequest(null, Object(Config\Cache), false)
 4 FCPATH\index.php(67): CodeIgniter\CodeIgniter->run()
 5 SYSTEMPATH\Commands\Server\rewrite.php(47): require_once('FCPATH\\index.php')
CRITICAL - 2023-06-08 09:20:19 --> Attempt to assign property "nama_lengkap" on array
in APPPATH\Controllers\UserController.php on line 50.
 1 SYSTEMPATH\CodeIgniter.php(934): App\Controllers\UserController->update('54')
 2 SYSTEMPATH\CodeIgniter.php(499): CodeIgniter\CodeIgniter->runController(Object(App\Controllers\UserController))
 3 SYSTEMPATH\CodeIgniter.php(368): CodeIgniter\CodeIgniter->handleRequest(null, Object(Config\Cache), false)
 4 FCPATH\index.php(67): CodeIgniter\CodeIgniter->run()
 5 SYSTEMPATH\Commands\Server\rewrite.php(47): require_once('FCPATH\\index.php')
CRITICAL - 2023-06-08 09:23:22 --> Attempt to assign property "nama_lengkap" on array
in APPPATH\Controllers\UserController.php on line 50.
 1 SYSTEMPATH\CodeIgniter.php(934): App\Controllers\UserController->update('54')
 2 SYSTEMPATH\CodeIgniter.php(499): CodeIgniter\CodeIgniter->runController(Object(App\Controllers\UserController))
 3 SYSTEMPATH\CodeIgniter.php(368): CodeIgniter\CodeIgniter->handleRequest(null, Object(Config\Cache), false)
 4 FCPATH\index.php(67): CodeIgniter\CodeIgniter->run()
 5 SYSTEMPATH\Commands\Server\rewrite.php(47): require_once('FCPATH\\index.php')
