INFO - 2023-05-23 04:31:26 --> Session: Class initialized using 'CodeIgniter\Session\Handlers\FileHandler' driver.
INFO - 2023-05-23 04:31:37 --> Session: Class initialized using 'CodeIgniter\Session\Handlers\FileHandler' driver.
INFO - 2023-05-23 04:31:48 --> Session: Class initialized using 'CodeIgniter\Session\Handlers\FileHandler' driver.
INFO - 2023-05-23 04:31:48 --> Session: Class initialized using 'CodeIgniter\Session\Handlers\FileHandler' driver.
INFO - 2023-05-23 04:31:51 --> Session: Class initialized using 'CodeIgniter\Session\Handlers\FileHandler' driver.
CRITICAL - 2023-05-23 04:31:51 --> Undefined variable: datariwayat
in APPPATH\Views\home\Riwayat.php on line 27.
 1 APPPATH\Views\home\Riwayat.php(27): CodeIgniter\Debug\Exceptions->errorHandler(8, 'Undefined variable: datariwayat', 'APPPATH\\Views\\home\\Riwayat.php', 27, [])
 2 SYSTEMPATH\View\View.php(213): include('APPPATH\\Views\\home\\Riwayat.php')
 3 SYSTEMPATH\View\View.php(216): CodeIgniter\View\View->CodeIgniter\View\{closure}()
 4 SYSTEMPATH\Common.php(1177): CodeIgniter\View\View->render('home/Riwayat', [], true)
 5 APPPATH\Controllers\Home.php(38): view('home/Riwayat')
 6 SYSTEMPATH\CodeIgniter.php(934): App\Controllers\Home->Riwayat()
 7 SYSTEMPATH\CodeIgniter.php(499): CodeIgniter\CodeIgniter->runController(Object(App\Controllers\Home))
 8 SYSTEMPATH\CodeIgniter.php(368): CodeIgniter\CodeIgniter->handleRequest(null, Object(Config\Cache), false)
 9 FCPATH\index.php(67): CodeIgniter\CodeIgniter->run()
10 SYSTEMPATH\Commands\Server\rewrite.php(47): require_once('FCPATH\\index.php')
INFO - 2023-05-23 04:32:23 --> Session: Class initialized using 'CodeIgniter\Session\Handlers\FileHandler' driver.
CRITICAL - 2023-05-23 04:32:23 --> Undefined variable: datareservasi
in APPPATH\Views\home\Riwayat.php on line 27.
 1 APPPATH\Views\home\Riwayat.php(27): CodeIgniter\Debug\Exceptions->errorHandler(8, 'Undefined variable: datareservasi', 'APPPATH\\Views\\home\\Riwayat.php', 27, [])
 2 SYSTEMPATH\View\View.php(213): include('APPPATH\\Views\\home\\Riwayat.php')
 3 SYSTEMPATH\View\View.php(216): CodeIgniter\View\View->CodeIgniter\View\{closure}()
 4 SYSTEMPATH\Common.php(1177): CodeIgniter\View\View->render('home/Riwayat', [], true)
 5 APPPATH\Controllers\Home.php(38): view('home/Riwayat')
 6 SYSTEMPATH\CodeIgniter.php(934): App\Controllers\Home->Riwayat()
 7 SYSTEMPATH\CodeIgniter.php(499): CodeIgniter\CodeIgniter->runController(Object(App\Controllers\Home))
 8 SYSTEMPATH\CodeIgniter.php(368): CodeIgniter\CodeIgniter->handleRequest(null, Object(Config\Cache), false)
 9 FCPATH\index.php(67): CodeIgniter\CodeIgniter->run()
10 SYSTEMPATH\Commands\Server\rewrite.php(47): require_once('FCPATH\\index.php')
INFO - 2023-05-23 04:32:31 --> Session: Class initialized using 'CodeIgniter\Session\Handlers\FileHandler' driver.
CRITICAL - 2023-05-23 04:32:31 --> Undefined variable: datareservasi
in APPPATH\Views\home\Riwayat.php on line 27.
 1 APPPATH\Views\home\Riwayat.php(27): CodeIgniter\Debug\Exceptions->errorHandler(8, 'Undefined variable: datareservasi', 'APPPATH\\Views\\home\\Riwayat.php', 27, [])
 2 SYSTEMPATH\View\View.php(213): include('APPPATH\\Views\\home\\Riwayat.php')
 3 SYSTEMPATH\View\View.php(216): CodeIgniter\View\View->CodeIgniter\View\{closure}()
 4 SYSTEMPATH\Common.php(1177): CodeIgniter\View\View->render('home/Riwayat', [], true)
 5 APPPATH\Controllers\Home.php(38): view('home/Riwayat')
 6 SYSTEMPATH\CodeIgniter.php(934): App\Controllers\Home->Riwayat()
 7 SYSTEMPATH\CodeIgniter.php(499): CodeIgniter\CodeIgniter->runController(Object(App\Controllers\Home))
 8 SYSTEMPATH\CodeIgniter.php(368): CodeIgniter\CodeIgniter->handleRequest(null, Object(Config\Cache), false)
 9 FCPATH\index.php(67): CodeIgniter\CodeIgniter->run()
10 SYSTEMPATH\Commands\Server\rewrite.php(47): require_once('FCPATH\\index.php')
INFO - 2023-05-23 04:46:27 --> Session: Class initialized using 'CodeIgniter\Session\Handlers\FileHandler' driver.
CRITICAL - 2023-05-23 04:46:28 --> Undefined variable: datareservasi
in APPPATH\Views\home\Riwayat.php on line 25.
 1 APPPATH\Views\home\Riwayat.php(25): CodeIgniter\Debug\Exceptions->errorHandler(8, 'Undefined variable: datareservasi', 'APPPATH\\Views\\home\\Riwayat.php', 25, [])
 2 SYSTEMPATH\View\View.php(213): include('APPPATH\\Views\\home\\Riwayat.php')
 3 SYSTEMPATH\View\View.php(216): CodeIgniter\View\View->CodeIgniter\View\{closure}()
 4 SYSTEMPATH\Common.php(1177): CodeIgniter\View\View->render('home/Riwayat', [], true)
 5 APPPATH\Controllers\Home.php(38): view('home/Riwayat')
 6 SYSTEMPATH\CodeIgniter.php(934): App\Controllers\Home->Riwayat()
 7 SYSTEMPATH\CodeIgniter.php(499): CodeIgniter\CodeIgniter->runController(Object(App\Controllers\Home))
 8 SYSTEMPATH\CodeIgniter.php(368): CodeIgniter\CodeIgniter->handleRequest(null, Object(Config\Cache), false)
 9 FCPATH\index.php(67): CodeIgniter\CodeIgniter->run()
10 SYSTEMPATH\Commands\Server\rewrite.php(47): require_once('FCPATH\\index.php')
INFO - 2023-05-23 04:46:29 --> Session: Class initialized using 'CodeIgniter\Session\Handlers\FileHandler' driver.
CRITICAL - 2023-05-23 04:46:29 --> Undefined variable: datareservasi
in APPPATH\Views\home\Riwayat.php on line 25.
 1 APPPATH\Views\home\Riwayat.php(25): CodeIgniter\Debug\Exceptions->errorHandler(8, 'Undefined variable: datareservasi', 'APPPATH\\Views\\home\\Riwayat.php', 25, [])
 2 SYSTEMPATH\View\View.php(213): include('APPPATH\\Views\\home\\Riwayat.php')
 3 SYSTEMPATH\View\View.php(216): CodeIgniter\View\View->CodeIgniter\View\{closure}()
 4 SYSTEMPATH\Common.php(1177): CodeIgniter\View\View->render('home/Riwayat', [], true)
 5 APPPATH\Controllers\Home.php(38): view('home/Riwayat')
 6 SYSTEMPATH\CodeIgniter.php(934): App\Controllers\Home->Riwayat()
 7 SYSTEMPATH\CodeIgniter.php(499): CodeIgniter\CodeIgniter->runController(Object(App\Controllers\Home))
 8 SYSTEMPATH\CodeIgniter.php(368): CodeIgniter\CodeIgniter->handleRequest(null, Object(Config\Cache), false)
 9 FCPATH\index.php(67): CodeIgniter\CodeIgniter->run()
10 SYSTEMPATH\Commands\Server\rewrite.php(47): require_once('FCPATH\\index.php')
INFO - 2023-05-23 04:46:30 --> Session: Class initialized using 'CodeIgniter\Session\Handlers\FileHandler' driver.
CRITICAL - 2023-05-23 04:46:30 --> Undefined variable: datareservasi
in APPPATH\Views\home\Riwayat.php on line 25.
 1 APPPATH\Views\home\Riwayat.php(25): CodeIgniter\Debug\Exceptions->errorHandler(8, 'Undefined variable: datareservasi', 'APPPATH\\Views\\home\\Riwayat.php', 25, [])
 2 SYSTEMPATH\View\View.php(213): include('APPPATH\\Views\\home\\Riwayat.php')
 3 SYSTEMPATH\View\View.php(216): CodeIgniter\View\View->CodeIgniter\View\{closure}()
 4 SYSTEMPATH\Common.php(1177): CodeIgniter\View\View->render('home/Riwayat', [], true)
 5 APPPATH\Controllers\Home.php(38): view('home/Riwayat')
 6 SYSTEMPATH\CodeIgniter.php(934): App\Controllers\Home->Riwayat()
 7 SYSTEMPATH\CodeIgniter.php(499): CodeIgniter\CodeIgniter->runController(Object(App\Controllers\Home))
 8 SYSTEMPATH\CodeIgniter.php(368): CodeIgniter\CodeIgniter->handleRequest(null, Object(Config\Cache), false)
 9 FCPATH\index.php(67): CodeIgniter\CodeIgniter->run()
10 SYSTEMPATH\Commands\Server\rewrite.php(47): require_once('FCPATH\\index.php')
INFO - 2023-05-23 04:46:31 --> Session: Class initialized using 'CodeIgniter\Session\Handlers\FileHandler' driver.
CRITICAL - 2023-05-23 04:46:31 --> Undefined variable: datareservasi
in APPPATH\Views\home\Riwayat.php on line 25.
 1 APPPATH\Views\home\Riwayat.php(25): CodeIgniter\Debug\Exceptions->errorHandler(8, 'Undefined variable: datareservasi', 'APPPATH\\Views\\home\\Riwayat.php', 25, [])
 2 SYSTEMPATH\View\View.php(213): include('APPPATH\\Views\\home\\Riwayat.php')
 3 SYSTEMPATH\View\View.php(216): CodeIgniter\View\View->CodeIgniter\View\{closure}()
 4 SYSTEMPATH\Common.php(1177): CodeIgniter\View\View->render('home/Riwayat', [], true)
 5 APPPATH\Controllers\Home.php(38): view('home/Riwayat')
 6 SYSTEMPATH\CodeIgniter.php(934): App\Controllers\Home->Riwayat()
 7 SYSTEMPATH\CodeIgniter.php(499): CodeIgniter\CodeIgniter->runController(Object(App\Controllers\Home))
 8 SYSTEMPATH\CodeIgniter.php(368): CodeIgniter\CodeIgniter->handleRequest(null, Object(Config\Cache), false)
 9 FCPATH\index.php(67): CodeIgniter\CodeIgniter->run()
10 SYSTEMPATH\Commands\Server\rewrite.php(47): require_once('FCPATH\\index.php')
ERROR - 2023-05-23 04:55:49 --> mysqli_sql_exception: Unknown column 'nama_treatment' in 'order clause' in C:\xampp\htdocs\klinik\system\Database\MySQLi\Connection.php:295
Stack trace:
#0 C:\xampp\htdocs\klinik\system\Database\MySQLi\Connection.php(295): mysqli->query('SELECT * FROM r...', 0)
#1 C:\xampp\htdocs\klinik\system\Database\BaseConnection.php(691): CodeIgniter\Database\MySQLi\Connection->execute('SELECT * FROM r...')
#2 C:\xampp\htdocs\klinik\system\Database\BaseConnection.php(605): CodeIgniter\Database\BaseConnection->simpleQuery('SELECT * FROM r...')
#3 C:\xampp\htdocs\klinik\app\Models\ReservasiModel.php(11): CodeIgniter\Database\BaseConnection->query('SELECT * FROM r...')
#4 C:\xampp\htdocs\klinik\app\Controllers\Reservasi.php(17): App\Models\ReservasiModel->getdata()
#5 C:\xampp\htdocs\klinik\system\CodeIgniter.php(934): App\Controllers\Reservasi->index()
#6 C:\xampp\htdocs\klinik\system\CodeIgniter.php(499): CodeIgniter\CodeIgniter->runController(Object(App\Controllers\Reservasi))
#7 C:\xampp\htdocs\klinik\system\CodeIgniter.php(368): CodeIgniter\CodeIgniter->handleRequest(NULL, Object(Config\Cache), false)
#8 C:\xampp\htdocs\klinik\public\index.php(67): CodeIgniter\CodeIgniter->run()
#9 C:\xampp\htdocs\klinik\system\Commands\Server\rewrite.php(47): require_once('C:\\xampp\\htdocs...')
#10 {main}
CRITICAL - 2023-05-23 04:55:49 --> Unknown column 'nama_treatment' in 'order clause'
in SYSTEMPATH\Database\BaseConnection.php on line 645.
 1 APPPATH\Models\ReservasiModel.php(11): CodeIgniter\Database\BaseConnection->query('SELECT * FROM reservasi ORDER BY nama_treatment ASC')
 2 APPPATH\Controllers\Reservasi.php(17): App\Models\ReservasiModel->getdata()
 3 SYSTEMPATH\CodeIgniter.php(934): App\Controllers\Reservasi->index()
 4 SYSTEMPATH\CodeIgniter.php(499): CodeIgniter\CodeIgniter->runController(Object(App\Controllers\Reservasi))
 5 SYSTEMPATH\CodeIgniter.php(368): CodeIgniter\CodeIgniter->handleRequest(null, Object(Config\Cache), false)
 6 FCPATH\index.php(67): CodeIgniter\CodeIgniter->run()
 7 SYSTEMPATH\Commands\Server\rewrite.php(47): require_once('FCPATH\\index.php')
ERROR - 2023-05-23 04:57:23 --> mysqli_sql_exception: Unknown column 'nama_treatment' in 'order clause' in C:\xampp\htdocs\klinik\system\Database\MySQLi\Connection.php:295
Stack trace:
#0 C:\xampp\htdocs\klinik\system\Database\MySQLi\Connection.php(295): mysqli->query('SELECT * FROM r...', 0)
#1 C:\xampp\htdocs\klinik\system\Database\BaseConnection.php(691): CodeIgniter\Database\MySQLi\Connection->execute('SELECT * FROM r...')
#2 C:\xampp\htdocs\klinik\system\Database\BaseConnection.php(605): CodeIgniter\Database\BaseConnection->simpleQuery('SELECT * FROM r...')
#3 C:\xampp\htdocs\klinik\app\Models\ReservasiModel.php(11): CodeIgniter\Database\BaseConnection->query('SELECT * FROM r...')
#4 C:\xampp\htdocs\klinik\app\Controllers\Reservasi.php(17): App\Models\ReservasiModel->getdata()
#5 C:\xampp\htdocs\klinik\system\CodeIgniter.php(934): App\Controllers\Reservasi->index()
#6 C:\xampp\htdocs\klinik\system\CodeIgniter.php(499): CodeIgniter\CodeIgniter->runController(Object(App\Controllers\Reservasi))
#7 C:\xampp\htdocs\klinik\system\CodeIgniter.php(368): CodeIgniter\CodeIgniter->handleRequest(NULL, Object(Config\Cache), false)
#8 C:\xampp\htdocs\klinik\public\index.php(67): CodeIgniter\CodeIgniter->run()
#9 C:\xampp\htdocs\klinik\system\Commands\Server\rewrite.php(47): require_once('C:\\xampp\\htdocs...')
#10 {main}
CRITICAL - 2023-05-23 04:57:23 --> Unknown column 'nama_treatment' in 'order clause'
in SYSTEMPATH\Database\BaseConnection.php on line 645.
 1 APPPATH\Models\ReservasiModel.php(11): CodeIgniter\Database\BaseConnection->query('SELECT * FROM reservasi ORDER BY nama_treatment ASC')
 2 APPPATH\Controllers\Reservasi.php(17): App\Models\ReservasiModel->getdata()
 3 SYSTEMPATH\CodeIgniter.php(934): App\Controllers\Reservasi->index()
 4 SYSTEMPATH\CodeIgniter.php(499): CodeIgniter\CodeIgniter->runController(Object(App\Controllers\Reservasi))
 5 SYSTEMPATH\CodeIgniter.php(368): CodeIgniter\CodeIgniter->handleRequest(null, Object(Config\Cache), false)
 6 FCPATH\index.php(67): CodeIgniter\CodeIgniter->run()
 7 SYSTEMPATH\Commands\Server\rewrite.php(47): require_once('FCPATH\\index.php')
ERROR - 2023-05-23 04:57:25 --> mysqli_sql_exception: Unknown column 'nama_treatment' in 'order clause' in C:\xampp\htdocs\klinik\system\Database\MySQLi\Connection.php:295
Stack trace:
#0 C:\xampp\htdocs\klinik\system\Database\MySQLi\Connection.php(295): mysqli->query('SELECT * FROM r...', 0)
#1 C:\xampp\htdocs\klinik\system\Database\BaseConnection.php(691): CodeIgniter\Database\MySQLi\Connection->execute('SELECT * FROM r...')
#2 C:\xampp\htdocs\klinik\system\Database\BaseConnection.php(605): CodeIgniter\Database\BaseConnection->simpleQuery('SELECT * FROM r...')
#3 C:\xampp\htdocs\klinik\app\Models\ReservasiModel.php(11): CodeIgniter\Database\BaseConnection->query('SELECT * FROM r...')
#4 C:\xampp\htdocs\klinik\app\Controllers\Reservasi.php(17): App\Models\ReservasiModel->getdata()
#5 C:\xampp\htdocs\klinik\system\CodeIgniter.php(934): App\Controllers\Reservasi->index()
#6 C:\xampp\htdocs\klinik\system\CodeIgniter.php(499): CodeIgniter\CodeIgniter->runController(Object(App\Controllers\Reservasi))
#7 C:\xampp\htdocs\klinik\system\CodeIgniter.php(368): CodeIgniter\CodeIgniter->handleRequest(NULL, Object(Config\Cache), false)
#8 C:\xampp\htdocs\klinik\public\index.php(67): CodeIgniter\CodeIgniter->run()
#9 C:\xampp\htdocs\klinik\system\Commands\Server\rewrite.php(47): require_once('C:\\xampp\\htdocs...')
#10 {main}
CRITICAL - 2023-05-23 04:57:25 --> Unknown column 'nama_treatment' in 'order clause'
in SYSTEMPATH\Database\BaseConnection.php on line 645.
 1 APPPATH\Models\ReservasiModel.php(11): CodeIgniter\Database\BaseConnection->query('SELECT * FROM reservasi ORDER BY nama_treatment ASC')
 2 APPPATH\Controllers\Reservasi.php(17): App\Models\ReservasiModel->getdata()
 3 SYSTEMPATH\CodeIgniter.php(934): App\Controllers\Reservasi->index()
 4 SYSTEMPATH\CodeIgniter.php(499): CodeIgniter\CodeIgniter->runController(Object(App\Controllers\Reservasi))
 5 SYSTEMPATH\CodeIgniter.php(368): CodeIgniter\CodeIgniter->handleRequest(null, Object(Config\Cache), false)
 6 FCPATH\index.php(67): CodeIgniter\CodeIgniter->run()
 7 SYSTEMPATH\Commands\Server\rewrite.php(47): require_once('FCPATH\\index.php')
INFO - 2023-05-23 06:05:17 --> Session: Class initialized using 'CodeIgniter\Session\Handlers\FileHandler' driver.
