CRITICAL - 2023-03-06 02:54:06 --> Invalid file: "layout/register.php"
in SYSTEMPATH\Exceptions\FrameworkException.php on line 33.
 1 SYSTEMPATH\View\View.php(201): CodeIgniter\Exceptions\FrameworkException::forInvalidFile('layout/register.php')
 2 SYSTEMPATH\Common.php(1177): CodeIgniter\View\View->render('layout/register', [], true)
 3 APPPATH\Controllers\Home.php(94): view('layout/register')
 4 SYSTEMPATH\CodeIgniter.php(934): App\Controllers\Home->Register()
 5 SYSTEMPATH\CodeIgniter.php(499): CodeIgniter\CodeIgniter->runController(Object(App\Controllers\Home))
 6 SYSTEMPATH\CodeIgniter.php(368): CodeIgniter\CodeIgniter->handleRequest(null, Object(Config\Cache), false)
 7 FCPATH\index.php(67): CodeIgniter\CodeIgniter->run()
 8 SYSTEMPATH\Commands\Server\rewrite.php(47): require_once('FCPATH\\index.php')
INFO - 2023-03-06 02:54:48 --> Session: Class initialized using 'CodeIgniter\Session\Handlers\FileHandler' driver.
CRITICAL - 2023-03-06 02:54:48 --> Call to undefined function form_open()
in APPPATH\Views\layout\register.php on line 24.
 1 SYSTEMPATH\View\View.php(213): include()
 2 SYSTEMPATH\View\View.php(216): CodeIgniter\View\View->CodeIgniter\View\{closure}()
 3 SYSTEMPATH\Common.php(1177): CodeIgniter\View\View->render('layout/register', [], true)
 4 APPPATH\Controllers\Home.php(94): view('layout/register')
 5 SYSTEMPATH\CodeIgniter.php(934): App\Controllers\Home->Register()
 6 SYSTEMPATH\CodeIgniter.php(499): CodeIgniter\CodeIgniter->runController(Object(App\Controllers\Home))
 7 SYSTEMPATH\CodeIgniter.php(368): CodeIgniter\CodeIgniter->handleRequest(null, Object(Config\Cache), false)
 8 FCPATH\index.php(67): CodeIgniter\CodeIgniter->run()
 9 SYSTEMPATH\Commands\Server\rewrite.php(47): require_once('FCPATH\\index.php')
CRITICAL - 2023-03-06 08:24:46 --> Cannot declare class App\Database\Migrations\User, because the name is already in use
in APPPATH\Database\Migrations\2023-02-13-062818_Treatment.php on line 7.
 1 [internal function]: CodeIgniter\Debug\Exceptions->shutdownHandler()
