INFO - 2023-04-11 04:55:32 --> Session: Class initialized using 'CodeIgniter\Session\Handlers\FileHandler' driver.
INFO - 2023-04-11 04:57:31 --> Session: Class initialized using 'CodeIgniter\Session\Handlers\FileHandler' driver.
INFO - 2023-04-11 05:05:59 --> Session: Class initialized using 'CodeIgniter\Session\Handlers\FileHandler' driver.
CRITICAL - 2023-04-11 05:16:21 --> Undefined variable: contact
in APPPATH\Views\Admin\DataUser.php on line 53.
 1 APPPATH\Views\Admin\DataUser.php(53): CodeIgniter\Debug\Exceptions->errorHandler(8, 'Undefined variable: contact', 'APPPATH\\Views\\Admin\\DataUser.php', 53, [...])
 2 SYSTEMPATH\View\View.php(213): include('APPPATH\\Views\\Admin\\DataUser.php')
 3 SYSTEMPATH\View\View.php(216): CodeIgniter\View\View->CodeIgniter\View\{closure}()
 4 SYSTEMPATH\Common.php(1177): CodeIgniter\View\View->render('/Admin/DataUser', [], true)
 5 APPPATH\Controllers\DataUser.php(15): view('/Admin/DataUser', [...])
 6 SYSTEMPATH\CodeIgniter.php(934): App\Controllers\DataUser->index()
 7 SYSTEMPATH\CodeIgniter.php(499): CodeIgniter\CodeIgniter->runController(Object(App\Controllers\DataUser))
 8 SYSTEMPATH\CodeIgniter.php(368): CodeIgniter\CodeIgniter->handleRequest(null, Object(Config\Cache), false)
 9 FCPATH\index.php(67): CodeIgniter\CodeIgniter->run()
10 SYSTEMPATH\Commands\Server\rewrite.php(47): require_once('FCPATH\\index.php')
INFO - 2023-04-11 14:14:06 --> Session: Class initialized using 'CodeIgniter\Session\Handlers\FileHandler' driver.
INFO - 2023-04-11 14:16:09 --> Session: Class initialized using 'CodeIgniter\Session\Handlers\FileHandler' driver.
CRITICAL - 2023-04-11 14:33:19 --> Use of undefined constant   - assumed ' ' (this will throw an Error in a future version of PHP)
in APPPATH\Views\Admin\Dasboard.php on line 7.
 1 APPPATH\Views\Admin\Dasboard.php(7): CodeIgniter\Debug\Exceptions->errorHandler(2, 'Use of undefined constant   - assumed \' \' (this will throw an Error in a future version of PHP)', 'APPPATH\\Views\\Admin\\Dasboard.php', 7, [])
 2 SYSTEMPATH\View\View.php(213): include('APPPATH\\Views\\Admin\\Dasboard.php')
 3 SYSTEMPATH\View\View.php(216): CodeIgniter\View\View->CodeIgniter\View\{closure}()
 4 SYSTEMPATH\Common.php(1177): CodeIgniter\View\View->render('Admin/Dasboard', [], true)
 5 APPPATH\Controllers\Home.php(336): view('Admin/Dasboard')
 6 SYSTEMPATH\CodeIgniter.php(934): App\Controllers\Home->Dasboard()
 7 SYSTEMPATH\CodeIgniter.php(499): CodeIgniter\CodeIgniter->runController(Object(App\Controllers\Home))
 8 SYSTEMPATH\CodeIgniter.php(368): CodeIgniter\CodeIgniter->handleRequest(null, Object(Config\Cache), false)
 9 FCPATH\index.php(67): CodeIgniter\CodeIgniter->run()
10 SYSTEMPATH\Commands\Server\rewrite.php(47): require_once('FCPATH\\index.php')
CRITICAL - 2023-04-11 14:57:10 --> Undefined variable: user
in APPPATH\Views\Admin\Dasboard.php on line 59.
 1 APPPATH\Views\Admin\Dasboard.php(59): CodeIgniter\Debug\Exceptions->errorHandler(8, 'Undefined variable: user', 'APPPATH\\Views\\Admin\\Dasboard.php', 59, [])
 2 SYSTEMPATH\View\View.php(213): include('APPPATH\\Views\\Admin\\Dasboard.php')
 3 SYSTEMPATH\View\View.php(216): CodeIgniter\View\View->CodeIgniter\View\{closure}()
 4 SYSTEMPATH\Common.php(1177): CodeIgniter\View\View->render('Admin/Dasboard', [], true)
 5 APPPATH\Controllers\Home.php(336): view('Admin/Dasboard')
 6 SYSTEMPATH\CodeIgniter.php(934): App\Controllers\Home->Dasboard()
 7 SYSTEMPATH\CodeIgniter.php(499): CodeIgniter\CodeIgniter->runController(Object(App\Controllers\Home))
 8 SYSTEMPATH\CodeIgniter.php(368): CodeIgniter\CodeIgniter->handleRequest(null, Object(Config\Cache), false)
 9 FCPATH\index.php(67): CodeIgniter\CodeIgniter->run()
10 SYSTEMPATH\Commands\Server\rewrite.php(47): require_once('FCPATH\\index.php')
