CRITICAL - 2023-06-15 07:15:36 --> Attempt to read property "gambar_treatment" on null
in APPPATH\Views\home\Detail.php on line 25.
 1 APPPATH\Views\home\Detail.php(25): CodeIgniter\Debug\Exceptions->errorHandler(2, 'Attempt to read property "gambar_treatment" on null', 'APPPATH\\Views\\home\\Detail.php', 25)
 2 SYSTEMPATH\View\View.php(213): include('APPPATH\\Views\\home\\Detail.php')
 3 SYSTEMPATH\View\View.php(216): CodeIgniter\View\View->CodeIgniter\View\{closure}()
 4 SYSTEMPATH\Common.php(1177): CodeIgniter\View\View->render('home/Detail', [], true)
 5 APPPATH\Controllers\Home.php(66): view('home/Detail', [...])
 6 SYSTEMPATH\CodeIgniter.php(934): App\Controllers\Home->Detail('css', 'bootstrap.min.css')
 7 SYSTEMPATH\CodeIgniter.php(499): CodeIgniter\CodeIgniter->runController(Object(App\Controllers\Home))
 8 SYSTEMPATH\CodeIgniter.php(368): CodeIgniter\CodeIgniter->handleRequest(null, Object(Config\Cache), false)
 9 FCPATH\index.php(67): CodeIgniter\CodeIgniter->run()
10 SYSTEMPATH\Commands\Server\rewrite.php(47): require_once('FCPATH\\index.php')
CRITICAL - 2023-06-15 07:15:36 --> Attempt to read property "gambar_treatment" on null
in APPPATH\Views\home\Detail.php on line 25.
 1 APPPATH\Views\home\Detail.php(25): CodeIgniter\Debug\Exceptions->errorHandler(2, 'Attempt to read property "gambar_treatment" on null', 'APPPATH\\Views\\home\\Detail.php', 25)
 2 SYSTEMPATH\View\View.php(213): include('APPPATH\\Views\\home\\Detail.php')
 3 SYSTEMPATH\View\View.php(216): CodeIgniter\View\View->CodeIgniter\View\{closure}()
 4 SYSTEMPATH\Common.php(1177): CodeIgniter\View\View->render('home/Detail', [], true)
 5 APPPATH\Controllers\Home.php(66): view('home/Detail', [...])
 6 SYSTEMPATH\CodeIgniter.php(934): App\Controllers\Home->Detail('css', 'style.css')
 7 SYSTEMPATH\CodeIgniter.php(499): CodeIgniter\CodeIgniter->runController(Object(App\Controllers\Home))
 8 SYSTEMPATH\CodeIgniter.php(368): CodeIgniter\CodeIgniter->handleRequest(null, Object(Config\Cache), false)
 9 FCPATH\index.php(67): CodeIgniter\CodeIgniter->run()
10 SYSTEMPATH\Commands\Server\rewrite.php(47): require_once('FCPATH\\index.php')
CRITICAL - 2023-06-15 07:23:18 --> Undefined property: App\Controllers\Home::$userModel
in APPPATH\Controllers\Home.php on line 105.
 1 APPPATH\Controllers\Home.php(105): CodeIgniter\Debug\Exceptions->errorHandler(2, 'Undefined property: App\\Controllers\\Home::$userModel', 'APPPATH\\Controllers\\Home.php', 105)
 2 SYSTEMPATH\CodeIgniter.php(934): App\Controllers\Home->Home()
 3 SYSTEMPATH\CodeIgniter.php(499): CodeIgniter\CodeIgniter->runController(Object(App\Controllers\Home))
 4 SYSTEMPATH\CodeIgniter.php(368): CodeIgniter\CodeIgniter->handleRequest(null, Object(Config\Cache), false)
 5 FCPATH\index.php(67): CodeIgniter\CodeIgniter->run()
 6 SYSTEMPATH\Commands\Server\rewrite.php(47): require_once('FCPATH\\index.php')
CRITICAL - 2023-06-15 07:23:43 --> Call to undefined method App\Models\UserModel::totalUser
in SYSTEMPATH\Model.php on line 841.
 1 APPPATH\Controllers\Home.php(106): CodeIgniter\Model->__call('totalUser', [])
 2 SYSTEMPATH\CodeIgniter.php(934): App\Controllers\Home->Home()
 3 SYSTEMPATH\CodeIgniter.php(499): CodeIgniter\CodeIgniter->runController(Object(App\Controllers\Home))
 4 SYSTEMPATH\CodeIgniter.php(368): CodeIgniter\CodeIgniter->handleRequest(null, Object(Config\Cache), false)
 5 FCPATH\index.php(67): CodeIgniter\CodeIgniter->run()
 6 SYSTEMPATH\Commands\Server\rewrite.php(47): require_once('FCPATH\\index.php')
CRITICAL - 2023-06-15 07:23:45 --> Call to undefined method App\Models\UserModel::totalUser
in SYSTEMPATH\Model.php on line 841.
 1 APPPATH\Controllers\Home.php(106): CodeIgniter\Model->__call('totalUser', [])
 2 SYSTEMPATH\CodeIgniter.php(934): App\Controllers\Home->Home()
 3 SYSTEMPATH\CodeIgniter.php(499): CodeIgniter\CodeIgniter->runController(Object(App\Controllers\Home))
 4 SYSTEMPATH\CodeIgniter.php(368): CodeIgniter\CodeIgniter->handleRequest(null, Object(Config\Cache), false)
 5 FCPATH\index.php(67): CodeIgniter\CodeIgniter->run()
 6 SYSTEMPATH\Commands\Server\rewrite.php(47): require_once('FCPATH\\index.php')
CRITICAL - 2023-06-15 07:23:46 --> Call to undefined method App\Models\UserModel::totalUser
in SYSTEMPATH\Model.php on line 841.
 1 APPPATH\Controllers\Home.php(106): CodeIgniter\Model->__call('totalUser', [])
 2 SYSTEMPATH\CodeIgniter.php(934): App\Controllers\Home->Home()
 3 SYSTEMPATH\CodeIgniter.php(499): CodeIgniter\CodeIgniter->runController(Object(App\Controllers\Home))
 4 SYSTEMPATH\CodeIgniter.php(368): CodeIgniter\CodeIgniter->handleRequest(null, Object(Config\Cache), false)
 5 FCPATH\index.php(67): CodeIgniter\CodeIgniter->run()
 6 SYSTEMPATH\Commands\Server\rewrite.php(47): require_once('FCPATH\\index.php')
CRITICAL - 2023-06-15 07:26:05 --> Call to undefined method App\Models\UserModel::totalUser
in SYSTEMPATH\Model.php on line 841.
 1 APPPATH\Controllers\Home.php(106): CodeIgniter\Model->__call('totalUser', [])
 2 SYSTEMPATH\CodeIgniter.php(934): App\Controllers\Home->Home()
 3 SYSTEMPATH\CodeIgniter.php(499): CodeIgniter\CodeIgniter->runController(Object(App\Controllers\Home))
 4 SYSTEMPATH\CodeIgniter.php(368): CodeIgniter\CodeIgniter->handleRequest(null, Object(Config\Cache), false)
 5 FCPATH\index.php(67): CodeIgniter\CodeIgniter->run()
 6 SYSTEMPATH\Commands\Server\rewrite.php(47): require_once('FCPATH\\index.php')
CRITICAL - 2023-06-15 07:26:06 --> Call to undefined method App\Models\UserModel::totalUser
in SYSTEMPATH\Model.php on line 841.
 1 APPPATH\Controllers\Home.php(106): CodeIgniter\Model->__call('totalUser', [])
 2 SYSTEMPATH\CodeIgniter.php(934): App\Controllers\Home->Home()
 3 SYSTEMPATH\CodeIgniter.php(499): CodeIgniter\CodeIgniter->runController(Object(App\Controllers\Home))
 4 SYSTEMPATH\CodeIgniter.php(368): CodeIgniter\CodeIgniter->handleRequest(null, Object(Config\Cache), false)
 5 FCPATH\index.php(67): CodeIgniter\CodeIgniter->run()
 6 SYSTEMPATH\Commands\Server\rewrite.php(47): require_once('FCPATH\\index.php')
CRITICAL - 2023-06-15 07:26:24 --> Class "App\Controllers\UserModel" not found
in APPPATH\Controllers\Home.php on line 17.
 1 SYSTEMPATH\CodeIgniter.php(906): App\Controllers\Home->__construct()
 2 SYSTEMPATH\CodeIgniter.php(490): CodeIgniter\CodeIgniter->createController()
 3 SYSTEMPATH\CodeIgniter.php(368): CodeIgniter\CodeIgniter->handleRequest(null, Object(Config\Cache), false)
 4 FCPATH\index.php(67): CodeIgniter\CodeIgniter->run()
 5 SYSTEMPATH\Commands\Server\rewrite.php(47): require_once('FCPATH\\index.php')
CRITICAL - 2023-06-15 07:26:24 --> Class "App\Controllers\UserModel" not found
in APPPATH\Controllers\Home.php on line 17.
 1 SYSTEMPATH\CodeIgniter.php(906): App\Controllers\Home->__construct()
 2 SYSTEMPATH\CodeIgniter.php(490): CodeIgniter\CodeIgniter->createController()
 3 SYSTEMPATH\CodeIgniter.php(368): CodeIgniter\CodeIgniter->handleRequest(null, Object(Config\Cache), false)
 4 FCPATH\index.php(67): CodeIgniter\CodeIgniter->run()
 5 SYSTEMPATH\Commands\Server\rewrite.php(47): require_once('FCPATH\\index.php')
CRITICAL - 2023-06-15 07:26:25 --> Class "App\Controllers\UserModel" not found
in APPPATH\Controllers\Home.php on line 17.
 1 SYSTEMPATH\CodeIgniter.php(906): App\Controllers\Home->__construct()
 2 SYSTEMPATH\CodeIgniter.php(490): CodeIgniter\CodeIgniter->createController()
 3 SYSTEMPATH\CodeIgniter.php(368): CodeIgniter\CodeIgniter->handleRequest(null, Object(Config\Cache), false)
 4 FCPATH\index.php(67): CodeIgniter\CodeIgniter->run()
 5 SYSTEMPATH\Commands\Server\rewrite.php(47): require_once('FCPATH\\index.php')
ERROR - 2023-06-15 07:26:32 --> mysqli_sql_exception: Table 'klinik.users' doesn't exist in E:\Rendy\Garapan\tugas_akhir\system\Database\MySQLi\Connection.php:295
Stack trace:
#0 E:\Rendy\Garapan\tugas_akhir\system\Database\MySQLi\Connection.php(295): mysqli->query('SELECT * FROM u...', 0)
#1 E:\Rendy\Garapan\tugas_akhir\system\Database\BaseConnection.php(691): CodeIgniter\Database\MySQLi\Connection->execute('SELECT * FROM u...')
#2 E:\Rendy\Garapan\tugas_akhir\system\Database\BaseConnection.php(605): CodeIgniter\Database\BaseConnection->simpleQuery('SELECT * FROM u...')
#3 E:\Rendy\Garapan\tugas_akhir\app\Models\ModelUser.php(52): CodeIgniter\Database\BaseConnection->query('SELECT * FROM u...')
#4 E:\Rendy\Garapan\tugas_akhir\app\Controllers\Home.php(106): App\Models\ModelUser->totalUser()
#5 E:\Rendy\Garapan\tugas_akhir\system\CodeIgniter.php(934): App\Controllers\Home->Home()
#6 E:\Rendy\Garapan\tugas_akhir\system\CodeIgniter.php(499): CodeIgniter\CodeIgniter->runController(Object(App\Controllers\Home))
#7 E:\Rendy\Garapan\tugas_akhir\system\CodeIgniter.php(368): CodeIgniter\CodeIgniter->handleRequest(NULL, Object(Config\Cache), false)
#8 E:\Rendy\Garapan\tugas_akhir\public\index.php(67): CodeIgniter\CodeIgniter->run()
#9 E:\Rendy\Garapan\tugas_akhir\system\Commands\Server\rewrite.php(47): require_once('E:\\Rendy\\Garapa...')
#10 {main}
CRITICAL - 2023-06-15 07:26:32 --> Table 'klinik.users' doesn't exist
in SYSTEMPATH\Database\BaseConnection.php on line 645.
 1 APPPATH\Models\ModelUser.php(52): CodeIgniter\Database\BaseConnection->query('SELECT * FROM users WHERE level_user = \'Pelanggan\'')
 2 APPPATH\Controllers\Home.php(106): App\Models\ModelUser->totalUser()
 3 SYSTEMPATH\CodeIgniter.php(934): App\Controllers\Home->Home()
 4 SYSTEMPATH\CodeIgniter.php(499): CodeIgniter\CodeIgniter->runController(Object(App\Controllers\Home))
 5 SYSTEMPATH\CodeIgniter.php(368): CodeIgniter\CodeIgniter->handleRequest(null, Object(Config\Cache), false)
 6 FCPATH\index.php(67): CodeIgniter\CodeIgniter->run()
 7 SYSTEMPATH\Commands\Server\rewrite.php(47): require_once('FCPATH\\index.php')
ERROR - 2023-06-15 07:26:35 --> mysqli_sql_exception: Table 'klinik.users' doesn't exist in E:\Rendy\Garapan\tugas_akhir\system\Database\MySQLi\Connection.php:295
Stack trace:
#0 E:\Rendy\Garapan\tugas_akhir\system\Database\MySQLi\Connection.php(295): mysqli->query('SELECT * FROM u...', 0)
#1 E:\Rendy\Garapan\tugas_akhir\system\Database\BaseConnection.php(691): CodeIgniter\Database\MySQLi\Connection->execute('SELECT * FROM u...')
#2 E:\Rendy\Garapan\tugas_akhir\system\Database\BaseConnection.php(605): CodeIgniter\Database\BaseConnection->simpleQuery('SELECT * FROM u...')
#3 E:\Rendy\Garapan\tugas_akhir\app\Models\ModelUser.php(52): CodeIgniter\Database\BaseConnection->query('SELECT * FROM u...')
#4 E:\Rendy\Garapan\tugas_akhir\app\Controllers\Home.php(106): App\Models\ModelUser->totalUser()
#5 E:\Rendy\Garapan\tugas_akhir\system\CodeIgniter.php(934): App\Controllers\Home->Home()
#6 E:\Rendy\Garapan\tugas_akhir\system\CodeIgniter.php(499): CodeIgniter\CodeIgniter->runController(Object(App\Controllers\Home))
#7 E:\Rendy\Garapan\tugas_akhir\system\CodeIgniter.php(368): CodeIgniter\CodeIgniter->handleRequest(NULL, Object(Config\Cache), false)
#8 E:\Rendy\Garapan\tugas_akhir\public\index.php(67): CodeIgniter\CodeIgniter->run()
#9 E:\Rendy\Garapan\tugas_akhir\system\Commands\Server\rewrite.php(47): require_once('E:\\Rendy\\Garapa...')
#10 {main}
CRITICAL - 2023-06-15 07:26:35 --> Table 'klinik.users' doesn't exist
in SYSTEMPATH\Database\BaseConnection.php on line 645.
 1 APPPATH\Models\ModelUser.php(52): CodeIgniter\Database\BaseConnection->query('SELECT * FROM users WHERE level_user = \'Pelanggan\'')
 2 APPPATH\Controllers\Home.php(106): App\Models\ModelUser->totalUser()
 3 SYSTEMPATH\CodeIgniter.php(934): App\Controllers\Home->Home()
 4 SYSTEMPATH\CodeIgniter.php(499): CodeIgniter\CodeIgniter->runController(Object(App\Controllers\Home))
 5 SYSTEMPATH\CodeIgniter.php(368): CodeIgniter\CodeIgniter->handleRequest(null, Object(Config\Cache), false)
 6 FCPATH\index.php(67): CodeIgniter\CodeIgniter->run()
 7 SYSTEMPATH\Commands\Server\rewrite.php(47): require_once('FCPATH\\index.php')
