CRITICAL - 2023-02-21 04:32:57 --> Invalid file: "Detail/ChemicalPeeling.php"
in SYSTEMPATH\Exceptions\FrameworkException.php on line 33.
 1 SYSTEMPATH\View\View.php(201): CodeIgniter\Exceptions\FrameworkException::forInvalidFile('Detail/ChemicalPeeling.php')
 2 SYSTEMPATH\Common.php(1177): CodeIgniter\View\View->render('Detail/ChemicalPeeling', [], true)
 3 APPPATH\Controllers\Home.php(101): view('Detail/ChemicalPeeling')
 4 SYSTEMPATH\CodeIgniter.php(934): App\Controllers\Home->ChemicalPeeling()
 5 SYSTEMPATH\CodeIgniter.php(499): CodeIgniter\CodeIgniter->runController(Object(App\Controllers\Home))
 6 SYSTEMPATH\CodeIgniter.php(368): CodeIgniter\CodeIgniter->handleRequest(null, Object(Config\Cache), false)
 7 FCPATH\index.php(67): CodeIgniter\CodeIgniter->run()
 8 SYSTEMPATH\Commands\Server\rewrite.php(47): require_once('FCPATH\\index.php')
CRITICAL - 2023-02-21 04:33:54 --> Invalid file: "Detail/ChemicalPeeling.php"
in SYSTEMPATH\Exceptions\FrameworkException.php on line 33.
 1 SYSTEMPATH\View\View.php(201): CodeIgniter\Exceptions\FrameworkException::forInvalidFile('Detail/ChemicalPeeling.php')
 2 SYSTEMPATH\Common.php(1177): CodeIgniter\View\View->render('Detail/ChemicalPeeling', [], true)
 3 APPPATH\Controllers\Home.php(101): view('Detail/ChemicalPeeling')
 4 SYSTEMPATH\CodeIgniter.php(934): App\Controllers\Home->ChemicalPeeling()
 5 SYSTEMPATH\CodeIgniter.php(499): CodeIgniter\CodeIgniter->runController(Object(App\Controllers\Home))
 6 SYSTEMPATH\CodeIgniter.php(368): CodeIgniter\CodeIgniter->handleRequest(null, Object(Config\Cache), false)
 7 FCPATH\index.php(67): CodeIgniter\CodeIgniter->run()
 8 SYSTEMPATH\Commands\Server\rewrite.php(47): require_once('FCPATH\\index.php')
CRITICAL - 2023-02-21 04:33:55 --> Invalid file: "Detail/ChemicalPeeling.php"
in SYSTEMPATH\Exceptions\FrameworkException.php on line 33.
 1 SYSTEMPATH\View\View.php(201): CodeIgniter\Exceptions\FrameworkException::forInvalidFile('Detail/ChemicalPeeling.php')
 2 SYSTEMPATH\Common.php(1177): CodeIgniter\View\View->render('Detail/ChemicalPeeling', [], true)
 3 APPPATH\Controllers\Home.php(101): view('Detail/ChemicalPeeling')
 4 SYSTEMPATH\CodeIgniter.php(934): App\Controllers\Home->ChemicalPeeling()
 5 SYSTEMPATH\CodeIgniter.php(499): CodeIgniter\CodeIgniter->runController(Object(App\Controllers\Home))
 6 SYSTEMPATH\CodeIgniter.php(368): CodeIgniter\CodeIgniter->handleRequest(null, Object(Config\Cache), false)
 7 FCPATH\index.php(67): CodeIgniter\CodeIgniter->run()
 8 SYSTEMPATH\Commands\Server\rewrite.php(47): require_once('FCPATH\\index.php')
CRITICAL - 2023-02-21 04:40:59 --> Invalid file: "Detail/ChemicalPeeling.php"
in SYSTEMPATH\Exceptions\FrameworkException.php on line 33.
 1 SYSTEMPATH\View\View.php(201): CodeIgniter\Exceptions\FrameworkException::forInvalidFile('Detail/ChemicalPeeling.php')
 2 SYSTEMPATH\Common.php(1177): CodeIgniter\View\View->render('Detail/ChemicalPeeling', [], true)
 3 APPPATH\Controllers\Home.php(101): view('Detail/ChemicalPeeling')
 4 SYSTEMPATH\CodeIgniter.php(934): App\Controllers\Home->ChemicalPeeling()
 5 SYSTEMPATH\CodeIgniter.php(499): CodeIgniter\CodeIgniter->runController(Object(App\Controllers\Home))
 6 SYSTEMPATH\CodeIgniter.php(368): CodeIgniter\CodeIgniter->handleRequest(null, Object(Config\Cache), false)
 7 FCPATH\index.php(67): CodeIgniter\CodeIgniter->run()
 8 SYSTEMPATH\Commands\Server\rewrite.php(47): require_once('FCPATH\\index.php')
CRITICAL - 2023-02-21 04:42:04 --> Invalid file: "Detail/ChemicalPeeling.php"
in SYSTEMPATH\Exceptions\FrameworkException.php on line 33.
 1 SYSTEMPATH\View\View.php(201): CodeIgniter\Exceptions\FrameworkException::forInvalidFile('Detail/ChemicalPeeling.php')
 2 SYSTEMPATH\Common.php(1177): CodeIgniter\View\View->render('Detail/ChemicalPeeling', [], true)
 3 APPPATH\Controllers\Home.php(101): view('Detail/ChemicalPeeling')
 4 SYSTEMPATH\CodeIgniter.php(934): App\Controllers\Home->ChemicalPeeling()
 5 SYSTEMPATH\CodeIgniter.php(499): CodeIgniter\CodeIgniter->runController(Object(App\Controllers\Home))
 6 SYSTEMPATH\CodeIgniter.php(368): CodeIgniter\CodeIgniter->handleRequest(null, Object(Config\Cache), false)
 7 FCPATH\index.php(67): CodeIgniter\CodeIgniter->run()
 8 SYSTEMPATH\Commands\Server\rewrite.php(47): require_once('FCPATH\\index.php')
CRITICAL - 2023-02-21 04:42:05 --> Invalid file: "Detail/ChemicalPeeling.php"
in SYSTEMPATH\Exceptions\FrameworkException.php on line 33.
 1 SYSTEMPATH\View\View.php(201): CodeIgniter\Exceptions\FrameworkException::forInvalidFile('Detail/ChemicalPeeling.php')
 2 SYSTEMPATH\Common.php(1177): CodeIgniter\View\View->render('Detail/ChemicalPeeling', [], true)
 3 APPPATH\Controllers\Home.php(101): view('Detail/ChemicalPeeling')
 4 SYSTEMPATH\CodeIgniter.php(934): App\Controllers\Home->ChemicalPeeling()
 5 SYSTEMPATH\CodeIgniter.php(499): CodeIgniter\CodeIgniter->runController(Object(App\Controllers\Home))
 6 SYSTEMPATH\CodeIgniter.php(368): CodeIgniter\CodeIgniter->handleRequest(null, Object(Config\Cache), false)
 7 FCPATH\index.php(67): CodeIgniter\CodeIgniter->run()
 8 SYSTEMPATH\Commands\Server\rewrite.php(47): require_once('FCPATH\\index.php')
CRITICAL - 2023-02-21 04:42:06 --> Invalid file: "Detail/ChemicalPeeling.php"
in SYSTEMPATH\Exceptions\FrameworkException.php on line 33.
 1 SYSTEMPATH\View\View.php(201): CodeIgniter\Exceptions\FrameworkException::forInvalidFile('Detail/ChemicalPeeling.php')
 2 SYSTEMPATH\Common.php(1177): CodeIgniter\View\View->render('Detail/ChemicalPeeling', [], true)
 3 APPPATH\Controllers\Home.php(101): view('Detail/ChemicalPeeling')
 4 SYSTEMPATH\CodeIgniter.php(934): App\Controllers\Home->ChemicalPeeling()
 5 SYSTEMPATH\CodeIgniter.php(499): CodeIgniter\CodeIgniter->runController(Object(App\Controllers\Home))
 6 SYSTEMPATH\CodeIgniter.php(368): CodeIgniter\CodeIgniter->handleRequest(null, Object(Config\Cache), false)
 7 FCPATH\index.php(67): CodeIgniter\CodeIgniter->run()
 8 SYSTEMPATH\Commands\Server\rewrite.php(47): require_once('FCPATH\\index.php')
CRITICAL - 2023-02-21 12:05:49 --> Invalid file: "Detail/ChemicalPeelingBiir.php"
in SYSTEMPATH\Exceptions\FrameworkException.php on line 33.
 1 SYSTEMPATH\View\View.php(201): CodeIgniter\Exceptions\FrameworkException::forInvalidFile('Detail/ChemicalPeelingBiir.php')
 2 SYSTEMPATH\Common.php(1177): CodeIgniter\View\View->render('Detail/ChemicalPeelingBiir', [], true)
 3 APPPATH\Controllers\Home.php(122): view('Detail/ChemicalPeelingBiir')
 4 SYSTEMPATH\CodeIgniter.php(934): App\Controllers\Home->ChemicalPeelingBibir()
 5 SYSTEMPATH\CodeIgniter.php(499): CodeIgniter\CodeIgniter->runController(Object(App\Controllers\Home))
 6 SYSTEMPATH\CodeIgniter.php(368): CodeIgniter\CodeIgniter->handleRequest(null, Object(Config\Cache), false)
 7 FCPATH\index.php(67): CodeIgniter\CodeIgniter->run()
 8 SYSTEMPATH\Commands\Server\rewrite.php(47): require_once('FCPATH\\index.php')
CRITICAL - 2023-02-21 12:06:13 --> Invalid file: "Detail/ChemicalPeelingBir.php"
in SYSTEMPATH\Exceptions\FrameworkException.php on line 33.
 1 SYSTEMPATH\View\View.php(201): CodeIgniter\Exceptions\FrameworkException::forInvalidFile('Detail/ChemicalPeelingBir.php')
 2 SYSTEMPATH\Common.php(1177): CodeIgniter\View\View->render('Detail/ChemicalPeelingBir', [], true)
 3 APPPATH\Controllers\Home.php(122): view('Detail/ChemicalPeelingBir')
 4 SYSTEMPATH\CodeIgniter.php(934): App\Controllers\Home->ChemicalPeelingBibir()
 5 SYSTEMPATH\CodeIgniter.php(499): CodeIgniter\CodeIgniter->runController(Object(App\Controllers\Home))
 6 SYSTEMPATH\CodeIgniter.php(368): CodeIgniter\CodeIgniter->handleRequest(null, Object(Config\Cache), false)
 7 FCPATH\index.php(67): CodeIgniter\CodeIgniter->run()
 8 SYSTEMPATH\Commands\Server\rewrite.php(47): require_once('FCPATH\\index.php')
CRITICAL - 2023-02-21 12:06:14 --> Invalid file: "Detail/ChemicalPeelingBir.php"
in SYSTEMPATH\Exceptions\FrameworkException.php on line 33.
 1 SYSTEMPATH\View\View.php(201): CodeIgniter\Exceptions\FrameworkException::forInvalidFile('Detail/ChemicalPeelingBir.php')
 2 SYSTEMPATH\Common.php(1177): CodeIgniter\View\View->render('Detail/ChemicalPeelingBir', [], true)
 3 APPPATH\Controllers\Home.php(122): view('Detail/ChemicalPeelingBir')
 4 SYSTEMPATH\CodeIgniter.php(934): App\Controllers\Home->ChemicalPeelingBibir()
 5 SYSTEMPATH\CodeIgniter.php(499): CodeIgniter\CodeIgniter->runController(Object(App\Controllers\Home))
 6 SYSTEMPATH\CodeIgniter.php(368): CodeIgniter\CodeIgniter->handleRequest(null, Object(Config\Cache), false)
 7 FCPATH\index.php(67): CodeIgniter\CodeIgniter->run()
 8 SYSTEMPATH\Commands\Server\rewrite.php(47): require_once('FCPATH\\index.php')
CRITICAL - 2023-02-21 12:06:27 --> Invalid file: "Detail/ChemicalPeelingBibir.php"
in SYSTEMPATH\Exceptions\FrameworkException.php on line 33.
 1 SYSTEMPATH\View\View.php(201): CodeIgniter\Exceptions\FrameworkException::forInvalidFile('Detail/ChemicalPeelingBibir.php')
 2 SYSTEMPATH\Common.php(1177): CodeIgniter\View\View->render('Detail/ChemicalPeelingBibir', [], true)
 3 APPPATH\Controllers\Home.php(122): view('Detail/ChemicalPeelingBibir')
 4 SYSTEMPATH\CodeIgniter.php(934): App\Controllers\Home->ChemicalPeelingBibir()
 5 SYSTEMPATH\CodeIgniter.php(499): CodeIgniter\CodeIgniter->runController(Object(App\Controllers\Home))
 6 SYSTEMPATH\CodeIgniter.php(368): CodeIgniter\CodeIgniter->handleRequest(null, Object(Config\Cache), false)
 7 FCPATH\index.php(67): CodeIgniter\CodeIgniter->run()
 8 SYSTEMPATH\Commands\Server\rewrite.php(47): require_once('FCPATH\\index.php')
CRITICAL - 2023-02-21 12:06:44 --> Invalid file: "Detail/ChemicalPeelingBibir.php"
in SYSTEMPATH\Exceptions\FrameworkException.php on line 33.
 1 SYSTEMPATH\View\View.php(201): CodeIgniter\Exceptions\FrameworkException::forInvalidFile('Detail/ChemicalPeelingBibir.php')
 2 SYSTEMPATH\Common.php(1177): CodeIgniter\View\View->render('Detail/ChemicalPeelingBibir', [], true)
 3 APPPATH\Controllers\Home.php(122): view('Detail/ChemicalPeelingBibir')
 4 SYSTEMPATH\CodeIgniter.php(934): App\Controllers\Home->ChemicalPeelingBibir()
 5 SYSTEMPATH\CodeIgniter.php(499): CodeIgniter\CodeIgniter->runController(Object(App\Controllers\Home))
 6 SYSTEMPATH\CodeIgniter.php(368): CodeIgniter\CodeIgniter->handleRequest(null, Object(Config\Cache), false)
 7 FCPATH\index.php(67): CodeIgniter\CodeIgniter->run()
 8 SYSTEMPATH\Commands\Server\rewrite.php(47): require_once('FCPATH\\index.php')
CRITICAL - 2023-02-21 12:07:25 --> Invalid file: "Detail/ChemicalPeelingBibir.php"
in SYSTEMPATH\Exceptions\FrameworkException.php on line 33.
 1 SYSTEMPATH\View\View.php(201): CodeIgniter\Exceptions\FrameworkException::forInvalidFile('Detail/ChemicalPeelingBibir.php')
 2 SYSTEMPATH\Common.php(1177): CodeIgniter\View\View->render('Detail/ChemicalPeelingBibir', [], true)
 3 APPPATH\Controllers\Home.php(122): view('Detail/ChemicalPeelingBibir')
 4 SYSTEMPATH\CodeIgniter.php(934): App\Controllers\Home->ChemicalPeelingBibir()
 5 SYSTEMPATH\CodeIgniter.php(499): CodeIgniter\CodeIgniter->runController(Object(App\Controllers\Home))
 6 SYSTEMPATH\CodeIgniter.php(368): CodeIgniter\CodeIgniter->handleRequest(null, Object(Config\Cache), false)
 7 FCPATH\index.php(67): CodeIgniter\CodeIgniter->run()
 8 SYSTEMPATH\Commands\Server\rewrite.php(47): require_once('FCPATH\\index.php')
CRITICAL - 2023-02-21 12:07:27 --> Invalid file: "Detail/ChemicalPeelingBibir.php"
in SYSTEMPATH\Exceptions\FrameworkException.php on line 33.
 1 SYSTEMPATH\View\View.php(201): CodeIgniter\Exceptions\FrameworkException::forInvalidFile('Detail/ChemicalPeelingBibir.php')
 2 SYSTEMPATH\Common.php(1177): CodeIgniter\View\View->render('Detail/ChemicalPeelingBibir', [], true)
 3 APPPATH\Controllers\Home.php(122): view('Detail/ChemicalPeelingBibir')
 4 SYSTEMPATH\CodeIgniter.php(934): App\Controllers\Home->ChemicalPeelingBibir()
 5 SYSTEMPATH\CodeIgniter.php(499): CodeIgniter\CodeIgniter->runController(Object(App\Controllers\Home))
 6 SYSTEMPATH\CodeIgniter.php(368): CodeIgniter\CodeIgniter->handleRequest(null, Object(Config\Cache), false)
 7 FCPATH\index.php(67): CodeIgniter\CodeIgniter->run()
 8 SYSTEMPATH\Commands\Server\rewrite.php(47): require_once('FCPATH\\index.php')
