INFO - 2023-05-20 02:52:28 --> Session: Class initialized using 'CodeIgniter\Session\Handlers\FileHandler' driver.
CRITICAL - 2023-05-20 03:37:38 --> Updates are not allowed unless they contain a "where" or "like" clause.
in SYSTEMPATH\Model.php on line 390.
 1 SYSTEMPATH\BaseModel.php(943): CodeIgniter\Model->doUpdate(null, [...])
 2 SYSTEMPATH\Model.php(755): CodeIgniter\BaseModel->update(null, [...])
 3 APPPATH\Controllers\UserController.php(54): CodeIgniter\Model->update(null, [...])
 4 SYSTEMPATH\CodeIgniter.php(934): App\Controllers\UserController->update('17')
 5 SYSTEMPATH\CodeIgniter.php(499): CodeIgniter\CodeIgniter->runController(Object(App\Controllers\UserController))
 6 SYSTEMPATH\CodeIgniter.php(368): CodeIgniter\CodeIgniter->handleRequest(null, Object(Config\Cache), false)
 7 FCPATH\index.php(67): CodeIgniter\CodeIgniter->run()
 8 SYSTEMPATH\Commands\Server\rewrite.php(47): require_once('FCPATH\\index.php')
INFO - 2023-05-20 03:48:05 --> Session: Class initialized using 'CodeIgniter\Session\Handlers\FileHandler' driver.
CRITICAL - 2023-05-20 03:50:02 --> Invalid file: "Admin/Home.php"
in SYSTEMPATH\Exceptions\FrameworkException.php on line 33.
 1 SYSTEMPATH\View\View.php(201): CodeIgniter\Exceptions\FrameworkException::forInvalidFile('Admin/Home.php')
 2 SYSTEMPATH\Common.php(1177): CodeIgniter\View\View->render('Admin/Home', [], true)
 3 APPPATH\Controllers\Home.php(352): view('Admin/Home')
 4 SYSTEMPATH\CodeIgniter.php(934): App\Controllers\Home->Home()
 5 SYSTEMPATH\CodeIgniter.php(499): CodeIgniter\CodeIgniter->runController(Object(App\Controllers\Home))
 6 SYSTEMPATH\CodeIgniter.php(368): CodeIgniter\CodeIgniter->handleRequest(null, Object(Config\Cache), false)
 7 FCPATH\index.php(67): CodeIgniter\CodeIgniter->run()
 8 SYSTEMPATH\Commands\Server\rewrite.php(47): require_once('FCPATH\\index.php')
INFO - 2023-05-20 04:23:33 --> Session: Class initialized using 'CodeIgniter\Session\Handlers\FileHandler' driver.
CRITICAL - 2023-05-20 04:29:23 --> Undefined variable: users
in APPPATH\Views\Admin\Treatment.php on line 34.
 1 APPPATH\Views\Admin\Treatment.php(34): CodeIgniter\Debug\Exceptions->errorHandler(8, 'Undefined variable: users', 'APPPATH\\Views\\Admin\\Treatment.php', 34, [...])
 2 SYSTEMPATH\View\View.php(213): include('APPPATH\\Views\\Admin\\Treatment.php')
 3 SYSTEMPATH\View\View.php(216): CodeIgniter\View\View->CodeIgniter\View\{closure}()
 4 SYSTEMPATH\Common.php(1177): CodeIgniter\View\View->render('Admin/Treatment', [], true)
 5 APPPATH\Controllers\Treatment.php(23): view('Admin/Treatment', [...])
 6 SYSTEMPATH\CodeIgniter.php(934): App\Controllers\Treatment->index()
 7 SYSTEMPATH\CodeIgniter.php(499): CodeIgniter\CodeIgniter->runController(Object(App\Controllers\Treatment))
 8 SYSTEMPATH\CodeIgniter.php(368): CodeIgniter\CodeIgniter->handleRequest(null, Object(Config\Cache), false)
 9 FCPATH\index.php(67): CodeIgniter\CodeIgniter->run()
10 SYSTEMPATH\Commands\Server\rewrite.php(47): require_once('FCPATH\\index.php')
CRITICAL - 2023-05-20 04:30:53 --> Undefined variable: treatment
in APPPATH\Views\Admin\Treatment.php on line 34.
 1 APPPATH\Views\Admin\Treatment.php(34): CodeIgniter\Debug\Exceptions->errorHandler(8, 'Undefined variable: treatment', 'APPPATH\\Views\\Admin\\Treatment.php', 34, [...])
 2 SYSTEMPATH\View\View.php(213): include('APPPATH\\Views\\Admin\\Treatment.php')
 3 SYSTEMPATH\View\View.php(216): CodeIgniter\View\View->CodeIgniter\View\{closure}()
 4 SYSTEMPATH\Common.php(1177): CodeIgniter\View\View->render('Admin/Treatment', [], true)
 5 APPPATH\Controllers\Treatment.php(23): view('Admin/Treatment', [...])
 6 SYSTEMPATH\CodeIgniter.php(934): App\Controllers\Treatment->index()
 7 SYSTEMPATH\CodeIgniter.php(499): CodeIgniter\CodeIgniter->runController(Object(App\Controllers\Treatment))
 8 SYSTEMPATH\CodeIgniter.php(368): CodeIgniter\CodeIgniter->handleRequest(null, Object(Config\Cache), false)
 9 FCPATH\index.php(67): CodeIgniter\CodeIgniter->run()
10 SYSTEMPATH\Commands\Server\rewrite.php(47): require_once('FCPATH\\index.php')
CRITICAL - 2023-05-20 04:33:46 --> Undefined variable: treatment
in APPPATH\Views\Admin\Treatment.php on line 31.
 1 APPPATH\Views\Admin\Treatment.php(31): CodeIgniter\Debug\Exceptions->errorHandler(8, 'Undefined variable: treatment', 'APPPATH\\Views\\Admin\\Treatment.php', 31, [...])
 2 SYSTEMPATH\View\View.php(213): include('APPPATH\\Views\\Admin\\Treatment.php')
 3 SYSTEMPATH\View\View.php(216): CodeIgniter\View\View->CodeIgniter\View\{closure}()
 4 SYSTEMPATH\Common.php(1177): CodeIgniter\View\View->render('Admin/Treatment', [], true)
 5 APPPATH\Controllers\Treatment.php(23): view('Admin/Treatment', [...])
 6 SYSTEMPATH\CodeIgniter.php(934): App\Controllers\Treatment->index()
 7 SYSTEMPATH\CodeIgniter.php(499): CodeIgniter\CodeIgniter->runController(Object(App\Controllers\Treatment))
 8 SYSTEMPATH\CodeIgniter.php(368): CodeIgniter\CodeIgniter->handleRequest(null, Object(Config\Cache), false)
 9 FCPATH\index.php(67): CodeIgniter\CodeIgniter->run()
10 SYSTEMPATH\Commands\Server\rewrite.php(47): require_once('FCPATH\\index.php')
CRITICAL - 2023-05-20 04:34:34 --> Undefined variable: Treatment
in APPPATH\Views\Admin\Treatment.php on line 31.
 1 APPPATH\Views\Admin\Treatment.php(31): CodeIgniter\Debug\Exceptions->errorHandler(8, 'Undefined variable: Treatment', 'APPPATH\\Views\\Admin\\Treatment.php', 31, [...])
 2 SYSTEMPATH\View\View.php(213): include('APPPATH\\Views\\Admin\\Treatment.php')
 3 SYSTEMPATH\View\View.php(216): CodeIgniter\View\View->CodeIgniter\View\{closure}()
 4 SYSTEMPATH\Common.php(1177): CodeIgniter\View\View->render('Admin/Treatment', [], true)
 5 APPPATH\Controllers\Treatment.php(23): view('Admin/Treatment', [...])
 6 SYSTEMPATH\CodeIgniter.php(934): App\Controllers\Treatment->index()
 7 SYSTEMPATH\CodeIgniter.php(499): CodeIgniter\CodeIgniter->runController(Object(App\Controllers\Treatment))
 8 SYSTEMPATH\CodeIgniter.php(368): CodeIgniter\CodeIgniter->handleRequest(null, Object(Config\Cache), false)
 9 FCPATH\index.php(67): CodeIgniter\CodeIgniter->run()
10 SYSTEMPATH\Commands\Server\rewrite.php(47): require_once('FCPATH\\index.php')
CRITICAL - 2023-05-20 04:34:43 --> Undefined variable: Treatment
in APPPATH\Views\Admin\Treatment.php on line 31.
 1 APPPATH\Views\Admin\Treatment.php(31): CodeIgniter\Debug\Exceptions->errorHandler(8, 'Undefined variable: Treatment', 'APPPATH\\Views\\Admin\\Treatment.php', 31, [...])
 2 SYSTEMPATH\View\View.php(213): include('APPPATH\\Views\\Admin\\Treatment.php')
 3 SYSTEMPATH\View\View.php(216): CodeIgniter\View\View->CodeIgniter\View\{closure}()
 4 SYSTEMPATH\Common.php(1177): CodeIgniter\View\View->render('Admin/Treatment', [], true)
 5 APPPATH\Controllers\Treatment.php(23): view('Admin/Treatment', [...])
 6 SYSTEMPATH\CodeIgniter.php(934): App\Controllers\Treatment->index()
 7 SYSTEMPATH\CodeIgniter.php(499): CodeIgniter\CodeIgniter->runController(Object(App\Controllers\Treatment))
 8 SYSTEMPATH\CodeIgniter.php(368): CodeIgniter\CodeIgniter->handleRequest(null, Object(Config\Cache), false)
 9 FCPATH\index.php(67): CodeIgniter\CodeIgniter->run()
10 SYSTEMPATH\Commands\Server\rewrite.php(47): require_once('FCPATH\\index.php')
CRITICAL - 2023-05-20 04:36:23 --> Undefined variable: user
in APPPATH\Views\Admin\Treatment.php on line 33.
 1 APPPATH\Views\Admin\Treatment.php(33): CodeIgniter\Debug\Exceptions->errorHandler(8, 'Undefined variable: user', 'APPPATH\\Views\\Admin\\Treatment.php', 33, [...])
 2 SYSTEMPATH\View\View.php(213): include('APPPATH\\Views\\Admin\\Treatment.php')
 3 SYSTEMPATH\View\View.php(216): CodeIgniter\View\View->CodeIgniter\View\{closure}()
 4 SYSTEMPATH\Common.php(1177): CodeIgniter\View\View->render('Admin/Treatment', [], true)
 5 APPPATH\Controllers\Treatment.php(23): view('Admin/Treatment', [...])
 6 SYSTEMPATH\CodeIgniter.php(934): App\Controllers\Treatment->index()
 7 SYSTEMPATH\CodeIgniter.php(499): CodeIgniter\CodeIgniter->runController(Object(App\Controllers\Treatment))
 8 SYSTEMPATH\CodeIgniter.php(368): CodeIgniter\CodeIgniter->handleRequest(null, Object(Config\Cache), false)
 9 FCPATH\index.php(67): CodeIgniter\CodeIgniter->run()
10 SYSTEMPATH\Commands\Server\rewrite.php(47): require_once('FCPATH\\index.php')
CRITICAL - 2023-05-20 04:37:14 --> Undefined variable: treatment
in APPPATH\Views\Admin\Treatment.php on line 33.
 1 APPPATH\Views\Admin\Treatment.php(33): CodeIgniter\Debug\Exceptions->errorHandler(8, 'Undefined variable: treatment', 'APPPATH\\Views\\Admin\\Treatment.php', 33, [...])
 2 SYSTEMPATH\View\View.php(213): include('APPPATH\\Views\\Admin\\Treatment.php')
 3 SYSTEMPATH\View\View.php(216): CodeIgniter\View\View->CodeIgniter\View\{closure}()
 4 SYSTEMPATH\Common.php(1177): CodeIgniter\View\View->render('Admin/Treatment', [], true)
 5 APPPATH\Controllers\Treatment.php(23): view('Admin/Treatment', [...])
 6 SYSTEMPATH\CodeIgniter.php(934): App\Controllers\Treatment->index()
 7 SYSTEMPATH\CodeIgniter.php(499): CodeIgniter\CodeIgniter->runController(Object(App\Controllers\Treatment))
 8 SYSTEMPATH\CodeIgniter.php(368): CodeIgniter\CodeIgniter->handleRequest(null, Object(Config\Cache), false)
 9 FCPATH\index.php(67): CodeIgniter\CodeIgniter->run()
10 SYSTEMPATH\Commands\Server\rewrite.php(47): require_once('FCPATH\\index.php')
CRITICAL - 2023-05-20 04:37:45 --> Cannot use object of type stdClass as array
in APPPATH\Views\Admin\Treatment.php on line 33.
 1 SYSTEMPATH\View\View.php(213): include()
 2 SYSTEMPATH\View\View.php(216): CodeIgniter\View\View->CodeIgniter\View\{closure}()
 3 SYSTEMPATH\Common.php(1177): CodeIgniter\View\View->render('Admin/Treatment', [], true)
 4 APPPATH\Controllers\Treatment.php(23): view('Admin/Treatment', [...])
 5 SYSTEMPATH\CodeIgniter.php(934): App\Controllers\Treatment->index()
 6 SYSTEMPATH\CodeIgniter.php(499): CodeIgniter\CodeIgniter->runController(Object(App\Controllers\Treatment))
 7 SYSTEMPATH\CodeIgniter.php(368): CodeIgniter\CodeIgniter->handleRequest(null, Object(Config\Cache), false)
 8 FCPATH\index.php(67): CodeIgniter\CodeIgniter->run()
 9 SYSTEMPATH\Commands\Server\rewrite.php(47): require_once('FCPATH\\index.php')
CRITICAL - 2023-05-20 04:39:09 --> Cannot use object of type stdClass as array
in APPPATH\Views\Admin\Treatment.php on line 33.
 1 SYSTEMPATH\View\View.php(213): include()
 2 SYSTEMPATH\View\View.php(216): CodeIgniter\View\View->CodeIgniter\View\{closure}()
 3 SYSTEMPATH\Common.php(1177): CodeIgniter\View\View->render('Admin/Treatment', [], true)
 4 APPPATH\Controllers\Treatment.php(23): view('Admin/Treatment', [...])
 5 SYSTEMPATH\CodeIgniter.php(934): App\Controllers\Treatment->index()
 6 SYSTEMPATH\CodeIgniter.php(499): CodeIgniter\CodeIgniter->runController(Object(App\Controllers\Treatment))
 7 SYSTEMPATH\CodeIgniter.php(368): CodeIgniter\CodeIgniter->handleRequest(null, Object(Config\Cache), false)
 8 FCPATH\index.php(67): CodeIgniter\CodeIgniter->run()
 9 SYSTEMPATH\Commands\Server\rewrite.php(47): require_once('FCPATH\\index.php')
CRITICAL - 2023-05-20 04:39:39 --> Cannot use object of type stdClass as array
in APPPATH\Views\Admin\Treatment.php on line 33.
 1 SYSTEMPATH\View\View.php(213): include()
 2 SYSTEMPATH\View\View.php(216): CodeIgniter\View\View->CodeIgniter\View\{closure}()
 3 SYSTEMPATH\Common.php(1177): CodeIgniter\View\View->render('Admin/Treatment', [], true)
 4 APPPATH\Controllers\Treatment.php(23): view('Admin/Treatment', [...])
 5 SYSTEMPATH\CodeIgniter.php(934): App\Controllers\Treatment->index()
 6 SYSTEMPATH\CodeIgniter.php(499): CodeIgniter\CodeIgniter->runController(Object(App\Controllers\Treatment))
 7 SYSTEMPATH\CodeIgniter.php(368): CodeIgniter\CodeIgniter->handleRequest(null, Object(Config\Cache), false)
 8 FCPATH\index.php(67): CodeIgniter\CodeIgniter->run()
 9 SYSTEMPATH\Commands\Server\rewrite.php(47): require_once('FCPATH\\index.php')
