CRITICAL - 2023-03-01 03:54:23 --> Call to undefined function form_open()
in APPPATH\Views\layout\register.php on line 11.
 1 SYSTEMPATH\View\View.php(213): include()
 2 SYSTEMPATH\View\View.php(216): CodeIgniter\View\View->CodeIgniter\View\{closure}()
 3 SYSTEMPATH\Common.php(1177): CodeIgniter\View\View->render('layout/register', [], true)
 4 APPPATH\Controllers\Home.php(94): view('layout/register')
 5 SYSTEMPATH\CodeIgniter.php(934): App\Controllers\Home->Register()
 6 SYSTEMPATH\CodeIgniter.php(499): CodeIgniter\CodeIgniter->runController(Object(App\Controllers\Home))
 7 SYSTEMPATH\CodeIgniter.php(368): CodeIgniter\CodeIgniter->handleRequest(null, Object(Config\Cache), false)
 8 FCPATH\index.php(67): CodeIgniter\CodeIgniter->run()
 9 SYSTEMPATH\Commands\Server\rewrite.php(47): require_once('FCPATH\\index.php')
CRITICAL - 2023-03-01 04:42:08 --> Undefined variable: active
in APPPATH\Views\layout\header.php on line 45.
 1 APPPATH\Views\layout\header.php(45): CodeIgniter\Debug\Exceptions->errorHandler(8, 'Undefined variable: active', 'APPPATH\\Views\\layout\\header.php', 45, [])
 2 SYSTEMPATH\View\View.php(213): include('APPPATH\\Views\\layout\\header.php')
 3 SYSTEMPATH\View\View.php(216): CodeIgniter\View\View->CodeIgniter\View\{closure}()
 4 SYSTEMPATH\Common.php(1177): CodeIgniter\View\View->render('layout/header', [], true)
 5 APPPATH\Controllers\Home.php(16): view('layout/header')
 6 SYSTEMPATH\CodeIgniter.php(934): App\Controllers\Home->klinik()
 7 SYSTEMPATH\CodeIgniter.php(499): CodeIgniter\CodeIgniter->runController(Object(App\Controllers\Home))
 8 SYSTEMPATH\CodeIgniter.php(368): CodeIgniter\CodeIgniter->handleRequest(null, Object(Config\Cache), false)
 9 FCPATH\index.php(67): CodeIgniter\CodeIgniter->run()
10 SYSTEMPATH\Commands\Server\rewrite.php(47): require_once('FCPATH\\index.php')
CRITICAL - 2023-03-01 04:45:09 --> Undefined variable: active
in APPPATH\Views\layout\header.php on line 45.
 1 APPPATH\Views\layout\header.php(45): CodeIgniter\Debug\Exceptions->errorHandler(8, 'Undefined variable: active', 'APPPATH\\Views\\layout\\header.php', 45, [])
 2 SYSTEMPATH\View\View.php(213): include('APPPATH\\Views\\layout\\header.php')
 3 SYSTEMPATH\View\View.php(216): CodeIgniter\View\View->CodeIgniter\View\{closure}()
 4 SYSTEMPATH\Common.php(1177): CodeIgniter\View\View->render('layout/header', [], true)
 5 APPPATH\Controllers\Home.php(19): view('layout/header')
 6 SYSTEMPATH\CodeIgniter.php(934): App\Controllers\Home->klinik()
 7 SYSTEMPATH\CodeIgniter.php(499): CodeIgniter\CodeIgniter->runController(Object(App\Controllers\Home))
 8 SYSTEMPATH\CodeIgniter.php(368): CodeIgniter\CodeIgniter->handleRequest(null, Object(Config\Cache), false)
 9 FCPATH\index.php(67): CodeIgniter\CodeIgniter->run()
10 SYSTEMPATH\Commands\Server\rewrite.php(47): require_once('FCPATH\\index.php')
CRITICAL - 2023-03-01 04:45:28 --> Undefined variable: active
in APPPATH\Views\layout\header.php on line 45.
 1 APPPATH\Views\layout\header.php(45): CodeIgniter\Debug\Exceptions->errorHandler(8, 'Undefined variable: active', 'APPPATH\\Views\\layout\\header.php', 45, [])
 2 SYSTEMPATH\View\View.php(213): include('APPPATH\\Views\\layout\\header.php')
 3 SYSTEMPATH\View\View.php(216): CodeIgniter\View\View->CodeIgniter\View\{closure}()
 4 SYSTEMPATH\Common.php(1177): CodeIgniter\View\View->render('layout/header', [], true)
 5 APPPATH\Controllers\Home.php(19): view('layout/header')
 6 SYSTEMPATH\CodeIgniter.php(934): App\Controllers\Home->klinik()
 7 SYSTEMPATH\CodeIgniter.php(499): CodeIgniter\CodeIgniter->runController(Object(App\Controllers\Home))
 8 SYSTEMPATH\CodeIgniter.php(368): CodeIgniter\CodeIgniter->handleRequest(null, Object(Config\Cache), false)
 9 FCPATH\index.php(67): CodeIgniter\CodeIgniter->run()
10 SYSTEMPATH\Commands\Server\rewrite.php(47): require_once('FCPATH\\index.php')
CRITICAL - 2023-03-01 04:45:29 --> Undefined variable: active
in APPPATH\Views\layout\header.php on line 45.
 1 APPPATH\Views\layout\header.php(45): CodeIgniter\Debug\Exceptions->errorHandler(8, 'Undefined variable: active', 'APPPATH\\Views\\layout\\header.php', 45, [])
 2 SYSTEMPATH\View\View.php(213): include('APPPATH\\Views\\layout\\header.php')
 3 SYSTEMPATH\View\View.php(216): CodeIgniter\View\View->CodeIgniter\View\{closure}()
 4 SYSTEMPATH\Common.php(1177): CodeIgniter\View\View->render('layout/header', [], true)
 5 APPPATH\Controllers\Home.php(19): view('layout/header')
 6 SYSTEMPATH\CodeIgniter.php(934): App\Controllers\Home->klinik()
 7 SYSTEMPATH\CodeIgniter.php(499): CodeIgniter\CodeIgniter->runController(Object(App\Controllers\Home))
 8 SYSTEMPATH\CodeIgniter.php(368): CodeIgniter\CodeIgniter->handleRequest(null, Object(Config\Cache), false)
 9 FCPATH\index.php(67): CodeIgniter\CodeIgniter->run()
10 SYSTEMPATH\Commands\Server\rewrite.php(47): require_once('FCPATH\\index.php')
CRITICAL - 2023-03-01 04:45:34 --> Undefined variable: active
in APPPATH\Views\layout\header.php on line 45.
 1 APPPATH\Views\layout\header.php(45): CodeIgniter\Debug\Exceptions->errorHandler(8, 'Undefined variable: active', 'APPPATH\\Views\\layout\\header.php', 45, [])
 2 SYSTEMPATH\View\View.php(213): include('APPPATH\\Views\\layout\\header.php')
 3 SYSTEMPATH\View\View.php(216): CodeIgniter\View\View->CodeIgniter\View\{closure}()
 4 SYSTEMPATH\Common.php(1177): CodeIgniter\View\View->render('layout/header', [], true)
 5 APPPATH\Controllers\Home.php(9): view('layout/header')
 6 SYSTEMPATH\CodeIgniter.php(934): App\Controllers\Home->index()
 7 SYSTEMPATH\CodeIgniter.php(499): CodeIgniter\CodeIgniter->runController(Object(App\Controllers\Home))
 8 SYSTEMPATH\CodeIgniter.php(368): CodeIgniter\CodeIgniter->handleRequest(null, Object(Config\Cache), false)
 9 FCPATH\index.php(67): CodeIgniter\CodeIgniter->run()
10 SYSTEMPATH\Commands\Server\rewrite.php(47): require_once('FCPATH\\index.php')
CRITICAL - 2023-03-01 04:45:49 --> Undefined variable: active
in APPPATH\Views\layout\header.php on line 45.
 1 APPPATH\Views\layout\header.php(45): CodeIgniter\Debug\Exceptions->errorHandler(8, 'Undefined variable: active', 'APPPATH\\Views\\layout\\header.php', 45, [])
 2 SYSTEMPATH\View\View.php(213): include('APPPATH\\Views\\layout\\header.php')
 3 SYSTEMPATH\View\View.php(216): CodeIgniter\View\View->CodeIgniter\View\{closure}()
 4 SYSTEMPATH\Common.php(1177): CodeIgniter\View\View->render('layout/header', [], true)
 5 APPPATH\Controllers\Home.php(9): view('layout/header')
 6 SYSTEMPATH\CodeIgniter.php(934): App\Controllers\Home->index()
 7 SYSTEMPATH\CodeIgniter.php(499): CodeIgniter\CodeIgniter->runController(Object(App\Controllers\Home))
 8 SYSTEMPATH\CodeIgniter.php(368): CodeIgniter\CodeIgniter->handleRequest(null, Object(Config\Cache), false)
 9 FCPATH\index.php(67): CodeIgniter\CodeIgniter->run()
10 SYSTEMPATH\Commands\Server\rewrite.php(47): require_once('FCPATH\\index.php')
CRITICAL - 2023-03-01 04:45:50 --> Undefined variable: active
in APPPATH\Views\layout\header.php on line 45.
 1 APPPATH\Views\layout\header.php(45): CodeIgniter\Debug\Exceptions->errorHandler(8, 'Undefined variable: active', 'APPPATH\\Views\\layout\\header.php', 45, [])
 2 SYSTEMPATH\View\View.php(213): include('APPPATH\\Views\\layout\\header.php')
 3 SYSTEMPATH\View\View.php(216): CodeIgniter\View\View->CodeIgniter\View\{closure}()
 4 SYSTEMPATH\Common.php(1177): CodeIgniter\View\View->render('layout/header', [], true)
 5 APPPATH\Controllers\Home.php(9): view('layout/header')
 6 SYSTEMPATH\CodeIgniter.php(934): App\Controllers\Home->index()
 7 SYSTEMPATH\CodeIgniter.php(499): CodeIgniter\CodeIgniter->runController(Object(App\Controllers\Home))
 8 SYSTEMPATH\CodeIgniter.php(368): CodeIgniter\CodeIgniter->handleRequest(null, Object(Config\Cache), false)
 9 FCPATH\index.php(67): CodeIgniter\CodeIgniter->run()
10 SYSTEMPATH\Commands\Server\rewrite.php(47): require_once('FCPATH\\index.php')
CRITICAL - 2023-03-01 04:46:48 --> Invalid file: "home.php"
in SYSTEMPATH\Exceptions\FrameworkException.php on line 33.
 1 SYSTEMPATH\View\View.php(201): CodeIgniter\Exceptions\FrameworkException::forInvalidFile('home.php')
 2 SYSTEMPATH\Common.php(1177): CodeIgniter\View\View->render('home', [], true)
 3 APPPATH\Controllers\Home.php(14): view('home', [...])
 4 SYSTEMPATH\CodeIgniter.php(934): App\Controllers\Home->index()
 5 SYSTEMPATH\CodeIgniter.php(499): CodeIgniter\CodeIgniter->runController(Object(App\Controllers\Home))
 6 SYSTEMPATH\CodeIgniter.php(368): CodeIgniter\CodeIgniter->handleRequest(null, Object(Config\Cache), false)
 7 FCPATH\index.php(67): CodeIgniter\CodeIgniter->run()
 8 SYSTEMPATH\Commands\Server\rewrite.php(47): require_once('FCPATH\\index.php')
